!SESSION 2017-08-13 19:32:29.558 -----------------------------------------------
eclipse.buildId=4.5.2.M20160212-1500
java.version=1.7.0_40
java.vendor=Oracle Corporation
BootLoader constants: OS=win32, ARCH=x86_64, WS=win32, NL=en_US
Framework arguments:  -product org.eclipse.epp.package.java.product
Command-line arguments:  -os win32 -ws win32 -arch x86_64 -product org.eclipse.epp.package.java.product

This is a continuation of log file C:\testautomation\.metadata\.bak_0.log
Created Time: 2017-08-13 21:28:16.671

!ENTRY org.eclipse.jdt.junit.core 4 4 2017-08-13 21:28:16.672
!MESSAGE Error
!STACK 0
java.lang.Exception: Unexpected TestElement type for testId '3': TestSuite: Scenario: Successful Login with Valid Credentials : Not Started - Undefined (4)
	at org.eclipse.jdt.internal.junit.model.TestRunSession$TestSessionNotifier.logUnexpectedTest(TestRunSession.java:737)
	at org.eclipse.jdt.internal.junit.model.TestRunSession$TestSessionNotifier.testStarted(TestRunSession.java:641)
	at org.eclipse.jdt.internal.junit.model.RemoteTestRunnerClient$5.run(RemoteTestRunnerClient.java:535)
	at org.eclipse.core.runtime.SafeRunner.run(SafeRunner.java:42)
	at org.eclipse.jdt.internal.junit.model.RemoteTestRunnerClient.notifyTestStarted(RemoteTestRunnerClient.java:532)
	at org.eclipse.jdt.internal.junit.model.RemoteTestRunnerClient.access$6(RemoteTestRunnerClient.java:527)
	at org.eclipse.jdt.internal.junit.model.RemoteTestRunnerClient$DefaultProcessingState.readMessage(RemoteTestRunnerClient.java:87)
	at org.eclipse.jdt.internal.junit.model.RemoteTestRunnerClient.receiveMessage(RemoteTestRunnerClient.java:375)
	at org.eclipse.jdt.internal.junit.model.RemoteTestRunnerClient.access$27(RemoteTestRunnerClient.java:374)
	at org.eclipse.jdt.internal.junit.model.RemoteTestRunnerClient$ServerConnection.run(RemoteTestRunnerClient.java:272)

!ENTRY org.eclipse.jdt.junit.core 4 4 2017-08-13 21:28:46.952
!MESSAGE Error
!STACK 0
java.lang.Exception: Unexpected TestElement type for testId '3': TestSuite: Scenario: Successful Login with Valid Credentials : Completed - Error (4)
	at org.eclipse.jdt.internal.junit.model.TestRunSession$TestSessionNotifier.logUnexpectedTest(TestRunSession.java:737)
	at org.eclipse.jdt.internal.junit.model.TestRunSession$TestSessionNotifier.testEnded(TestRunSession.java:667)
	at org.eclipse.jdt.internal.junit.model.RemoteTestRunnerClient$4.run(RemoteTestRunnerClient.java:521)
	at org.eclipse.core.runtime.SafeRunner.run(SafeRunner.java:42)
	at org.eclipse.jdt.internal.junit.model.RemoteTestRunnerClient.notifyTestEnded(RemoteTestRunnerClient.java:518)
	at org.eclipse.jdt.internal.junit.model.RemoteTestRunnerClient.access$7(RemoteTestRunnerClient.java:513)
	at org.eclipse.jdt.internal.junit.model.RemoteTestRunnerClient$DefaultProcessingState.readMessage(RemoteTestRunnerClient.java:91)
	at org.eclipse.jdt.internal.junit.model.RemoteTestRunnerClient.receiveMessage(RemoteTestRunnerClient.java:375)
	at org.eclipse.jdt.internal.junit.model.RemoteTestRunnerClient.access$27(RemoteTestRunnerClient.java:374)
	at org.eclipse.jdt.internal.junit.model.RemoteTestRunnerClient$ServerConnection.run(RemoteTestRunnerClient.java:272)

!ENTRY org.eclipse.jdt.junit.core 4 4 2017-08-13 21:28:46.963
!MESSAGE Error
!STACK 0
java.lang.Exception: Unexpected TestElement type for testId '8': TestSuite: Scenario: Successful LogOut : Not Started - Undefined (2)
	at org.eclipse.jdt.internal.junit.model.TestRunSession$TestSessionNotifier.logUnexpectedTest(TestRunSession.java:737)
	at org.eclipse.jdt.internal.junit.model.TestRunSession$TestSessionNotifier.testStarted(TestRunSession.java:641)
	at org.eclipse.jdt.internal.junit.model.RemoteTestRunnerClient$5.run(RemoteTestRunnerClient.java:535)
	at org.eclipse.core.runtime.SafeRunner.run(SafeRunner.java:42)
	at org.eclipse.jdt.internal.junit.model.RemoteTestRunnerClient.notifyTestStarted(RemoteTestRunnerClient.java:532)
	at org.eclipse.jdt.internal.junit.model.RemoteTestRunnerClient.access$6(RemoteTestRunnerClient.java:527)
	at org.eclipse.jdt.internal.junit.model.RemoteTestRunnerClient$DefaultProcessingState.readMessage(RemoteTestRunnerClient.java:87)
	at org.eclipse.jdt.internal.junit.model.RemoteTestRunnerClient.receiveMessage(RemoteTestRunnerClient.java:375)
	at org.eclipse.jdt.internal.junit.model.RemoteTestRunnerClient.access$27(RemoteTestRunnerClient.java:374)
	at org.eclipse.jdt.internal.junit.model.RemoteTestRunnerClient$ServerConnection.run(RemoteTestRunnerClient.java:272)

!ENTRY org.eclipse.jdt.junit.core 4 4 2017-08-13 21:28:52.703
!MESSAGE Error
!STACK 0
java.lang.Exception: Unexpected TestElement type for testId '8': TestSuite: Scenario: Successful LogOut : Completed - OK (2)
	at org.eclipse.jdt.internal.junit.model.TestRunSession$TestSessionNotifier.logUnexpectedTest(TestRunSession.java:737)
	at org.eclipse.jdt.internal.junit.model.TestRunSession$TestSessionNotifier.testEnded(TestRunSession.java:667)
	at org.eclipse.jdt.internal.junit.model.RemoteTestRunnerClient$4.run(RemoteTestRunnerClient.java:521)
	at org.eclipse.core.runtime.SafeRunner.run(SafeRunner.java:42)
	at org.eclipse.jdt.internal.junit.model.RemoteTestRunnerClient.notifyTestEnded(RemoteTestRunnerClient.java:518)
	at org.eclipse.jdt.internal.junit.model.RemoteTestRunnerClient.access$7(RemoteTestRunnerClient.java:513)
	at org.eclipse.jdt.internal.junit.model.RemoteTestRunnerClient$DefaultProcessingState.readMessage(RemoteTestRunnerClient.java:91)
	at org.eclipse.jdt.internal.junit.model.RemoteTestRunnerClient.receiveMessage(RemoteTestRunnerClient.java:375)
	at org.eclipse.jdt.internal.junit.model.RemoteTestRunnerClient.access$27(RemoteTestRunnerClient.java:374)
	at org.eclipse.jdt.internal.junit.model.RemoteTestRunnerClient$ServerConnection.run(RemoteTestRunnerClient.java:272)

!ENTRY org.eclipse.jdt.junit.core 4 4 2017-08-13 21:30:29.627
!MESSAGE Error
!STACK 0
java.lang.Exception: Unexpected TestElement type for testId '3': TestSuite: Scenario: Successful Login with Valid Credentials : Not Started - Undefined (4)
	at org.eclipse.jdt.internal.junit.model.TestRunSession$TestSessionNotifier.logUnexpectedTest(TestRunSession.java:737)
	at org.eclipse.jdt.internal.junit.model.TestRunSession$TestSessionNotifier.testStarted(TestRunSession.java:641)
	at org.eclipse.jdt.internal.junit.model.RemoteTestRunnerClient$5.run(RemoteTestRunnerClient.java:535)
	at org.eclipse.core.runtime.SafeRunner.run(SafeRunner.java:42)
	at org.eclipse.jdt.internal.junit.model.RemoteTestRunnerClient.notifyTestStarted(RemoteTestRunnerClient.java:532)
	at org.eclipse.jdt.internal.junit.model.RemoteTestRunnerClient.access$6(RemoteTestRunnerClient.java:527)
	at org.eclipse.jdt.internal.junit.model.RemoteTestRunnerClient$DefaultProcessingState.readMessage(RemoteTestRunnerClient.java:87)
	at org.eclipse.jdt.internal.junit.model.RemoteTestRunnerClient.receiveMessage(RemoteTestRunnerClient.java:375)
	at org.eclipse.jdt.internal.junit.model.RemoteTestRunnerClient.access$27(RemoteTestRunnerClient.java:374)
	at org.eclipse.jdt.internal.junit.model.RemoteTestRunnerClient$ServerConnection.run(RemoteTestRunnerClient.java:272)

!ENTRY org.eclipse.jdt.junit.core 4 4 2017-08-13 21:30:50.998
!MESSAGE Error
!STACK 0
java.lang.Exception: Unexpected TestElement type for testId '3': TestSuite: Scenario: Successful Login with Valid Credentials : Completed - Error (4)
	at org.eclipse.jdt.internal.junit.model.TestRunSession$TestSessionNotifier.logUnexpectedTest(TestRunSession.java:737)
	at org.eclipse.jdt.internal.junit.model.TestRunSession$TestSessionNotifier.testEnded(TestRunSession.java:667)
	at org.eclipse.jdt.internal.junit.model.RemoteTestRunnerClient$4.run(RemoteTestRunnerClient.java:521)
	at org.eclipse.core.runtime.SafeRunner.run(SafeRunner.java:42)
	at org.eclipse.jdt.internal.junit.model.RemoteTestRunnerClient.notifyTestEnded(RemoteTestRunnerClient.java:518)
	at org.eclipse.jdt.internal.junit.model.RemoteTestRunnerClient.access$7(RemoteTestRunnerClient.java:513)
	at org.eclipse.jdt.internal.junit.model.RemoteTestRunnerClient$DefaultProcessingState.readMessage(RemoteTestRunnerClient.java:91)
	at org.eclipse.jdt.internal.junit.model.RemoteTestRunnerClient.receiveMessage(RemoteTestRunnerClient.java:375)
	at org.eclipse.jdt.internal.junit.model.RemoteTestRunnerClient.access$27(RemoteTestRunnerClient.java:374)
	at org.eclipse.jdt.internal.junit.model.RemoteTestRunnerClient$ServerConnection.run(RemoteTestRunnerClient.java:272)

!ENTRY org.eclipse.jdt.junit.core 4 4 2017-08-13 21:30:51.002
!MESSAGE Error
!STACK 0
java.lang.Exception: Unexpected TestElement type for testId '8': TestSuite: Scenario: Successful LogOut : Not Started - Undefined (2)
	at org.eclipse.jdt.internal.junit.model.TestRunSession$TestSessionNotifier.logUnexpectedTest(TestRunSession.java:737)
	at org.eclipse.jdt.internal.junit.model.TestRunSession$TestSessionNotifier.testStarted(TestRunSession.java:641)
	at org.eclipse.jdt.internal.junit.model.RemoteTestRunnerClient$5.run(RemoteTestRunnerClient.java:535)
	at org.eclipse.core.runtime.SafeRunner.run(SafeRunner.java:42)
	at org.eclipse.jdt.internal.junit.model.RemoteTestRunnerClient.notifyTestStarted(RemoteTestRunnerClient.java:532)
	at org.eclipse.jdt.internal.junit.model.RemoteTestRunnerClient.access$6(RemoteTestRunnerClient.java:527)
	at org.eclipse.jdt.internal.junit.model.RemoteTestRunnerClient$DefaultProcessingState.readMessage(RemoteTestRunnerClient.java:87)
	at org.eclipse.jdt.internal.junit.model.RemoteTestRunnerClient.receiveMessage(RemoteTestRunnerClient.java:375)
	at org.eclipse.jdt.internal.junit.model.RemoteTestRunnerClient.access$27(RemoteTestRunnerClient.java:374)
	at org.eclipse.jdt.internal.junit.model.RemoteTestRunnerClient$ServerConnection.run(RemoteTestRunnerClient.java:272)

!ENTRY org.eclipse.jdt.junit.core 4 4 2017-08-13 21:31:01.111
!MESSAGE Error
!STACK 0
java.lang.Exception: Unexpected TestElement type for testId '8': TestSuite: Scenario: Successful LogOut : Completed - Error (2)
	at org.eclipse.jdt.internal.junit.model.TestRunSession$TestSessionNotifier.logUnexpectedTest(TestRunSession.java:737)
	at org.eclipse.jdt.internal.junit.model.TestRunSession$TestSessionNotifier.testEnded(TestRunSession.java:667)
	at org.eclipse.jdt.internal.junit.model.RemoteTestRunnerClient$4.run(RemoteTestRunnerClient.java:521)
	at org.eclipse.core.runtime.SafeRunner.run(SafeRunner.java:42)
	at org.eclipse.jdt.internal.junit.model.RemoteTestRunnerClient.notifyTestEnded(RemoteTestRunnerClient.java:518)
	at org.eclipse.jdt.internal.junit.model.RemoteTestRunnerClient.access$7(RemoteTestRunnerClient.java:513)
	at org.eclipse.jdt.internal.junit.model.RemoteTestRunnerClient$DefaultProcessingState.readMessage(RemoteTestRunnerClient.java:91)
	at org.eclipse.jdt.internal.junit.model.RemoteTestRunnerClient.receiveMessage(RemoteTestRunnerClient.java:375)
	at org.eclipse.jdt.internal.junit.model.RemoteTestRunnerClient.access$27(RemoteTestRunnerClient.java:374)
	at org.eclipse.jdt.internal.junit.model.RemoteTestRunnerClient$ServerConnection.run(RemoteTestRunnerClient.java:272)

!ENTRY org.eclipse.jdt.launching 4 124 2017-08-13 21:36:48.797
!MESSAGE Launch configuration LogIn_Test.feature references closed project TestAutomation

!ENTRY org.eclipse.ltk.ui.refactoring 4 10000 2017-08-13 21:37:02.844
!MESSAGE Internal Error
!STACK 1
org.eclipse.core.internal.resources.ResourceException: Problems encountered while deleting resources.
	at org.eclipse.core.internal.resources.Resource.delete(Resource.java:794)
	at org.eclipse.core.internal.resources.Project.delete(Project.java:323)
	at org.eclipse.ltk.core.refactoring.resource.DeleteResourceChange.perform(DeleteResourceChange.java:160)
	at org.eclipse.ltk.core.refactoring.CompositeChange.perform(CompositeChange.java:278)
	at org.eclipse.ltk.core.refactoring.CompositeChange.perform(CompositeChange.java:278)
	at org.eclipse.ltk.core.refactoring.PerformChangeOperation$1.run(PerformChangeOperation.java:258)
	at org.eclipse.core.internal.resources.Workspace.run(Workspace.java:2241)
	at org.eclipse.ltk.core.refactoring.PerformChangeOperation.executeChange(PerformChangeOperation.java:306)
	at org.eclipse.ltk.internal.ui.refactoring.UIPerformChangeOperation.executeChange(UIPerformChangeOperation.java:92)
	at org.eclipse.ltk.core.refactoring.PerformChangeOperation.run(PerformChangeOperation.java:218)
	at org.eclipse.core.internal.resources.Workspace.run(Workspace.java:2241)
	at org.eclipse.ltk.internal.ui.refactoring.WorkbenchRunnableAdapter.run(WorkbenchRunnableAdapter.java:87)
	at org.eclipse.jface.operation.ModalContext$ModalContextThread.run(ModalContext.java:119)
Contains: Could not delete '/TestAutomation'.
org.eclipse.core.runtime.CoreException: Problems encountered while deleting files.
	at org.eclipse.core.internal.filesystem.local.LocalFile.delete(LocalFile.java:135)
	at org.eclipse.core.internal.resources.ResourceTree.standardDeleteProject(ResourceTree.java:867)
	at org.eclipse.core.internal.resources.Resource.unprotectedDelete(Resource.java:1835)
	at org.eclipse.core.internal.resources.Resource.delete(Resource.java:781)
	at org.eclipse.core.internal.resources.Project.delete(Project.java:323)
	at org.eclipse.ltk.core.refactoring.resource.DeleteResourceChange.perform(DeleteResourceChange.java:160)
	at org.eclipse.ltk.core.refactoring.CompositeChange.perform(CompositeChange.java:278)
	at org.eclipse.ltk.core.refactoring.CompositeChange.perform(CompositeChange.java:278)
	at org.eclipse.ltk.core.refactoring.PerformChangeOperation$1.run(PerformChangeOperation.java:258)
	at org.eclipse.core.internal.resources.Workspace.run(Workspace.java:2241)
	at org.eclipse.ltk.core.refactoring.PerformChangeOperation.executeChange(PerformChangeOperation.java:306)
	at org.eclipse.ltk.internal.ui.refactoring.UIPerformChangeOperation.executeChange(UIPerformChangeOperation.java:92)
	at org.eclipse.ltk.core.refactoring.PerformChangeOperation.run(PerformChangeOperation.java:218)
	at org.eclipse.core.internal.resources.Workspace.run(Workspace.java:2241)
	at org.eclipse.ltk.internal.ui.refactoring.WorkbenchRunnableAdapter.run(WorkbenchRunnableAdapter.java:87)
	at org.eclipse.jface.operation.ModalContext$ModalContextThread.run(ModalContext.java:119)
Contains: Could not delete: C:\testautomation\TestAutomation\src\main\java\TestAutomation\Driver.
Contains: Could not delete: C:\testautomation\TestAutomation\src\main\java\TestAutomation.
Contains: Could not delete: C:\testautomation\TestAutomation\src\main\java.
Contains: Could not delete: C:\testautomation\TestAutomation\src\main.
Contains: Could not delete: C:\testautomation\TestAutomation\src.
!SUBENTRY 1 org.eclipse.core.resources 4 273 2017-08-13 21:37:02.846
!MESSAGE Problems encountered while deleting resources.
!SUBENTRY 2 org.eclipse.core.resources 4 273 2017-08-13 21:37:02.846
!MESSAGE Could not delete '/TestAutomation'.
!STACK 1
org.eclipse.core.runtime.CoreException: Problems encountered while deleting files.
	at org.eclipse.core.internal.filesystem.local.LocalFile.delete(LocalFile.java:135)
	at org.eclipse.core.internal.resources.ResourceTree.standardDeleteProject(ResourceTree.java:867)
	at org.eclipse.core.internal.resources.Resource.unprotectedDelete(Resource.java:1835)
	at org.eclipse.core.internal.resources.Resource.delete(Resource.java:781)
	at org.eclipse.core.internal.resources.Project.delete(Project.java:323)
	at org.eclipse.ltk.core.refactoring.resource.DeleteResourceChange.perform(DeleteResourceChange.java:160)
	at org.eclipse.ltk.core.refactoring.CompositeChange.perform(CompositeChange.java:278)
	at org.eclipse.ltk.core.refactoring.CompositeChange.perform(CompositeChange.java:278)
	at org.eclipse.ltk.core.refactoring.PerformChangeOperation$1.run(PerformChangeOperation.java:258)
	at org.eclipse.core.internal.resources.Workspace.run(Workspace.java:2241)
	at org.eclipse.ltk.core.refactoring.PerformChangeOperation.executeChange(PerformChangeOperation.java:306)
	at org.eclipse.ltk.internal.ui.refactoring.UIPerformChangeOperation.executeChange(UIPerformChangeOperation.java:92)
	at org.eclipse.ltk.core.refactoring.PerformChangeOperation.run(PerformChangeOperation.java:218)
	at org.eclipse.core.internal.resources.Workspace.run(Workspace.java:2241)
	at org.eclipse.ltk.internal.ui.refactoring.WorkbenchRunnableAdapter.run(WorkbenchRunnableAdapter.java:87)
	at org.eclipse.jface.operation.ModalContext$ModalContextThread.run(ModalContext.java:119)
Contains: Could not delete: C:\testautomation\TestAutomation\src\main\java\TestAutomation\Driver.
Contains: Could not delete: C:\testautomation\TestAutomation\src\main\java\TestAutomation.
Contains: Could not delete: C:\testautomation\TestAutomation\src\main\java.
Contains: Could not delete: C:\testautomation\TestAutomation\src\main.
Contains: Could not delete: C:\testautomation\TestAutomation\src.
!SUBENTRY 3 org.eclipse.core.filesystem 4 273 2017-08-13 21:37:02.846
!MESSAGE Problems encountered while deleting files.
!SUBENTRY 4 org.eclipse.core.filesystem 4 273 2017-08-13 21:37:02.846
!MESSAGE Could not delete: C:\testautomation\TestAutomation\src\main\java\TestAutomation\Driver.
!SUBENTRY 4 org.eclipse.core.filesystem 4 273 2017-08-13 21:37:02.846
!MESSAGE Could not delete: C:\testautomation\TestAutomation\src\main\java\TestAutomation.
!SUBENTRY 4 org.eclipse.core.filesystem 4 273 2017-08-13 21:37:02.846
!MESSAGE Could not delete: C:\testautomation\TestAutomation\src\main\java.
!SUBENTRY 4 org.eclipse.core.filesystem 4 273 2017-08-13 21:37:02.846
!MESSAGE Could not delete: C:\testautomation\TestAutomation\src\main.
!SUBENTRY 4 org.eclipse.core.filesystem 4 273 2017-08-13 21:37:02.846
!MESSAGE Could not delete: C:\testautomation\TestAutomation\src.

!ENTRY org.eclipse.jdt.junit.core 4 4 2017-08-13 21:37:37.552
!MESSAGE Error
!STACK 0
java.lang.Exception: Unexpected TestElement type for testId '3': TestSuite: Scenario: Successful Login with Valid Credentials : Not Started - Undefined (4)
	at org.eclipse.jdt.internal.junit.model.TestRunSession$TestSessionNotifier.logUnexpectedTest(TestRunSession.java:737)
	at org.eclipse.jdt.internal.junit.model.TestRunSession$TestSessionNotifier.testStarted(TestRunSession.java:641)
	at org.eclipse.jdt.internal.junit.model.RemoteTestRunnerClient$5.run(RemoteTestRunnerClient.java:535)
	at org.eclipse.core.runtime.SafeRunner.run(SafeRunner.java:42)
	at org.eclipse.jdt.internal.junit.model.RemoteTestRunnerClient.notifyTestStarted(RemoteTestRunnerClient.java:532)
	at org.eclipse.jdt.internal.junit.model.RemoteTestRunnerClient.access$6(RemoteTestRunnerClient.java:527)
	at org.eclipse.jdt.internal.junit.model.RemoteTestRunnerClient$DefaultProcessingState.readMessage(RemoteTestRunnerClient.java:87)
	at org.eclipse.jdt.internal.junit.model.RemoteTestRunnerClient.receiveMessage(RemoteTestRunnerClient.java:375)
	at org.eclipse.jdt.internal.junit.model.RemoteTestRunnerClient.access$27(RemoteTestRunnerClient.java:374)
	at org.eclipse.jdt.internal.junit.model.RemoteTestRunnerClient$ServerConnection.run(RemoteTestRunnerClient.java:272)

!ENTRY org.eclipse.jdt.junit.core 4 4 2017-08-13 21:37:59.020
!MESSAGE Error
!STACK 0
java.lang.Exception: Unexpected TestElement type for testId '3': TestSuite: Scenario: Successful Login with Valid Credentials : Completed - Error (4)
	at org.eclipse.jdt.internal.junit.model.TestRunSession$TestSessionNotifier.logUnexpectedTest(TestRunSession.java:737)
	at org.eclipse.jdt.internal.junit.model.TestRunSession$TestSessionNotifier.testEnded(TestRunSession.java:667)
	at org.eclipse.jdt.internal.junit.model.RemoteTestRunnerClient$4.run(RemoteTestRunnerClient.java:521)
	at org.eclipse.core.runtime.SafeRunner.run(SafeRunner.java:42)
	at org.eclipse.jdt.internal.junit.model.RemoteTestRunnerClient.notifyTestEnded(RemoteTestRunnerClient.java:518)
	at org.eclipse.jdt.internal.junit.model.RemoteTestRunnerClient.access$7(RemoteTestRunnerClient.java:513)
	at org.eclipse.jdt.internal.junit.model.RemoteTestRunnerClient$DefaultProcessingState.readMessage(RemoteTestRunnerClient.java:91)
	at org.eclipse.jdt.internal.junit.model.RemoteTestRunnerClient.receiveMessage(RemoteTestRunnerClient.java:375)
	at org.eclipse.jdt.internal.junit.model.RemoteTestRunnerClient.access$27(RemoteTestRunnerClient.java:374)
	at org.eclipse.jdt.internal.junit.model.RemoteTestRunnerClient$ServerConnection.run(RemoteTestRunnerClient.java:272)

!ENTRY org.eclipse.jdt.junit.core 4 4 2017-08-13 21:37:59.024
!MESSAGE Error
!STACK 0
java.lang.Exception: Unexpected TestElement type for testId '8': TestSuite: Scenario: Successful LogOut : Not Started - Undefined (2)
	at org.eclipse.jdt.internal.junit.model.TestRunSession$TestSessionNotifier.logUnexpectedTest(TestRunSession.java:737)
	at org.eclipse.jdt.internal.junit.model.TestRunSession$TestSessionNotifier.testStarted(TestRunSession.java:641)
	at org.eclipse.jdt.internal.junit.model.RemoteTestRunnerClient$5.run(RemoteTestRunnerClient.java:535)
	at org.eclipse.core.runtime.SafeRunner.run(SafeRunner.java:42)
	at org.eclipse.jdt.internal.junit.model.RemoteTestRunnerClient.notifyTestStarted(RemoteTestRunnerClient.java:532)
	at org.eclipse.jdt.internal.junit.model.RemoteTestRunnerClient.access$6(RemoteTestRunnerClient.java:527)
	at org.eclipse.jdt.internal.junit.model.RemoteTestRunnerClient$DefaultProcessingState.readMessage(RemoteTestRunnerClient.java:87)
	at org.eclipse.jdt.internal.junit.model.RemoteTestRunnerClient.receiveMessage(RemoteTestRunnerClient.java:375)
	at org.eclipse.jdt.internal.junit.model.RemoteTestRunnerClient.access$27(RemoteTestRunnerClient.java:374)
	at org.eclipse.jdt.internal.junit.model.RemoteTestRunnerClient$ServerConnection.run(RemoteTestRunnerClient.java:272)

!ENTRY org.eclipse.jdt.junit.core 4 4 2017-08-13 21:38:09.151
!MESSAGE Error
!STACK 0
java.lang.Exception: Unexpected TestElement type for testId '8': TestSuite: Scenario: Successful LogOut : Completed - Error (2)
	at org.eclipse.jdt.internal.junit.model.TestRunSession$TestSessionNotifier.logUnexpectedTest(TestRunSession.java:737)
	at org.eclipse.jdt.internal.junit.model.TestRunSession$TestSessionNotifier.testEnded(TestRunSession.java:667)
	at org.eclipse.jdt.internal.junit.model.RemoteTestRunnerClient$4.run(RemoteTestRunnerClient.java:521)
	at org.eclipse.core.runtime.SafeRunner.run(SafeRunner.java:42)
	at org.eclipse.jdt.internal.junit.model.RemoteTestRunnerClient.notifyTestEnded(RemoteTestRunnerClient.java:518)
	at org.eclipse.jdt.internal.junit.model.RemoteTestRunnerClient.access$7(RemoteTestRunnerClient.java:513)
	at org.eclipse.jdt.internal.junit.model.RemoteTestRunnerClient$DefaultProcessingState.readMessage(RemoteTestRunnerClient.java:91)
	at org.eclipse.jdt.internal.junit.model.RemoteTestRunnerClient.receiveMessage(RemoteTestRunnerClient.java:375)
	at org.eclipse.jdt.internal.junit.model.RemoteTestRunnerClient.access$27(RemoteTestRunnerClient.java:374)
	at org.eclipse.jdt.internal.junit.model.RemoteTestRunnerClient$ServerConnection.run(RemoteTestRunnerClient.java:272)

!ENTRY org.eclipse.equinox.p2.operations 4 0 2017-08-13 21:48:26.879
!MESSAGE Operation details
!SUBENTRY 1 org.eclipse.equinox.p2.director 4 10054 2017-08-13 21:48:26.879
!MESSAGE Cannot complete the install because of a conflicting dependency.
!SUBENTRY 2 org.eclipse.equinox.p2.director 4 0 2017-08-13 21:48:26.879
!MESSAGE Software being installed: Xtend IDE 2.12.0.v20170519-1412 (org.eclipse.xtend.sdk.feature.group 2.12.0.v20170519-1412)
!SUBENTRY 2 org.eclipse.equinox.p2.director 4 0 2017-08-13 21:48:26.880
!MESSAGE Software being installed: Xtext Redistributable 2.10.0.v201605250459 (org.eclipse.xtext.redist.feature.group 2.10.0.v201605250459)
!SUBENTRY 2 org.eclipse.equinox.p2.director 4 1 2017-08-13 21:48:26.880
!MESSAGE Only one of the following can be installed at once: 
!SUBENTRY 3 org.eclipse.equinox.p2.director 4 0 2017-08-13 21:48:26.880
!MESSAGE Xtext UI Core 2.4.0.v201303201134 (org.eclipse.xtext.ui 2.4.0.v201303201134)
!SUBENTRY 3 org.eclipse.equinox.p2.director 4 0 2017-08-13 21:48:26.880
!MESSAGE Xtext UI Core 2.1.1.v201111141332 (org.eclipse.xtext.ui 2.1.1.v201111141332)
!SUBENTRY 3 org.eclipse.equinox.p2.director 4 0 2017-08-13 21:48:26.880
!MESSAGE Xtext UI Core 2.5.2.v201402120812 (org.eclipse.xtext.ui 2.5.2.v201402120812)
!SUBENTRY 3 org.eclipse.equinox.p2.director 4 0 2017-08-13 21:48:26.880
!MESSAGE Xtext UI Core 2.8.2.v201504100559 (org.eclipse.xtext.ui 2.8.2.v201504100559)
!SUBENTRY 3 org.eclipse.equinox.p2.director 4 0 2017-08-13 21:48:26.880
!MESSAGE Xtext UI Core 2.3.1.v201208210947 (org.eclipse.xtext.ui 2.3.1.v201208210947)
!SUBENTRY 3 org.eclipse.equinox.p2.director 4 0 2017-08-13 21:48:26.880
!MESSAGE Xtext UI Core 2.4.2.v201306120542 (org.eclipse.xtext.ui 2.4.2.v201306120542)
!SUBENTRY 3 org.eclipse.equinox.p2.director 4 0 2017-08-13 21:48:26.880
!MESSAGE Xtext UI Core 2.10.0.v201605250459 (org.eclipse.xtext.ui 2.10.0.v201605250459)
!SUBENTRY 3 org.eclipse.equinox.p2.director 4 0 2017-08-13 21:48:26.880
!MESSAGE Xtext UI Core 2.9.1.v201512180746 (org.eclipse.xtext.ui 2.9.1.v201512180746)
!SUBENTRY 3 org.eclipse.equinox.p2.director 4 0 2017-08-13 21:48:26.880
!MESSAGE Xtext UI Core 2.0.1.v201108020636 (org.eclipse.xtext.ui 2.0.1.v201108020636)
!SUBENTRY 3 org.eclipse.equinox.p2.director 4 0 2017-08-13 21:48:26.880
!MESSAGE Xtext UI Core 2.11.0.v20170130-0818 (org.eclipse.xtext.ui 2.11.0.v20170130-0818)
!SUBENTRY 3 org.eclipse.equinox.p2.director 4 0 2017-08-13 21:48:26.880
!MESSAGE Xtext UI Core 2.8.3.v201506010551 (org.eclipse.xtext.ui 2.8.3.v201506010551)
!SUBENTRY 3 org.eclipse.equinox.p2.director 4 0 2017-08-13 21:48:26.880
!MESSAGE Xtext UI Core 2.4.3.v201309030823 (org.eclipse.xtext.ui 2.4.3.v201309030823)
!SUBENTRY 3 org.eclipse.equinox.p2.director 4 0 2017-08-13 21:48:26.880
!MESSAGE Xtext UI Core 2.7.3.v201411190455 (org.eclipse.xtext.ui 2.7.3.v201411190455)
!SUBENTRY 3 org.eclipse.equinox.p2.director 4 0 2017-08-13 21:48:26.880
!MESSAGE Xtext UI Core 2.8.0.v201503090534 (org.eclipse.xtext.ui 2.8.0.v201503090534)
!SUBENTRY 3 org.eclipse.equinox.p2.director 4 0 2017-08-13 21:48:26.880
!MESSAGE Xtext UI Core 2.6.0.v201405210727 (org.eclipse.xtext.ui 2.6.0.v201405210727)
!SUBENTRY 3 org.eclipse.equinox.p2.director 4 0 2017-08-13 21:48:26.881
!MESSAGE Xtext UI Core 2.5.0.v201312110906 (org.eclipse.xtext.ui 2.5.0.v201312110906)
!SUBENTRY 3 org.eclipse.equinox.p2.director 4 0 2017-08-13 21:48:26.881
!MESSAGE Xtext UI Core 2.9.2.v201603040440 (org.eclipse.xtext.ui 2.9.2.v201603040440)
!SUBENTRY 3 org.eclipse.equinox.p2.director 4 0 2017-08-13 21:48:26.881
!MESSAGE Xtext UI Core 2.9.0.v201512010527 (org.eclipse.xtext.ui 2.9.0.v201512010527)
!SUBENTRY 3 org.eclipse.equinox.p2.director 4 0 2017-08-13 21:48:26.881
!MESSAGE Xtext UI Core 2.6.2.v201407030533 (org.eclipse.xtext.ui 2.6.2.v201407030533)
!SUBENTRY 3 org.eclipse.equinox.p2.director 4 0 2017-08-13 21:48:26.881
!MESSAGE Xtext UI Core 1.0.2.v201102150722 (org.eclipse.xtext.ui 1.0.2.v201102150722)
!SUBENTRY 3 org.eclipse.equinox.p2.director 4 0 2017-08-13 21:48:26.881
!MESSAGE Xtext UI Core 2.6.1.v201406120726 (org.eclipse.xtext.ui 2.6.1.v201406120726)
!SUBENTRY 3 org.eclipse.equinox.p2.director 4 0 2017-08-13 21:48:26.881
!MESSAGE Xtext UI Core 2.7.1.v201409090713 (org.eclipse.xtext.ui 2.7.1.v201409090713)
!SUBENTRY 3 org.eclipse.equinox.p2.director 4 0 2017-08-13 21:48:26.881
!MESSAGE Xtext UI Core 2.12.0.v20170519-0809 (org.eclipse.xtext.ui 2.12.0.v20170519-0809)
!SUBENTRY 3 org.eclipse.equinox.p2.director 4 0 2017-08-13 21:48:26.881
!MESSAGE Xtext UI Core 2.3.0.v201206120633 (org.eclipse.xtext.ui 2.3.0.v201206120633)
!SUBENTRY 3 org.eclipse.equinox.p2.director 4 0 2017-08-13 21:48:26.881
!MESSAGE Xtext UI Core 2.4.1.v201304180855 (org.eclipse.xtext.ui 2.4.1.v201304180855)
!SUBENTRY 3 org.eclipse.equinox.p2.director 4 0 2017-08-13 21:48:26.881
!MESSAGE Xtext UI Core 2.7.2.v201409160908 (org.eclipse.xtext.ui 2.7.2.v201409160908)
!SUBENTRY 3 org.eclipse.equinox.p2.director 4 0 2017-08-13 21:48:26.881
!MESSAGE Xtext UI Core 2.2.1.v201112130541 (org.eclipse.xtext.ui 2.2.1.v201112130541)
!SUBENTRY 3 org.eclipse.equinox.p2.director 4 0 2017-08-13 21:48:26.881
!MESSAGE Xtext UI Core 2.5.1.v201402030714 (org.eclipse.xtext.ui 2.5.1.v201402030714)
!SUBENTRY 3 org.eclipse.equinox.p2.director 4 0 2017-08-13 21:48:26.881
!MESSAGE Xtext UI Core 2.8.4.v201508050135 (org.eclipse.xtext.ui 2.8.4.v201508050135)
!SUBENTRY 3 org.eclipse.equinox.p2.director 4 0 2017-08-13 21:48:26.881
!MESSAGE Xtext UI Core 2.5.4.v201404100756 (org.eclipse.xtext.ui 2.5.4.v201404100756)
!SUBENTRY 3 org.eclipse.equinox.p2.director 4 0 2017-08-13 21:48:26.881
!MESSAGE Xtext UI Core 2.5.3.v201402240820 (org.eclipse.xtext.ui 2.5.3.v201402240820)
!SUBENTRY 3 org.eclipse.equinox.p2.director 4 0 2017-08-13 21:48:26.882
!MESSAGE Xtext UI Core 2.7.0.v201409021032 (org.eclipse.xtext.ui 2.7.0.v201409021032)
!SUBENTRY 3 org.eclipse.equinox.p2.director 4 0 2017-08-13 21:48:26.882
!MESSAGE Xtext UI Core 2.8.1.v201503230617 (org.eclipse.xtext.ui 2.8.1.v201503230617)
!SUBENTRY 2 org.eclipse.equinox.p2.director 4 1 2017-08-13 21:48:26.882
!MESSAGE Cannot satisfy dependency:
!SUBENTRY 3 org.eclipse.equinox.p2.director 4 0 2017-08-13 21:48:26.882
!MESSAGE From: Xtend IDE 2.12.0.v20170519-1412 (org.eclipse.xtend.sdk.feature.group 2.12.0.v20170519-1412)
!SUBENTRY 3 org.eclipse.equinox.p2.director 4 0 2017-08-13 21:48:26.882
!MESSAGE To: org.eclipse.xtext.ui.feature.group [2.12.0,2.13.0)
!SUBENTRY 2 org.eclipse.equinox.p2.director 4 1 2017-08-13 21:48:26.882
!MESSAGE Cannot satisfy dependency:
!SUBENTRY 3 org.eclipse.equinox.p2.director 4 0 2017-08-13 21:48:26.882
!MESSAGE From: Xtext Redistributable 2.10.0.v201605250459 (org.eclipse.xtext.redist.feature.group 2.10.0.v201605250459)
!SUBENTRY 3 org.eclipse.equinox.p2.director 4 0 2017-08-13 21:48:26.882
!MESSAGE To: org.eclipse.xtext.ui [2.10.0.v201605250459]
!SUBENTRY 2 org.eclipse.equinox.p2.director 4 1 2017-08-13 21:48:26.882
!MESSAGE Cannot satisfy dependency:
!SUBENTRY 3 org.eclipse.equinox.p2.director 4 0 2017-08-13 21:48:26.882
!MESSAGE From: Xtext UI 2.12.0.v20170519-1412 (org.eclipse.xtext.ui.feature.group 2.12.0.v20170519-1412)
!SUBENTRY 3 org.eclipse.equinox.p2.director 4 0 2017-08-13 21:48:26.882
!MESSAGE To: org.eclipse.xtext.ui [2.12.0.v20170519-0809]

!ENTRY org.eclipse.equinox.p2.operations 4 0 2017-08-13 21:48:26.905
!MESSAGE Operation details
!SUBENTRY 1 org.eclipse.equinox.p2.director 4 10054 2017-08-13 21:48:26.905
!MESSAGE Cannot complete the install because of a conflicting dependency.
!SUBENTRY 2 org.eclipse.equinox.p2.director 4 0 2017-08-13 21:48:26.905
!MESSAGE Software being installed: Xtend IDE 2.12.0.v20170519-1412 (org.eclipse.xtend.sdk.feature.group 2.12.0.v20170519-1412)
!SUBENTRY 2 org.eclipse.equinox.p2.director 4 0 2017-08-13 21:48:26.905
!MESSAGE Software being installed: Xtext Redistributable 2.10.0.v201605250459 (org.eclipse.xtext.redist.feature.group 2.10.0.v201605250459)
!SUBENTRY 2 org.eclipse.equinox.p2.director 4 1 2017-08-13 21:48:26.905
!MESSAGE Only one of the following can be installed at once: 
!SUBENTRY 3 org.eclipse.equinox.p2.director 4 0 2017-08-13 21:48:26.905
!MESSAGE Xtext UI Core 2.4.0.v201303201134 (org.eclipse.xtext.ui 2.4.0.v201303201134)
!SUBENTRY 3 org.eclipse.equinox.p2.director 4 0 2017-08-13 21:48:26.905
!MESSAGE Xtext UI Core 2.1.1.v201111141332 (org.eclipse.xtext.ui 2.1.1.v201111141332)
!SUBENTRY 3 org.eclipse.equinox.p2.director 4 0 2017-08-13 21:48:26.905
!MESSAGE Xtext UI Core 2.5.2.v201402120812 (org.eclipse.xtext.ui 2.5.2.v201402120812)
!SUBENTRY 3 org.eclipse.equinox.p2.director 4 0 2017-08-13 21:48:26.905
!MESSAGE Xtext UI Core 2.8.2.v201504100559 (org.eclipse.xtext.ui 2.8.2.v201504100559)
!SUBENTRY 3 org.eclipse.equinox.p2.director 4 0 2017-08-13 21:48:26.905
!MESSAGE Xtext UI Core 2.3.1.v201208210947 (org.eclipse.xtext.ui 2.3.1.v201208210947)
!SUBENTRY 3 org.eclipse.equinox.p2.director 4 0 2017-08-13 21:48:26.905
!MESSAGE Xtext UI Core 2.4.2.v201306120542 (org.eclipse.xtext.ui 2.4.2.v201306120542)
!SUBENTRY 3 org.eclipse.equinox.p2.director 4 0 2017-08-13 21:48:26.905
!MESSAGE Xtext UI Core 2.10.0.v201605250459 (org.eclipse.xtext.ui 2.10.0.v201605250459)
!SUBENTRY 3 org.eclipse.equinox.p2.director 4 0 2017-08-13 21:48:26.905
!MESSAGE Xtext UI Core 2.9.1.v201512180746 (org.eclipse.xtext.ui 2.9.1.v201512180746)
!SUBENTRY 3 org.eclipse.equinox.p2.director 4 0 2017-08-13 21:48:26.905
!MESSAGE Xtext UI Core 2.0.1.v201108020636 (org.eclipse.xtext.ui 2.0.1.v201108020636)
!SUBENTRY 3 org.eclipse.equinox.p2.director 4 0 2017-08-13 21:48:26.905
!MESSAGE Xtext UI Core 2.11.0.v20170130-0818 (org.eclipse.xtext.ui 2.11.0.v20170130-0818)
!SUBENTRY 3 org.eclipse.equinox.p2.director 4 0 2017-08-13 21:48:26.905
!MESSAGE Xtext UI Core 2.8.3.v201506010551 (org.eclipse.xtext.ui 2.8.3.v201506010551)
!SUBENTRY 3 org.eclipse.equinox.p2.director 4 0 2017-08-13 21:48:26.905
!MESSAGE Xtext UI Core 2.4.3.v201309030823 (org.eclipse.xtext.ui 2.4.3.v201309030823)
!SUBENTRY 3 org.eclipse.equinox.p2.director 4 0 2017-08-13 21:48:26.906
!MESSAGE Xtext UI Core 2.7.3.v201411190455 (org.eclipse.xtext.ui 2.7.3.v201411190455)
!SUBENTRY 3 org.eclipse.equinox.p2.director 4 0 2017-08-13 21:48:26.906
!MESSAGE Xtext UI Core 2.8.0.v201503090534 (org.eclipse.xtext.ui 2.8.0.v201503090534)
!SUBENTRY 3 org.eclipse.equinox.p2.director 4 0 2017-08-13 21:48:26.906
!MESSAGE Xtext UI Core 2.6.0.v201405210727 (org.eclipse.xtext.ui 2.6.0.v201405210727)
!SUBENTRY 3 org.eclipse.equinox.p2.director 4 0 2017-08-13 21:48:26.906
!MESSAGE Xtext UI Core 2.5.0.v201312110906 (org.eclipse.xtext.ui 2.5.0.v201312110906)
!SUBENTRY 3 org.eclipse.equinox.p2.director 4 0 2017-08-13 21:48:26.906
!MESSAGE Xtext UI Core 2.9.2.v201603040440 (org.eclipse.xtext.ui 2.9.2.v201603040440)
!SUBENTRY 3 org.eclipse.equinox.p2.director 4 0 2017-08-13 21:48:26.906
!MESSAGE Xtext UI Core 2.9.0.v201512010527 (org.eclipse.xtext.ui 2.9.0.v201512010527)
!SUBENTRY 3 org.eclipse.equinox.p2.director 4 0 2017-08-13 21:48:26.906
!MESSAGE Xtext UI Core 2.6.2.v201407030533 (org.eclipse.xtext.ui 2.6.2.v201407030533)
!SUBENTRY 3 org.eclipse.equinox.p2.director 4 0 2017-08-13 21:48:26.906
!MESSAGE Xtext UI Core 1.0.2.v201102150722 (org.eclipse.xtext.ui 1.0.2.v201102150722)
!SUBENTRY 3 org.eclipse.equinox.p2.director 4 0 2017-08-13 21:48:26.906
!MESSAGE Xtext UI Core 2.6.1.v201406120726 (org.eclipse.xtext.ui 2.6.1.v201406120726)
!SUBENTRY 3 org.eclipse.equinox.p2.director 4 0 2017-08-13 21:48:26.906
!MESSAGE Xtext UI Core 2.7.1.v201409090713 (org.eclipse.xtext.ui 2.7.1.v201409090713)
!SUBENTRY 3 org.eclipse.equinox.p2.director 4 0 2017-08-13 21:48:26.906
!MESSAGE Xtext UI Core 2.12.0.v20170519-0809 (org.eclipse.xtext.ui 2.12.0.v20170519-0809)
!SUBENTRY 3 org.eclipse.equinox.p2.director 4 0 2017-08-13 21:48:26.906
!MESSAGE Xtext UI Core 2.3.0.v201206120633 (org.eclipse.xtext.ui 2.3.0.v201206120633)
!SUBENTRY 3 org.eclipse.equinox.p2.director 4 0 2017-08-13 21:48:26.906
!MESSAGE Xtext UI Core 2.4.1.v201304180855 (org.eclipse.xtext.ui 2.4.1.v201304180855)
!SUBENTRY 3 org.eclipse.equinox.p2.director 4 0 2017-08-13 21:48:26.906
!MESSAGE Xtext UI Core 2.7.2.v201409160908 (org.eclipse.xtext.ui 2.7.2.v201409160908)
!SUBENTRY 3 org.eclipse.equinox.p2.director 4 0 2017-08-13 21:48:26.906
!MESSAGE Xtext UI Core 2.2.1.v201112130541 (org.eclipse.xtext.ui 2.2.1.v201112130541)
!SUBENTRY 3 org.eclipse.equinox.p2.director 4 0 2017-08-13 21:48:26.906
!MESSAGE Xtext UI Core 2.5.1.v201402030714 (org.eclipse.xtext.ui 2.5.1.v201402030714)
!SUBENTRY 3 org.eclipse.equinox.p2.director 4 0 2017-08-13 21:48:26.906
!MESSAGE Xtext UI Core 2.8.4.v201508050135 (org.eclipse.xtext.ui 2.8.4.v201508050135)
!SUBENTRY 3 org.eclipse.equinox.p2.director 4 0 2017-08-13 21:48:26.906
!MESSAGE Xtext UI Core 2.5.4.v201404100756 (org.eclipse.xtext.ui 2.5.4.v201404100756)
!SUBENTRY 3 org.eclipse.equinox.p2.director 4 0 2017-08-13 21:48:26.906
!MESSAGE Xtext UI Core 2.5.3.v201402240820 (org.eclipse.xtext.ui 2.5.3.v201402240820)
!SUBENTRY 3 org.eclipse.equinox.p2.director 4 0 2017-08-13 21:48:26.906
!MESSAGE Xtext UI Core 2.7.0.v201409021032 (org.eclipse.xtext.ui 2.7.0.v201409021032)
!SUBENTRY 3 org.eclipse.equinox.p2.director 4 0 2017-08-13 21:48:26.906
!MESSAGE Xtext UI Core 2.8.1.v201503230617 (org.eclipse.xtext.ui 2.8.1.v201503230617)
!SUBENTRY 2 org.eclipse.equinox.p2.director 4 1 2017-08-13 21:48:26.906
!MESSAGE Cannot satisfy dependency:
!SUBENTRY 3 org.eclipse.equinox.p2.director 4 0 2017-08-13 21:48:26.906
!MESSAGE From: Xtend IDE 2.12.0.v20170519-1412 (org.eclipse.xtend.sdk.feature.group 2.12.0.v20170519-1412)
!SUBENTRY 3 org.eclipse.equinox.p2.director 4 0 2017-08-13 21:48:26.906
!MESSAGE To: org.eclipse.xtext.ui.feature.group [2.12.0,2.13.0)
!SUBENTRY 2 org.eclipse.equinox.p2.director 4 1 2017-08-13 21:48:26.906
!MESSAGE Cannot satisfy dependency:
!SUBENTRY 3 org.eclipse.equinox.p2.director 4 0 2017-08-13 21:48:26.907
!MESSAGE From: Xtext Redistributable 2.10.0.v201605250459 (org.eclipse.xtext.redist.feature.group 2.10.0.v201605250459)
!SUBENTRY 3 org.eclipse.equinox.p2.director 4 0 2017-08-13 21:48:26.907
!MESSAGE To: org.eclipse.xtext.ui [2.10.0.v201605250459]
!SUBENTRY 2 org.eclipse.equinox.p2.director 4 1 2017-08-13 21:48:26.907
!MESSAGE Cannot satisfy dependency:
!SUBENTRY 3 org.eclipse.equinox.p2.director 4 0 2017-08-13 21:48:26.907
!MESSAGE From: Xtext UI 2.12.0.v20170519-1412 (org.eclipse.xtext.ui.feature.group 2.12.0.v20170519-1412)
!SUBENTRY 3 org.eclipse.equinox.p2.director 4 0 2017-08-13 21:48:26.907
!MESSAGE To: org.eclipse.xtext.ui [2.12.0.v20170519-0809]

!ENTRY org.eclipse.equinox.p2.operations 4 0 2017-08-13 21:48:26.945
!MESSAGE Operation details
!SUBENTRY 1 org.eclipse.equinox.p2.director 4 10054 2017-08-13 21:48:26.945
!MESSAGE Cannot complete the install because of a conflicting dependency.
!SUBENTRY 2 org.eclipse.equinox.p2.director 4 0 2017-08-13 21:48:26.945
!MESSAGE Software being installed: Xtend IDE 2.12.0.v20170519-1412 (org.eclipse.xtend.sdk.feature.group 2.12.0.v20170519-1412)
!SUBENTRY 2 org.eclipse.equinox.p2.director 4 0 2017-08-13 21:48:26.945
!MESSAGE Software being installed: Xtext Redistributable 2.10.0.v201605250459 (org.eclipse.xtext.redist.feature.group 2.10.0.v201605250459)
!SUBENTRY 2 org.eclipse.equinox.p2.director 4 1 2017-08-13 21:48:26.945
!MESSAGE Only one of the following can be installed at once: 
!SUBENTRY 3 org.eclipse.equinox.p2.director 4 0 2017-08-13 21:48:26.946
!MESSAGE Xtext UI Core 2.4.0.v201303201134 (org.eclipse.xtext.ui 2.4.0.v201303201134)
!SUBENTRY 3 org.eclipse.equinox.p2.director 4 0 2017-08-13 21:48:26.946
!MESSAGE Xtext UI Core 2.1.1.v201111141332 (org.eclipse.xtext.ui 2.1.1.v201111141332)
!SUBENTRY 3 org.eclipse.equinox.p2.director 4 0 2017-08-13 21:48:26.946
!MESSAGE Xtext UI Core 2.5.2.v201402120812 (org.eclipse.xtext.ui 2.5.2.v201402120812)
!SUBENTRY 3 org.eclipse.equinox.p2.director 4 0 2017-08-13 21:48:26.946
!MESSAGE Xtext UI Core 2.8.2.v201504100559 (org.eclipse.xtext.ui 2.8.2.v201504100559)
!SUBENTRY 3 org.eclipse.equinox.p2.director 4 0 2017-08-13 21:48:26.946
!MESSAGE Xtext UI Core 2.3.1.v201208210947 (org.eclipse.xtext.ui 2.3.1.v201208210947)
!SUBENTRY 3 org.eclipse.equinox.p2.director 4 0 2017-08-13 21:48:26.946
!MESSAGE Xtext UI Core 2.4.2.v201306120542 (org.eclipse.xtext.ui 2.4.2.v201306120542)
!SUBENTRY 3 org.eclipse.equinox.p2.director 4 0 2017-08-13 21:48:26.946
!MESSAGE Xtext UI Core 2.10.0.v201605250459 (org.eclipse.xtext.ui 2.10.0.v201605250459)
!SUBENTRY 3 org.eclipse.equinox.p2.director 4 0 2017-08-13 21:48:26.946
!MESSAGE Xtext UI Core 2.9.1.v201512180746 (org.eclipse.xtext.ui 2.9.1.v201512180746)
!SUBENTRY 3 org.eclipse.equinox.p2.director 4 0 2017-08-13 21:48:26.946
!MESSAGE Xtext UI Core 2.0.1.v201108020636 (org.eclipse.xtext.ui 2.0.1.v201108020636)
!SUBENTRY 3 org.eclipse.equinox.p2.director 4 0 2017-08-13 21:48:26.946
!MESSAGE Xtext UI Core 2.11.0.v20170130-0818 (org.eclipse.xtext.ui 2.11.0.v20170130-0818)
!SUBENTRY 3 org.eclipse.equinox.p2.director 4 0 2017-08-13 21:48:26.946
!MESSAGE Xtext UI Core 2.8.3.v201506010551 (org.eclipse.xtext.ui 2.8.3.v201506010551)
!SUBENTRY 3 org.eclipse.equinox.p2.director 4 0 2017-08-13 21:48:26.946
!MESSAGE Xtext UI Core 2.4.3.v201309030823 (org.eclipse.xtext.ui 2.4.3.v201309030823)
!SUBENTRY 3 org.eclipse.equinox.p2.director 4 0 2017-08-13 21:48:26.946
!MESSAGE Xtext UI Core 2.7.3.v201411190455 (org.eclipse.xtext.ui 2.7.3.v201411190455)
!SUBENTRY 3 org.eclipse.equinox.p2.director 4 0 2017-08-13 21:48:26.946
!MESSAGE Xtext UI Core 2.8.0.v201503090534 (org.eclipse.xtext.ui 2.8.0.v201503090534)
!SUBENTRY 3 org.eclipse.equinox.p2.director 4 0 2017-08-13 21:48:26.946
!MESSAGE Xtext UI Core 2.6.0.v201405210727 (org.eclipse.xtext.ui 2.6.0.v201405210727)
!SUBENTRY 3 org.eclipse.equinox.p2.director 4 0 2017-08-13 21:48:26.946
!MESSAGE Xtext UI Core 2.5.0.v201312110906 (org.eclipse.xtext.ui 2.5.0.v201312110906)
!SUBENTRY 3 org.eclipse.equinox.p2.director 4 0 2017-08-13 21:48:26.946
!MESSAGE Xtext UI Core 2.9.2.v201603040440 (org.eclipse.xtext.ui 2.9.2.v201603040440)
!SUBENTRY 3 org.eclipse.equinox.p2.director 4 0 2017-08-13 21:48:26.947
!MESSAGE Xtext UI Core 2.9.0.v201512010527 (org.eclipse.xtext.ui 2.9.0.v201512010527)
!SUBENTRY 3 org.eclipse.equinox.p2.director 4 0 2017-08-13 21:48:26.947
!MESSAGE Xtext UI Core 2.6.2.v201407030533 (org.eclipse.xtext.ui 2.6.2.v201407030533)
!SUBENTRY 3 org.eclipse.equinox.p2.director 4 0 2017-08-13 21:48:26.947
!MESSAGE Xtext UI Core 1.0.2.v201102150722 (org.eclipse.xtext.ui 1.0.2.v201102150722)
!SUBENTRY 3 org.eclipse.equinox.p2.director 4 0 2017-08-13 21:48:26.947
!MESSAGE Xtext UI Core 2.6.1.v201406120726 (org.eclipse.xtext.ui 2.6.1.v201406120726)
!SUBENTRY 3 org.eclipse.equinox.p2.director 4 0 2017-08-13 21:48:26.947
!MESSAGE Xtext UI Core 2.7.1.v201409090713 (org.eclipse.xtext.ui 2.7.1.v201409090713)
!SUBENTRY 3 org.eclipse.equinox.p2.director 4 0 2017-08-13 21:48:26.947
!MESSAGE Xtext UI Core 2.12.0.v20170519-0809 (org.eclipse.xtext.ui 2.12.0.v20170519-0809)
!SUBENTRY 3 org.eclipse.equinox.p2.director 4 0 2017-08-13 21:48:26.947
!MESSAGE Xtext UI Core 2.3.0.v201206120633 (org.eclipse.xtext.ui 2.3.0.v201206120633)
!SUBENTRY 3 org.eclipse.equinox.p2.director 4 0 2017-08-13 21:48:26.947
!MESSAGE Xtext UI Core 2.4.1.v201304180855 (org.eclipse.xtext.ui 2.4.1.v201304180855)
!SUBENTRY 3 org.eclipse.equinox.p2.director 4 0 2017-08-13 21:48:26.947
!MESSAGE Xtext UI Core 2.7.2.v201409160908 (org.eclipse.xtext.ui 2.7.2.v201409160908)
!SUBENTRY 3 org.eclipse.equinox.p2.director 4 0 2017-08-13 21:48:26.947
!MESSAGE Xtext UI Core 2.2.1.v201112130541 (org.eclipse.xtext.ui 2.2.1.v201112130541)
!SUBENTRY 3 org.eclipse.equinox.p2.director 4 0 2017-08-13 21:48:26.947
!MESSAGE Xtext UI Core 2.5.1.v201402030714 (org.eclipse.xtext.ui 2.5.1.v201402030714)
!SUBENTRY 3 org.eclipse.equinox.p2.director 4 0 2017-08-13 21:48:26.947
!MESSAGE Xtext UI Core 2.8.4.v201508050135 (org.eclipse.xtext.ui 2.8.4.v201508050135)
!SUBENTRY 3 org.eclipse.equinox.p2.director 4 0 2017-08-13 21:48:26.947
!MESSAGE Xtext UI Core 2.5.4.v201404100756 (org.eclipse.xtext.ui 2.5.4.v201404100756)
!SUBENTRY 3 org.eclipse.equinox.p2.director 4 0 2017-08-13 21:48:26.947
!MESSAGE Xtext UI Core 2.5.3.v201402240820 (org.eclipse.xtext.ui 2.5.3.v201402240820)
!SUBENTRY 3 org.eclipse.equinox.p2.director 4 0 2017-08-13 21:48:26.947
!MESSAGE Xtext UI Core 2.7.0.v201409021032 (org.eclipse.xtext.ui 2.7.0.v201409021032)
!SUBENTRY 3 org.eclipse.equinox.p2.director 4 0 2017-08-13 21:48:26.948
!MESSAGE Xtext UI Core 2.8.1.v201503230617 (org.eclipse.xtext.ui 2.8.1.v201503230617)
!SUBENTRY 2 org.eclipse.equinox.p2.director 4 1 2017-08-13 21:48:26.948
!MESSAGE Cannot satisfy dependency:
!SUBENTRY 3 org.eclipse.equinox.p2.director 4 0 2017-08-13 21:48:26.948
!MESSAGE From: Xtend IDE 2.12.0.v20170519-1412 (org.eclipse.xtend.sdk.feature.group 2.12.0.v20170519-1412)
!SUBENTRY 3 org.eclipse.equinox.p2.director 4 0 2017-08-13 21:48:26.948
!MESSAGE To: org.eclipse.xtext.ui.feature.group [2.12.0,2.13.0)
!SUBENTRY 2 org.eclipse.equinox.p2.director 4 1 2017-08-13 21:48:26.948
!MESSAGE Cannot satisfy dependency:
!SUBENTRY 3 org.eclipse.equinox.p2.director 4 0 2017-08-13 21:48:26.948
!MESSAGE From: Xtext Redistributable 2.10.0.v201605250459 (org.eclipse.xtext.redist.feature.group 2.10.0.v201605250459)
!SUBENTRY 3 org.eclipse.equinox.p2.director 4 0 2017-08-13 21:48:26.948
!MESSAGE To: org.eclipse.xtext.ui [2.10.0.v201605250459]
!SUBENTRY 2 org.eclipse.equinox.p2.director 4 1 2017-08-13 21:48:26.948
!MESSAGE Cannot satisfy dependency:
!SUBENTRY 3 org.eclipse.equinox.p2.director 4 0 2017-08-13 21:48:26.948
!MESSAGE From: Xtext UI 2.12.0.v20170519-1412 (org.eclipse.xtext.ui.feature.group 2.12.0.v20170519-1412)
!SUBENTRY 3 org.eclipse.equinox.p2.director 4 0 2017-08-13 21:48:26.948
!MESSAGE To: org.eclipse.xtext.ui [2.12.0.v20170519-0809]

!ENTRY org.eclipse.equinox.p2.operations 4 0 2017-08-13 21:48:26.951
!MESSAGE Operation details
!SUBENTRY 1 org.eclipse.equinox.p2.director 4 10054 2017-08-13 21:48:26.951
!MESSAGE Cannot complete the install because of a conflicting dependency.
!SUBENTRY 2 org.eclipse.equinox.p2.director 4 0 2017-08-13 21:48:26.951
!MESSAGE Software being installed: Xtend IDE 2.12.0.v20170519-1412 (org.eclipse.xtend.sdk.feature.group 2.12.0.v20170519-1412)
!SUBENTRY 2 org.eclipse.equinox.p2.director 4 0 2017-08-13 21:48:26.951
!MESSAGE Software being installed: Xtext Redistributable 2.10.0.v201605250459 (org.eclipse.xtext.redist.feature.group 2.10.0.v201605250459)
!SUBENTRY 2 org.eclipse.equinox.p2.director 4 1 2017-08-13 21:48:26.951
!MESSAGE Only one of the following can be installed at once: 
!SUBENTRY 3 org.eclipse.equinox.p2.director 4 0 2017-08-13 21:48:26.952
!MESSAGE Xtext UI Core 2.4.0.v201303201134 (org.eclipse.xtext.ui 2.4.0.v201303201134)
!SUBENTRY 3 org.eclipse.equinox.p2.director 4 0 2017-08-13 21:48:26.952
!MESSAGE Xtext UI Core 2.1.1.v201111141332 (org.eclipse.xtext.ui 2.1.1.v201111141332)
!SUBENTRY 3 org.eclipse.equinox.p2.director 4 0 2017-08-13 21:48:26.952
!MESSAGE Xtext UI Core 2.5.2.v201402120812 (org.eclipse.xtext.ui 2.5.2.v201402120812)
!SUBENTRY 3 org.eclipse.equinox.p2.director 4 0 2017-08-13 21:48:26.952
!MESSAGE Xtext UI Core 2.8.2.v201504100559 (org.eclipse.xtext.ui 2.8.2.v201504100559)
!SUBENTRY 3 org.eclipse.equinox.p2.director 4 0 2017-08-13 21:48:26.952
!MESSAGE Xtext UI Core 2.3.1.v201208210947 (org.eclipse.xtext.ui 2.3.1.v201208210947)
!SUBENTRY 3 org.eclipse.equinox.p2.director 4 0 2017-08-13 21:48:26.952
!MESSAGE Xtext UI Core 2.4.2.v201306120542 (org.eclipse.xtext.ui 2.4.2.v201306120542)
!SUBENTRY 3 org.eclipse.equinox.p2.director 4 0 2017-08-13 21:48:26.952
!MESSAGE Xtext UI Core 2.10.0.v201605250459 (org.eclipse.xtext.ui 2.10.0.v201605250459)
!SUBENTRY 3 org.eclipse.equinox.p2.director 4 0 2017-08-13 21:48:26.952
!MESSAGE Xtext UI Core 2.9.1.v201512180746 (org.eclipse.xtext.ui 2.9.1.v201512180746)
!SUBENTRY 3 org.eclipse.equinox.p2.director 4 0 2017-08-13 21:48:26.952
!MESSAGE Xtext UI Core 2.0.1.v201108020636 (org.eclipse.xtext.ui 2.0.1.v201108020636)
!SUBENTRY 3 org.eclipse.equinox.p2.director 4 0 2017-08-13 21:48:26.952
!MESSAGE Xtext UI Core 2.11.0.v20170130-0818 (org.eclipse.xtext.ui 2.11.0.v20170130-0818)
!SUBENTRY 3 org.eclipse.equinox.p2.director 4 0 2017-08-13 21:48:26.952
!MESSAGE Xtext UI Core 2.8.3.v201506010551 (org.eclipse.xtext.ui 2.8.3.v201506010551)
!SUBENTRY 3 org.eclipse.equinox.p2.director 4 0 2017-08-13 21:48:26.952
!MESSAGE Xtext UI Core 2.4.3.v201309030823 (org.eclipse.xtext.ui 2.4.3.v201309030823)
!SUBENTRY 3 org.eclipse.equinox.p2.director 4 0 2017-08-13 21:48:26.952
!MESSAGE Xtext UI Core 2.7.3.v201411190455 (org.eclipse.xtext.ui 2.7.3.v201411190455)
!SUBENTRY 3 org.eclipse.equinox.p2.director 4 0 2017-08-13 21:48:26.952
!MESSAGE Xtext UI Core 2.8.0.v201503090534 (org.eclipse.xtext.ui 2.8.0.v201503090534)
!SUBENTRY 3 org.eclipse.equinox.p2.director 4 0 2017-08-13 21:48:26.952
!MESSAGE Xtext UI Core 2.6.0.v201405210727 (org.eclipse.xtext.ui 2.6.0.v201405210727)
!SUBENTRY 3 org.eclipse.equinox.p2.director 4 0 2017-08-13 21:48:26.953
!MESSAGE Xtext UI Core 2.5.0.v201312110906 (org.eclipse.xtext.ui 2.5.0.v201312110906)
!SUBENTRY 3 org.eclipse.equinox.p2.director 4 0 2017-08-13 21:48:26.953
!MESSAGE Xtext UI Core 2.9.2.v201603040440 (org.eclipse.xtext.ui 2.9.2.v201603040440)
!SUBENTRY 3 org.eclipse.equinox.p2.director 4 0 2017-08-13 21:48:26.953
!MESSAGE Xtext UI Core 2.9.0.v201512010527 (org.eclipse.xtext.ui 2.9.0.v201512010527)
!SUBENTRY 3 org.eclipse.equinox.p2.director 4 0 2017-08-13 21:48:26.953
!MESSAGE Xtext UI Core 2.6.2.v201407030533 (org.eclipse.xtext.ui 2.6.2.v201407030533)
!SUBENTRY 3 org.eclipse.equinox.p2.director 4 0 2017-08-13 21:48:26.953
!MESSAGE Xtext UI Core 1.0.2.v201102150722 (org.eclipse.xtext.ui 1.0.2.v201102150722)
!SUBENTRY 3 org.eclipse.equinox.p2.director 4 0 2017-08-13 21:48:26.953
!MESSAGE Xtext UI Core 2.6.1.v201406120726 (org.eclipse.xtext.ui 2.6.1.v201406120726)
!SUBENTRY 3 org.eclipse.equinox.p2.director 4 0 2017-08-13 21:48:26.953
!MESSAGE Xtext UI Core 2.7.1.v201409090713 (org.eclipse.xtext.ui 2.7.1.v201409090713)
!SUBENTRY 3 org.eclipse.equinox.p2.director 4 0 2017-08-13 21:48:26.953
!MESSAGE Xtext UI Core 2.12.0.v20170519-0809 (org.eclipse.xtext.ui 2.12.0.v20170519-0809)
!SUBENTRY 3 org.eclipse.equinox.p2.director 4 0 2017-08-13 21:48:26.953
!MESSAGE Xtext UI Core 2.3.0.v201206120633 (org.eclipse.xtext.ui 2.3.0.v201206120633)
!SUBENTRY 3 org.eclipse.equinox.p2.director 4 0 2017-08-13 21:48:26.953
!MESSAGE Xtext UI Core 2.4.1.v201304180855 (org.eclipse.xtext.ui 2.4.1.v201304180855)
!SUBENTRY 3 org.eclipse.equinox.p2.director 4 0 2017-08-13 21:48:26.953
!MESSAGE Xtext UI Core 2.7.2.v201409160908 (org.eclipse.xtext.ui 2.7.2.v201409160908)
!SUBENTRY 3 org.eclipse.equinox.p2.director 4 0 2017-08-13 21:48:26.953
!MESSAGE Xtext UI Core 2.2.1.v201112130541 (org.eclipse.xtext.ui 2.2.1.v201112130541)
!SUBENTRY 3 org.eclipse.equinox.p2.director 4 0 2017-08-13 21:48:26.953
!MESSAGE Xtext UI Core 2.5.1.v201402030714 (org.eclipse.xtext.ui 2.5.1.v201402030714)
!SUBENTRY 3 org.eclipse.equinox.p2.director 4 0 2017-08-13 21:48:26.953
!MESSAGE Xtext UI Core 2.8.4.v201508050135 (org.eclipse.xtext.ui 2.8.4.v201508050135)
!SUBENTRY 3 org.eclipse.equinox.p2.director 4 0 2017-08-13 21:48:26.953
!MESSAGE Xtext UI Core 2.5.4.v201404100756 (org.eclipse.xtext.ui 2.5.4.v201404100756)
!SUBENTRY 3 org.eclipse.equinox.p2.director 4 0 2017-08-13 21:48:26.953
!MESSAGE Xtext UI Core 2.5.3.v201402240820 (org.eclipse.xtext.ui 2.5.3.v201402240820)
!SUBENTRY 3 org.eclipse.equinox.p2.director 4 0 2017-08-13 21:48:26.954
!MESSAGE Xtext UI Core 2.7.0.v201409021032 (org.eclipse.xtext.ui 2.7.0.v201409021032)
!SUBENTRY 3 org.eclipse.equinox.p2.director 4 0 2017-08-13 21:48:26.954
!MESSAGE Xtext UI Core 2.8.1.v201503230617 (org.eclipse.xtext.ui 2.8.1.v201503230617)
!SUBENTRY 2 org.eclipse.equinox.p2.director 4 1 2017-08-13 21:48:26.954
!MESSAGE Cannot satisfy dependency:
!SUBENTRY 3 org.eclipse.equinox.p2.director 4 0 2017-08-13 21:48:26.954
!MESSAGE From: Xtend IDE 2.12.0.v20170519-1412 (org.eclipse.xtend.sdk.feature.group 2.12.0.v20170519-1412)
!SUBENTRY 3 org.eclipse.equinox.p2.director 4 0 2017-08-13 21:48:26.954
!MESSAGE To: org.eclipse.xtext.ui.feature.group [2.12.0,2.13.0)
!SUBENTRY 2 org.eclipse.equinox.p2.director 4 1 2017-08-13 21:48:26.954
!MESSAGE Cannot satisfy dependency:
!SUBENTRY 3 org.eclipse.equinox.p2.director 4 0 2017-08-13 21:48:26.954
!MESSAGE From: Xtext Redistributable 2.10.0.v201605250459 (org.eclipse.xtext.redist.feature.group 2.10.0.v201605250459)
!SUBENTRY 3 org.eclipse.equinox.p2.director 4 0 2017-08-13 21:48:26.954
!MESSAGE To: org.eclipse.xtext.ui [2.10.0.v201605250459]
!SUBENTRY 2 org.eclipse.equinox.p2.director 4 1 2017-08-13 21:48:26.954
!MESSAGE Cannot satisfy dependency:
!SUBENTRY 3 org.eclipse.equinox.p2.director 4 0 2017-08-13 21:48:26.954
!MESSAGE From: Xtext UI 2.12.0.v20170519-1412 (org.eclipse.xtext.ui.feature.group 2.12.0.v20170519-1412)
!SUBENTRY 3 org.eclipse.equinox.p2.director 4 0 2017-08-13 21:48:26.954
!MESSAGE To: org.eclipse.xtext.ui [2.12.0.v20170519-0809]

!ENTRY org.eclipse.equinox.p2.engine 4 4 2017-08-13 21:51:20.490
!MESSAGE An error occurred while collecting items to be installed
!SUBENTRY 1 org.eclipse.equinox.p2.engine 4 0 2017-08-13 21:51:20.490
!MESSAGE session context was:(profile=C__Users_Karuna_eclipse_java-mars_eclipse, phase=org.eclipse.equinox.internal.p2.engine.phases.Collect, operand=, action=).
!SUBENTRY 1 org.eclipse.equinox.p2.artifact.repository 4 0 2017-08-13 21:51:20.490
!MESSAGE Problems downloading artifact: osgi.bundle,org.eclipse.xtend.core,2.12.0.v20170519-0902.
!SUBENTRY 2 org.eclipse.equinox.p2.artifact.repository 4 0 2017-08-13 21:51:20.490
!MESSAGE Unpacking fails because intermediate file is empty: C:\Users\Karuna\AppData\Local\Temp\work5109668277601687605\p2.optimizers.incoming3242302955921723518.jar
!SUBENTRY 1 org.eclipse.equinox.p2.artifact.repository 4 0 2017-08-13 21:51:20.490
!MESSAGE Problems downloading artifact: osgi.bundle,org.eclipse.xtend.ide,2.12.0.v20170519-0902.
!SUBENTRY 2 org.eclipse.equinox.p2.artifact.repository 4 0 2017-08-13 21:51:20.490
!MESSAGE Unpacking fails because intermediate file is empty: C:\Users\Karuna\AppData\Local\Temp\work4659174093089192554\p2.optimizers.incoming2625071188624512705.jar
!SUBENTRY 1 org.eclipse.equinox.p2.artifact.repository 4 0 2017-08-13 21:51:20.490
!MESSAGE Problems downloading artifact: osgi.bundle,org.eclipse.xtend.ide.common,2.12.0.v20170519-0902.
!SUBENTRY 2 org.eclipse.equinox.p2.artifact.repository 4 0 2017-08-13 21:51:20.490
!MESSAGE Unpacking fails because intermediate file is empty: C:\Users\Karuna\AppData\Local\Temp\work2099107655435199570\p2.optimizers.incoming6601784493377931381.jar
!SUBENTRY 1 org.eclipse.equinox.p2.artifact.repository 4 0 2017-08-13 21:51:20.491
!MESSAGE Problems downloading artifact: osgi.bundle,org.eclipse.xtend.m2e,2.12.0.v20170519-0902.
!SUBENTRY 2 org.eclipse.equinox.p2.artifact.repository 4 0 2017-08-13 21:51:20.491
!MESSAGE Unpacking fails because intermediate file is empty: C:\Users\Karuna\AppData\Local\Temp\work7992230265989066169\p2.optimizers.incoming6809751433647048464.jar
!SUBENTRY 1 org.eclipse.equinox.p2.artifact.repository 4 0 2017-08-13 21:51:20.491
!MESSAGE Problems downloading artifact: osgi.bundle,org.eclipse.xtext,2.12.0.v20170518-0959.
!SUBENTRY 2 org.eclipse.equinox.p2.artifact.repository 4 0 2017-08-13 21:51:20.491
!MESSAGE Unpacking fails because intermediate file is empty: C:\Users\Karuna\AppData\Local\Temp\work3497058022949239554\p2.optimizers.incoming1162592103449910007.jar
!SUBENTRY 1 org.eclipse.equinox.p2.artifact.repository 4 0 2017-08-13 21:51:20.491
!MESSAGE Problems downloading artifact: osgi.bundle,org.eclipse.xtext.activities,2.12.0.v20170519-0809.
!SUBENTRY 2 org.eclipse.equinox.p2.artifact.repository 4 0 2017-08-13 21:51:20.491
!MESSAGE Unpacking fails because intermediate file is empty: C:\Users\Karuna\AppData\Local\Temp\work2145757932488248922\p2.optimizers.incoming7817500996110146622.jar
!SUBENTRY 1 org.eclipse.equinox.p2.artifact.repository 4 0 2017-08-13 21:51:20.491
!MESSAGE Problems downloading artifact: osgi.bundle,org.eclipse.xtext.builder,2.12.0.v20170519-0809.
!SUBENTRY 2 org.eclipse.equinox.p2.artifact.repository 4 0 2017-08-13 21:51:20.491
!MESSAGE Unpacking fails because intermediate file is empty: C:\Users\Karuna\AppData\Local\Temp\work7393688223085847289\p2.optimizers.incoming5966833373339922235.jar
!SUBENTRY 1 org.eclipse.equinox.p2.artifact.repository 4 0 2017-08-13 21:51:20.491
!MESSAGE Problems downloading artifact: osgi.bundle,org.eclipse.xtext.builder.standalone,2.12.0.v20170519-0752.
!SUBENTRY 2 org.eclipse.equinox.p2.artifact.repository 4 0 2017-08-13 21:51:20.491
!MESSAGE Unpacking fails because intermediate file is empty: C:\Users\Karuna\AppData\Local\Temp\work4643851796531125432\p2.optimizers.incoming2336787096419880218.jar
!SUBENTRY 1 org.eclipse.equinox.p2.artifact.repository 4 0 2017-08-13 21:51:20.491
!MESSAGE Problems downloading artifact: osgi.bundle,org.eclipse.xtext.common.types,2.12.0.v20170519-0752.
!SUBENTRY 2 org.eclipse.equinox.p2.artifact.repository 4 0 2017-08-13 21:51:20.491
!MESSAGE Unpacking fails because intermediate file is empty: C:\Users\Karuna\AppData\Local\Temp\work2143600200876410106\p2.optimizers.incoming4989895347702361860.jar
!SUBENTRY 1 org.eclipse.equinox.p2.artifact.repository 4 0 2017-08-13 21:51:20.492
!MESSAGE Problems downloading artifact: osgi.bundle,org.eclipse.xtext.common.types.edit,2.12.0.v20170519-0809.
!SUBENTRY 2 org.eclipse.equinox.p2.artifact.repository 4 0 2017-08-13 21:51:20.492
!MESSAGE Unpacking fails because intermediate file is empty: C:\Users\Karuna\AppData\Local\Temp\work2683660576180079297\p2.optimizers.incoming8240987616500180658.jar
!SUBENTRY 1 org.eclipse.equinox.p2.artifact.repository 4 0 2017-08-13 21:51:20.492
!MESSAGE Problems downloading artifact: osgi.bundle,org.eclipse.xtext.common.types.shared,2.12.0.v20170519-0809.
!SUBENTRY 2 org.eclipse.equinox.p2.artifact.repository 4 0 2017-08-13 21:51:20.492
!MESSAGE Unpacking fails because intermediate file is empty: C:\Users\Karuna\AppData\Local\Temp\work3780804838533767950\p2.optimizers.incoming8879954073905501988.jar
!SUBENTRY 1 org.eclipse.equinox.p2.artifact.repository 4 0 2017-08-13 21:51:20.492
!MESSAGE Problems downloading artifact: osgi.bundle,org.eclipse.xtext.common.types.ui,2.12.0.v20170519-0809.
!SUBENTRY 2 org.eclipse.equinox.p2.artifact.repository 4 0 2017-08-13 21:51:20.492
!MESSAGE Unpacking fails because intermediate file is empty: C:\Users\Karuna\AppData\Local\Temp\work3413242935637805944\p2.optimizers.incoming438637032736624066.jar
!SUBENTRY 1 org.eclipse.equinox.p2.artifact.repository 4 0 2017-08-13 21:51:20.492
!MESSAGE Problems downloading artifact: osgi.bundle,org.eclipse.xtext.ecore,2.12.0.v20170519-0752.
!SUBENTRY 2 org.eclipse.equinox.p2.artifact.repository 4 0 2017-08-13 21:51:20.492
!MESSAGE Unpacking fails because intermediate file is empty: C:\Users\Karuna\AppData\Local\Temp\work4041996416871776457\p2.optimizers.incoming5268950326094315736.jar
!SUBENTRY 1 org.eclipse.equinox.p2.artifact.repository 4 0 2017-08-13 21:51:20.492
!MESSAGE Problems downloading artifact: osgi.bundle,org.eclipse.xtext.generator,2.12.0.v20170519-0752.
!SUBENTRY 2 org.eclipse.equinox.p2.artifact.repository 4 0 2017-08-13 21:51:20.492
!MESSAGE Unpacking fails because intermediate file is empty: C:\Users\Karuna\AppData\Local\Temp\work6531081484121447344\p2.optimizers.incoming2715531988120121046.jar
!SUBENTRY 1 org.eclipse.equinox.p2.artifact.repository 4 0 2017-08-13 21:51:20.493
!MESSAGE Problems downloading artifact: osgi.bundle,org.eclipse.xtext.ide,2.12.0.v20170518-0959.
!SUBENTRY 2 org.eclipse.equinox.p2.artifact.repository 4 0 2017-08-13 21:51:20.493
!MESSAGE Unpacking fails because intermediate file is empty: C:\Users\Karuna\AppData\Local\Temp\work7795396159487147830\p2.optimizers.incoming2346691329885879603.jar
!SUBENTRY 1 org.eclipse.equinox.p2.artifact.repository 4 0 2017-08-13 21:51:20.493
!MESSAGE Problems downloading artifact: osgi.bundle,org.eclipse.xtext.java,2.12.0.v20170519-0752.
!SUBENTRY 2 org.eclipse.equinox.p2.artifact.repository 4 0 2017-08-13 21:51:20.493
!MESSAGE Unpacking fails because intermediate file is empty: C:\Users\Karuna\AppData\Local\Temp\work2992460498304265559\p2.optimizers.incoming7759753919957837274.jar
!SUBENTRY 1 org.eclipse.equinox.p2.artifact.repository 4 0 2017-08-13 21:51:20.493
!MESSAGE Problems downloading artifact: osgi.bundle,org.eclipse.xtext.junit4,2.12.0.v20170519-0809.
!SUBENTRY 2 org.eclipse.equinox.p2.artifact.repository 4 0 2017-08-13 21:51:20.493
!MESSAGE Unpacking fails because intermediate file is empty: C:\Users\Karuna\AppData\Local\Temp\work4098677289836288852\p2.optimizers.incoming1071110908563827567.jar
!SUBENTRY 1 org.eclipse.equinox.p2.artifact.repository 4 0 2017-08-13 21:51:20.493
!MESSAGE Problems downloading artifact: osgi.bundle,org.eclipse.xtext.logging,1.2.15.v20170519-0809.
!SUBENTRY 2 org.eclipse.equinox.p2.artifact.repository 4 0 2017-08-13 21:51:20.493
!MESSAGE Unpacking fails because intermediate file is empty: C:\Users\Karuna\AppData\Local\Temp\work6372341432384798922\p2.optimizers.incoming8600677185569778075.jar
!SUBENTRY 1 org.eclipse.equinox.p2.artifact.repository 4 0 2017-08-13 21:51:20.493
!MESSAGE Problems downloading artifact: osgi.bundle,org.eclipse.xtext.m2e,2.12.0.v20170519-0809.
!SUBENTRY 2 org.eclipse.equinox.p2.artifact.repository 4 0 2017-08-13 21:51:20.494
!MESSAGE Unpacking fails because intermediate file is empty: C:\Users\Karuna\AppData\Local\Temp\work6819745422363838267\p2.optimizers.incoming5261393662147659371.jar
!SUBENTRY 1 org.eclipse.equinox.p2.artifact.repository 4 0 2017-08-13 21:51:20.494
!MESSAGE Problems downloading artifact: osgi.bundle,org.eclipse.xtext.purexbase,2.12.0.v20170519-0752.
!SUBENTRY 2 org.eclipse.equinox.p2.artifact.repository 4 0 2017-08-13 21:51:20.494
!MESSAGE Unpacking fails because intermediate file is empty: C:\Users\Karuna\AppData\Local\Temp\work2426336196464297164\p2.optimizers.incoming5631102676327593241.jar
!SUBENTRY 1 org.eclipse.equinox.p2.artifact.repository 4 0 2017-08-13 21:51:20.494
!MESSAGE Problems downloading artifact: osgi.bundle,org.eclipse.xtext.purexbase.ide,2.12.0.v20170519-0752.
!SUBENTRY 2 org.eclipse.equinox.p2.artifact.repository 4 0 2017-08-13 21:51:20.495
!MESSAGE Unpacking fails because intermediate file is empty: C:\Users\Karuna\AppData\Local\Temp\work7018243572079900394\p2.optimizers.incoming77915047937971506.jar
!SUBENTRY 1 org.eclipse.equinox.p2.artifact.repository 4 0 2017-08-13 21:51:20.495
!MESSAGE Problems downloading artifact: osgi.bundle,org.eclipse.xtext.purexbase.ui,2.12.0.v20170519-0809.
!SUBENTRY 2 org.eclipse.equinox.p2.artifact.repository 4 0 2017-08-13 21:51:20.495
!MESSAGE Unpacking fails because intermediate file is empty: C:\Users\Karuna\AppData\Local\Temp\work2670509359377006279\p2.optimizers.incoming8889450928410820432.jar
!SUBENTRY 1 org.eclipse.equinox.p2.artifact.repository 4 0 2017-08-13 21:51:20.495
!MESSAGE Problems downloading artifact: osgi.bundle,org.eclipse.xtext.smap,2.12.0.v20170519-0752.
!SUBENTRY 2 org.eclipse.equinox.p2.artifact.repository 4 0 2017-08-13 21:51:20.495
!MESSAGE Unpacking fails because intermediate file is empty: C:\Users\Karuna\AppData\Local\Temp\work343044770616899393\p2.optimizers.incoming3668479934734540790.jar
!SUBENTRY 1 org.eclipse.equinox.p2.artifact.repository 4 0 2017-08-13 21:51:20.495
!MESSAGE Problems downloading artifact: osgi.bundle,org.eclipse.xtext.testing,2.12.0.v20170518-0959.
!SUBENTRY 2 org.eclipse.equinox.p2.artifact.repository 4 0 2017-08-13 21:51:20.495
!MESSAGE Unpacking fails because intermediate file is empty: C:\Users\Karuna\AppData\Local\Temp\work13709310992175091\p2.optimizers.incoming4042535749459900957.jar
!SUBENTRY 1 org.eclipse.equinox.p2.artifact.repository 4 0 2017-08-13 21:51:20.495
!MESSAGE Problems downloading artifact: osgi.bundle,org.eclipse.xtext.ui,2.12.0.v20170519-0809.
!SUBENTRY 2 org.eclipse.equinox.p2.artifact.repository 4 0 2017-08-13 21:51:20.495
!MESSAGE Unpacking fails because intermediate file is empty: C:\Users\Karuna\AppData\Local\Temp\work2045833190499521167\p2.optimizers.incoming1365985859458680338.jar
!SUBENTRY 1 org.eclipse.equinox.p2.artifact.repository 4 0 2017-08-13 21:51:20.495
!MESSAGE Problems downloading artifact: osgi.bundle,org.eclipse.xtext.ui.codetemplates,2.12.0.v20170519-0809.
!SUBENTRY 2 org.eclipse.equinox.p2.artifact.repository 4 0 2017-08-13 21:51:20.495
!MESSAGE Unpacking fails because intermediate file is empty: C:\Users\Karuna\AppData\Local\Temp\work8654638157514209378\p2.optimizers.incoming9073983562012058764.jar
!SUBENTRY 1 org.eclipse.equinox.p2.artifact.repository 4 0 2017-08-13 21:51:20.495
!MESSAGE Problems downloading artifact: osgi.bundle,org.eclipse.xtext.ui.codetemplates.ui,2.12.0.v20170519-0809.
!SUBENTRY 2 org.eclipse.equinox.p2.artifact.repository 4 0 2017-08-13 21:51:20.495
!MESSAGE Unpacking fails because intermediate file is empty: C:\Users\Karuna\AppData\Local\Temp\work8164005932006362514\p2.optimizers.incoming2802122234149073684.jar
!SUBENTRY 1 org.eclipse.equinox.p2.artifact.repository 4 0 2017-08-13 21:51:20.495
!MESSAGE Problems downloading artifact: osgi.bundle,org.eclipse.xtext.ui.ecore,2.12.0.v20170519-0809.
!SUBENTRY 2 org.eclipse.equinox.p2.artifact.repository 4 0 2017-08-13 21:51:20.495
!MESSAGE Unpacking fails because intermediate file is empty: C:\Users\Karuna\AppData\Local\Temp\work3977231443638789388\p2.optimizers.incoming499944171962091258.jar
!SUBENTRY 1 org.eclipse.equinox.p2.artifact.repository 4 0 2017-08-13 21:51:20.495
!MESSAGE Problems downloading artifact: osgi.bundle,org.eclipse.xtext.ui.shared,2.12.0.v20170519-0809.
!SUBENTRY 2 org.eclipse.equinox.p2.artifact.repository 4 0 2017-08-13 21:51:20.495
!MESSAGE Unpacking fails because intermediate file is empty: C:\Users\Karuna\AppData\Local\Temp\work3834824983089474316\p2.optimizers.incoming2586203188133473899.jar
!SUBENTRY 1 org.eclipse.equinox.p2.artifact.repository 4 0 2017-08-13 21:51:20.496
!MESSAGE Problems downloading artifact: osgi.bundle,org.eclipse.xtext.ui.testing,2.12.0.v20170519-0809.
!SUBENTRY 2 org.eclipse.equinox.p2.artifact.repository 4 0 2017-08-13 21:51:20.496
!MESSAGE Unpacking fails because intermediate file is empty: C:\Users\Karuna\AppData\Local\Temp\work2979083429534099659\p2.optimizers.incoming3301441914324755505.jar
!SUBENTRY 1 org.eclipse.equinox.p2.artifact.repository 4 0 2017-08-13 21:51:20.496
!MESSAGE Problems downloading artifact: osgi.bundle,org.eclipse.xtext.util,2.12.0.v20170518-0959.
!SUBENTRY 2 org.eclipse.equinox.p2.artifact.repository 4 0 2017-08-13 21:51:20.496
!MESSAGE Unpacking fails because intermediate file is empty: C:\Users\Karuna\AppData\Local\Temp\work4386383123159114223\p2.optimizers.incoming7738498894082623530.jar
!SUBENTRY 1 org.eclipse.equinox.p2.artifact.repository 4 0 2017-08-13 21:51:20.496
!MESSAGE Problems downloading artifact: osgi.bundle,org.eclipse.xtext.xbase,2.12.0.v20170519-0752.
!SUBENTRY 2 org.eclipse.equinox.p2.artifact.repository 4 0 2017-08-13 21:51:20.496
!MESSAGE Unpacking fails because intermediate file is empty: C:\Users\Karuna\AppData\Local\Temp\work7063639256116189382\p2.optimizers.incoming8740417171730012360.jar
!SUBENTRY 1 org.eclipse.equinox.p2.artifact.repository 4 0 2017-08-13 21:51:20.496
!MESSAGE Problems downloading artifact: osgi.bundle,org.eclipse.xtext.xbase.ide,2.12.0.v20170519-0752.
!SUBENTRY 2 org.eclipse.equinox.p2.artifact.repository 4 0 2017-08-13 21:51:20.496
!MESSAGE Unpacking fails because intermediate file is empty: C:\Users\Karuna\AppData\Local\Temp\work9006471769848939751\p2.optimizers.incoming7530910033290359103.jar
!SUBENTRY 1 org.eclipse.equinox.p2.artifact.repository 4 0 2017-08-13 21:51:20.496
!MESSAGE Problems downloading artifact: osgi.bundle,org.eclipse.xtext.xbase.junit,2.12.0.v20170519-0809.
!SUBENTRY 2 org.eclipse.equinox.p2.artifact.repository 4 0 2017-08-13 21:51:20.496
!MESSAGE Unpacking fails because intermediate file is empty: C:\Users\Karuna\AppData\Local\Temp\work7682363454117365499\p2.optimizers.incoming5773205118278786776.jar
!SUBENTRY 1 org.eclipse.equinox.p2.artifact.repository 4 0 2017-08-13 21:51:20.496
!MESSAGE Problems downloading artifact: osgi.bundle,org.eclipse.xtext.xbase.testing,2.12.0.v20170519-0752.
!SUBENTRY 2 org.eclipse.equinox.p2.artifact.repository 4 0 2017-08-13 21:51:20.496
!MESSAGE Unpacking fails because intermediate file is empty: C:\Users\Karuna\AppData\Local\Temp\work361511920098307382\p2.optimizers.incoming674598586520958912.jar
!SUBENTRY 1 org.eclipse.equinox.p2.artifact.repository 4 0 2017-08-13 21:51:20.496
!MESSAGE Problems downloading artifact: osgi.bundle,org.eclipse.xtext.xbase.ui,2.12.0.v20170519-0809.
!SUBENTRY 2 org.eclipse.equinox.p2.artifact.repository 4 0 2017-08-13 21:51:20.496
!MESSAGE Unpacking fails because intermediate file is empty: C:\Users\Karuna\AppData\Local\Temp\work5027178723395933637\p2.optimizers.incoming1506049181257659679.jar
!SUBENTRY 1 org.eclipse.equinox.p2.artifact.repository 4 0 2017-08-13 21:51:20.496
!MESSAGE Problems downloading artifact: osgi.bundle,org.eclipse.xtext.xbase.ui.testing,2.12.0.v20170519-0809.
!SUBENTRY 2 org.eclipse.equinox.p2.artifact.repository 4 0 2017-08-13 21:51:20.497
!MESSAGE Unpacking fails because intermediate file is empty: C:\Users\Karuna\AppData\Local\Temp\work7263613891430235687\p2.optimizers.incoming7470188589129545544.jar
!SUBENTRY 1 org.eclipse.equinox.p2.artifact.repository 4 0 2017-08-13 21:51:20.497
!MESSAGE Problems downloading artifact: osgi.bundle,org.eclipse.xtext.xtext.generator,2.12.0.v20170518-0959.
!SUBENTRY 2 org.eclipse.equinox.p2.artifact.repository 4 0 2017-08-13 21:51:20.497
!MESSAGE Unpacking fails because intermediate file is empty: C:\Users\Karuna\AppData\Local\Temp\work2958417341631260435\p2.optimizers.incoming4539667527739576177.jar
!SUBENTRY 1 org.eclipse.equinox.p2.artifact.repository 4 0 2017-08-13 21:51:20.497
!MESSAGE Problems downloading artifact: osgi.bundle,org.eclipse.xtext.xtext.ide,2.12.0.v20170518-0959.
!SUBENTRY 2 org.eclipse.equinox.p2.artifact.repository 4 0 2017-08-13 21:51:20.497
!MESSAGE Unpacking fails because intermediate file is empty: C:\Users\Karuna\AppData\Local\Temp\work9029322873259972523\p2.optimizers.incoming1597579289641371596.jar
!SUBENTRY 1 org.eclipse.equinox.p2.artifact.repository 4 0 2017-08-13 21:51:20.497
!MESSAGE Problems downloading artifact: osgi.bundle,org.eclipse.xtext.xtext.ui,2.12.0.v20170519-0809.
!SUBENTRY 2 org.eclipse.equinox.p2.artifact.repository 4 0 2017-08-13 21:51:20.497
!MESSAGE Unpacking fails because intermediate file is empty: C:\Users\Karuna\AppData\Local\Temp\work2350705306411147775\p2.optimizers.incoming5426843962792959495.jar
!SUBENTRY 1 org.eclipse.equinox.p2.artifact.repository 4 0 2017-08-13 21:51:20.497
!MESSAGE Problems downloading artifact: osgi.bundle,org.eclipse.xtext.xtext.ui.examples,2.12.0.v20170519-0809.
!SUBENTRY 2 org.eclipse.equinox.p2.artifact.repository 4 0 2017-08-13 21:51:20.497
!MESSAGE Unpacking fails because intermediate file is empty: C:\Users\Karuna\AppData\Local\Temp\work6950377177777889622\p2.optimizers.incoming4163302748518961253.jar
!SUBENTRY 1 org.eclipse.equinox.p2.artifact.repository 4 0 2017-08-13 21:51:20.497
!MESSAGE Problems downloading artifact: osgi.bundle,org.eclipse.xtext.xtext.ui.graph,2.12.0.v20170519-0809.
!SUBENTRY 2 org.eclipse.equinox.p2.artifact.repository 4 0 2017-08-13 21:51:20.497
!MESSAGE Unpacking fails because intermediate file is empty: C:\Users\Karuna\AppData\Local\Temp\work7798750841838134987\p2.optimizers.incoming829756608395421936.jar
!SUBENTRY 1 org.eclipse.equinox.p2.artifact.repository 4 0 2017-08-13 21:51:20.497
!MESSAGE Problems downloading artifact: osgi.bundle,org.eclipse.xtext.xtext.wizard,2.12.0.v20170518-0959.
!SUBENTRY 2 org.eclipse.equinox.p2.artifact.repository 4 0 2017-08-13 21:51:20.497
!MESSAGE Unpacking fails because intermediate file is empty: C:\Users\Karuna\AppData\Local\Temp\work6555632069134242970\p2.optimizers.incoming2916900073300363317.jar

!ENTRY org.eclipse.jdt.junit.core 4 4 2017-08-13 21:55:35.952
!MESSAGE Error
!STACK 0
java.lang.Exception: Unexpected TestElement type for testId '3': TestSuite: Scenario: Successful Login with Valid Credentials : Not Started - Undefined (4)
	at org.eclipse.jdt.internal.junit.model.TestRunSession$TestSessionNotifier.logUnexpectedTest(TestRunSession.java:737)
	at org.eclipse.jdt.internal.junit.model.TestRunSession$TestSessionNotifier.testStarted(TestRunSession.java:641)
	at org.eclipse.jdt.internal.junit.model.RemoteTestRunnerClient$5.run(RemoteTestRunnerClient.java:535)
	at org.eclipse.core.runtime.SafeRunner.run(SafeRunner.java:42)
	at org.eclipse.jdt.internal.junit.model.RemoteTestRunnerClient.notifyTestStarted(RemoteTestRunnerClient.java:532)
	at org.eclipse.jdt.internal.junit.model.RemoteTestRunnerClient.access$6(RemoteTestRunnerClient.java:527)
	at org.eclipse.jdt.internal.junit.model.RemoteTestRunnerClient$DefaultProcessingState.readMessage(RemoteTestRunnerClient.java:87)
	at org.eclipse.jdt.internal.junit.model.RemoteTestRunnerClient.receiveMessage(RemoteTestRunnerClient.java:375)
	at org.eclipse.jdt.internal.junit.model.RemoteTestRunnerClient.access$27(RemoteTestRunnerClient.java:374)
	at org.eclipse.jdt.internal.junit.model.RemoteTestRunnerClient$ServerConnection.run(RemoteTestRunnerClient.java:272)

!ENTRY org.eclipse.jdt.junit.core 4 4 2017-08-13 21:56:03.271
!MESSAGE Error
!STACK 0
java.lang.Exception: Unexpected TestElement type for testId '3': TestSuite: Scenario: Successful Login with Valid Credentials : Completed - Error (4)
	at org.eclipse.jdt.internal.junit.model.TestRunSession$TestSessionNotifier.logUnexpectedTest(TestRunSession.java:737)
	at org.eclipse.jdt.internal.junit.model.TestRunSession$TestSessionNotifier.testEnded(TestRunSession.java:667)
	at org.eclipse.jdt.internal.junit.model.RemoteTestRunnerClient$4.run(RemoteTestRunnerClient.java:521)
	at org.eclipse.core.runtime.SafeRunner.run(SafeRunner.java:42)
	at org.eclipse.jdt.internal.junit.model.RemoteTestRunnerClient.notifyTestEnded(RemoteTestRunnerClient.java:518)
	at org.eclipse.jdt.internal.junit.model.RemoteTestRunnerClient.access$7(RemoteTestRunnerClient.java:513)
	at org.eclipse.jdt.internal.junit.model.RemoteTestRunnerClient$DefaultProcessingState.readMessage(RemoteTestRunnerClient.java:91)
	at org.eclipse.jdt.internal.junit.model.RemoteTestRunnerClient.receiveMessage(RemoteTestRunnerClient.java:375)
	at org.eclipse.jdt.internal.junit.model.RemoteTestRunnerClient.access$27(RemoteTestRunnerClient.java:374)
	at org.eclipse.jdt.internal.junit.model.RemoteTestRunnerClient$ServerConnection.run(RemoteTestRunnerClient.java:272)

!ENTRY org.eclipse.jdt.junit.core 4 4 2017-08-13 21:56:03.275
!MESSAGE Error
!STACK 0
java.lang.Exception: Unexpected TestElement type for testId '8': TestSuite: Scenario: Successful LogOut : Not Started - Undefined (2)
	at org.eclipse.jdt.internal.junit.model.TestRunSession$TestSessionNotifier.logUnexpectedTest(TestRunSession.java:737)
	at org.eclipse.jdt.internal.junit.model.TestRunSession$TestSessionNotifier.testStarted(TestRunSession.java:641)
	at org.eclipse.jdt.internal.junit.model.RemoteTestRunnerClient$5.run(RemoteTestRunnerClient.java:535)
	at org.eclipse.core.runtime.SafeRunner.run(SafeRunner.java:42)
	at org.eclipse.jdt.internal.junit.model.RemoteTestRunnerClient.notifyTestStarted(RemoteTestRunnerClient.java:532)
	at org.eclipse.jdt.internal.junit.model.RemoteTestRunnerClient.access$6(RemoteTestRunnerClient.java:527)
	at org.eclipse.jdt.internal.junit.model.RemoteTestRunnerClient$DefaultProcessingState.readMessage(RemoteTestRunnerClient.java:87)
	at org.eclipse.jdt.internal.junit.model.RemoteTestRunnerClient.receiveMessage(RemoteTestRunnerClient.java:375)
	at org.eclipse.jdt.internal.junit.model.RemoteTestRunnerClient.access$27(RemoteTestRunnerClient.java:374)
	at org.eclipse.jdt.internal.junit.model.RemoteTestRunnerClient$ServerConnection.run(RemoteTestRunnerClient.java:272)

!ENTRY org.eclipse.jdt.junit.core 4 4 2017-08-13 21:56:13.389
!MESSAGE Error
!STACK 0
java.lang.Exception: Unexpected TestElement type for testId '8': TestSuite: Scenario: Successful LogOut : Completed - Error (2)
	at org.eclipse.jdt.internal.junit.model.TestRunSession$TestSessionNotifier.logUnexpectedTest(TestRunSession.java:737)
	at org.eclipse.jdt.internal.junit.model.TestRunSession$TestSessionNotifier.testStarted(TestRunSession.java:641)
	at org.eclipse.jdt.internal.junit.model.RemoteTestRunnerClient$5.run(RemoteTestRunnerClient.java:535)
	at org.eclipse.core.runtime.SafeRunner.run(SafeRunner.java:42)
	at org.eclipse.jdt.internal.junit.model.RemoteTestRunnerClient.notifyTestStarted(RemoteTestRunnerClient.java:532)
	at org.eclipse.jdt.internal.junit.model.RemoteTestRunnerClient.access$6(RemoteTestRunnerClient.java:527)
	at org.eclipse.jdt.internal.junit.model.RemoteTestRunnerClient$DefaultProcessingState.readMessage(RemoteTestRunnerClient.java:87)
	at org.eclipse.jdt.internal.junit.model.RemoteTestRunnerClient.receiveMessage(RemoteTestRunnerClient.java:375)
	at org.eclipse.jdt.internal.junit.model.RemoteTestRunnerClient.access$27(RemoteTestRunnerClient.java:374)
	at org.eclipse.jdt.internal.junit.model.RemoteTestRunnerClient$ServerConnection.run(RemoteTestRunnerClient.java:272)

!ENTRY org.eclipse.jdt.junit.core 4 4 2017-08-13 21:56:13.411
!MESSAGE Error
!STACK 0
java.lang.Exception: Unexpected TestElement type for testId '8': TestSuite: Scenario: Successful LogOut : Completed - Error (2)
	at org.eclipse.jdt.internal.junit.model.TestRunSession$TestSessionNotifier.logUnexpectedTest(TestRunSession.java:737)
	at org.eclipse.jdt.internal.junit.model.TestRunSession$TestSessionNotifier.testEnded(TestRunSession.java:667)
	at org.eclipse.jdt.internal.junit.model.RemoteTestRunnerClient$4.run(RemoteTestRunnerClient.java:521)
	at org.eclipse.core.runtime.SafeRunner.run(SafeRunner.java:42)
	at org.eclipse.jdt.internal.junit.model.RemoteTestRunnerClient.notifyTestEnded(RemoteTestRunnerClient.java:518)
	at org.eclipse.jdt.internal.junit.model.RemoteTestRunnerClient.access$7(RemoteTestRunnerClient.java:513)
	at org.eclipse.jdt.internal.junit.model.RemoteTestRunnerClient$DefaultProcessingState.readMessage(RemoteTestRunnerClient.java:91)
	at org.eclipse.jdt.internal.junit.model.RemoteTestRunnerClient.receiveMessage(RemoteTestRunnerClient.java:375)
	at org.eclipse.jdt.internal.junit.model.RemoteTestRunnerClient.access$27(RemoteTestRunnerClient.java:374)
	at org.eclipse.jdt.internal.junit.model.RemoteTestRunnerClient$ServerConnection.run(RemoteTestRunnerClient.java:272)

!ENTRY org.eclipse.jdt.junit.core 4 4 2017-08-13 21:57:20.339
!MESSAGE Error
!STACK 0
java.lang.Exception: Unexpected TestElement type for testId '3': TestSuite: Scenario: Successful Login with Valid Credentials : Not Started - Undefined (4)
	at org.eclipse.jdt.internal.junit.model.TestRunSession$TestSessionNotifier.logUnexpectedTest(TestRunSession.java:737)
	at org.eclipse.jdt.internal.junit.model.TestRunSession$TestSessionNotifier.testStarted(TestRunSession.java:641)
	at org.eclipse.jdt.internal.junit.model.RemoteTestRunnerClient$5.run(RemoteTestRunnerClient.java:535)
	at org.eclipse.core.runtime.SafeRunner.run(SafeRunner.java:42)
	at org.eclipse.jdt.internal.junit.model.RemoteTestRunnerClient.notifyTestStarted(RemoteTestRunnerClient.java:532)
	at org.eclipse.jdt.internal.junit.model.RemoteTestRunnerClient.access$6(RemoteTestRunnerClient.java:527)
	at org.eclipse.jdt.internal.junit.model.RemoteTestRunnerClient$DefaultProcessingState.readMessage(RemoteTestRunnerClient.java:87)
	at org.eclipse.jdt.internal.junit.model.RemoteTestRunnerClient.receiveMessage(RemoteTestRunnerClient.java:375)
	at org.eclipse.jdt.internal.junit.model.RemoteTestRunnerClient.access$27(RemoteTestRunnerClient.java:374)
	at org.eclipse.jdt.internal.junit.model.RemoteTestRunnerClient$ServerConnection.run(RemoteTestRunnerClient.java:272)

!ENTRY org.eclipse.jdt.junit.core 4 4 2017-08-13 21:57:37.430
!MESSAGE Error
!STACK 0
java.lang.Exception: Unexpected TestElement type for testId '3': TestSuite: Scenario: Successful Login with Valid Credentials : Completed - OK (4)
	at org.eclipse.jdt.internal.junit.model.TestRunSession$TestSessionNotifier.logUnexpectedTest(TestRunSession.java:737)
	at org.eclipse.jdt.internal.junit.model.TestRunSession$TestSessionNotifier.testEnded(TestRunSession.java:667)
	at org.eclipse.jdt.internal.junit.model.RemoteTestRunnerClient$4.run(RemoteTestRunnerClient.java:521)
	at org.eclipse.core.runtime.SafeRunner.run(SafeRunner.java:42)
	at org.eclipse.jdt.internal.junit.model.RemoteTestRunnerClient.notifyTestEnded(RemoteTestRunnerClient.java:518)
	at org.eclipse.jdt.internal.junit.model.RemoteTestRunnerClient.access$7(RemoteTestRunnerClient.java:513)
	at org.eclipse.jdt.internal.junit.model.RemoteTestRunnerClient$DefaultProcessingState.readMessage(RemoteTestRunnerClient.java:91)
	at org.eclipse.jdt.internal.junit.model.RemoteTestRunnerClient.receiveMessage(RemoteTestRunnerClient.java:375)
	at org.eclipse.jdt.internal.junit.model.RemoteTestRunnerClient.access$27(RemoteTestRunnerClient.java:374)
	at org.eclipse.jdt.internal.junit.model.RemoteTestRunnerClient$ServerConnection.run(RemoteTestRunnerClient.java:272)

!ENTRY org.eclipse.jdt.junit.core 4 4 2017-08-13 21:57:37.435
!MESSAGE Error
!STACK 0
java.lang.Exception: Unexpected TestElement type for testId '8': TestSuite: Scenario: Successful LogOut : Not Started - Undefined (2)
	at org.eclipse.jdt.internal.junit.model.TestRunSession$TestSessionNotifier.logUnexpectedTest(TestRunSession.java:737)
	at org.eclipse.jdt.internal.junit.model.TestRunSession$TestSessionNotifier.testStarted(TestRunSession.java:641)
	at org.eclipse.jdt.internal.junit.model.RemoteTestRunnerClient$5.run(RemoteTestRunnerClient.java:535)
	at org.eclipse.core.runtime.SafeRunner.run(SafeRunner.java:42)
	at org.eclipse.jdt.internal.junit.model.RemoteTestRunnerClient.notifyTestStarted(RemoteTestRunnerClient.java:532)
	at org.eclipse.jdt.internal.junit.model.RemoteTestRunnerClient.access$6(RemoteTestRunnerClient.java:527)
	at org.eclipse.jdt.internal.junit.model.RemoteTestRunnerClient$DefaultProcessingState.readMessage(RemoteTestRunnerClient.java:87)
	at org.eclipse.jdt.internal.junit.model.RemoteTestRunnerClient.receiveMessage(RemoteTestRunnerClient.java:375)
	at org.eclipse.jdt.internal.junit.model.RemoteTestRunnerClient.access$27(RemoteTestRunnerClient.java:374)
	at org.eclipse.jdt.internal.junit.model.RemoteTestRunnerClient$ServerConnection.run(RemoteTestRunnerClient.java:272)

!ENTRY org.eclipse.jdt.junit.core 4 4 2017-08-13 21:57:47.546
!MESSAGE Error
!STACK 0
java.lang.Exception: Unexpected TestElement type for testId '8': TestSuite: Scenario: Successful LogOut : Completed - Error (2)
	at org.eclipse.jdt.internal.junit.model.TestRunSession$TestSessionNotifier.logUnexpectedTest(TestRunSession.java:737)
	at org.eclipse.jdt.internal.junit.model.TestRunSession$TestSessionNotifier.testStarted(TestRunSession.java:641)
	at org.eclipse.jdt.internal.junit.model.RemoteTestRunnerClient$5.run(RemoteTestRunnerClient.java:535)
	at org.eclipse.core.runtime.SafeRunner.run(SafeRunner.java:42)
	at org.eclipse.jdt.internal.junit.model.RemoteTestRunnerClient.notifyTestStarted(RemoteTestRunnerClient.java:532)
	at org.eclipse.jdt.internal.junit.model.RemoteTestRunnerClient.access$6(RemoteTestRunnerClient.java:527)
	at org.eclipse.jdt.internal.junit.model.RemoteTestRunnerClient$DefaultProcessingState.readMessage(RemoteTestRunnerClient.java:87)
	at org.eclipse.jdt.internal.junit.model.RemoteTestRunnerClient.receiveMessage(RemoteTestRunnerClient.java:375)
	at org.eclipse.jdt.internal.junit.model.RemoteTestRunnerClient.access$27(RemoteTestRunnerClient.java:374)
	at org.eclipse.jdt.internal.junit.model.RemoteTestRunnerClient$ServerConnection.run(RemoteTestRunnerClient.java:272)

!ENTRY org.eclipse.jdt.junit.core 4 4 2017-08-13 21:57:47.557
!MESSAGE Error
!STACK 0
java.lang.Exception: Unexpected TestElement type for testId '8': TestSuite: Scenario: Successful LogOut : Completed - Error (2)
	at org.eclipse.jdt.internal.junit.model.TestRunSession$TestSessionNotifier.logUnexpectedTest(TestRunSession.java:737)
	at org.eclipse.jdt.internal.junit.model.TestRunSession$TestSessionNotifier.testEnded(TestRunSession.java:667)
	at org.eclipse.jdt.internal.junit.model.RemoteTestRunnerClient$4.run(RemoteTestRunnerClient.java:521)
	at org.eclipse.core.runtime.SafeRunner.run(SafeRunner.java:42)
	at org.eclipse.jdt.internal.junit.model.RemoteTestRunnerClient.notifyTestEnded(RemoteTestRunnerClient.java:518)
	at org.eclipse.jdt.internal.junit.model.RemoteTestRunnerClient.access$7(RemoteTestRunnerClient.java:513)
	at org.eclipse.jdt.internal.junit.model.RemoteTestRunnerClient$DefaultProcessingState.readMessage(RemoteTestRunnerClient.java:91)
	at org.eclipse.jdt.internal.junit.model.RemoteTestRunnerClient.receiveMessage(RemoteTestRunnerClient.java:375)
	at org.eclipse.jdt.internal.junit.model.RemoteTestRunnerClient.access$27(RemoteTestRunnerClient.java:374)
	at org.eclipse.jdt.internal.junit.model.RemoteTestRunnerClient$ServerConnection.run(RemoteTestRunnerClient.java:272)

!ENTRY org.eclipse.jdt.junit.core 4 4 2017-08-13 22:01:39.631
!MESSAGE Error
!STACK 0
java.lang.Exception: Unexpected TestElement type for testId '3': TestSuite: Scenario: Successful Login with Valid Credentials : Not Started - Undefined (4)
	at org.eclipse.jdt.internal.junit.model.TestRunSession$TestSessionNotifier.logUnexpectedTest(TestRunSession.java:737)
	at org.eclipse.jdt.internal.junit.model.TestRunSession$TestSessionNotifier.testStarted(TestRunSession.java:641)
	at org.eclipse.jdt.internal.junit.model.RemoteTestRunnerClient$5.run(RemoteTestRunnerClient.java:535)
	at org.eclipse.core.runtime.SafeRunner.run(SafeRunner.java:42)
	at org.eclipse.jdt.internal.junit.model.RemoteTestRunnerClient.notifyTestStarted(RemoteTestRunnerClient.java:532)
	at org.eclipse.jdt.internal.junit.model.RemoteTestRunnerClient.access$6(RemoteTestRunnerClient.java:527)
	at org.eclipse.jdt.internal.junit.model.RemoteTestRunnerClient$DefaultProcessingState.readMessage(RemoteTestRunnerClient.java:87)
	at org.eclipse.jdt.internal.junit.model.RemoteTestRunnerClient.receiveMessage(RemoteTestRunnerClient.java:375)
	at org.eclipse.jdt.internal.junit.model.RemoteTestRunnerClient.access$27(RemoteTestRunnerClient.java:374)
	at org.eclipse.jdt.internal.junit.model.RemoteTestRunnerClient$ServerConnection.run(RemoteTestRunnerClient.java:272)

!ENTRY org.eclipse.jdt.junit.core 4 4 2017-08-13 22:01:58.061
!MESSAGE Error
!STACK 0
java.lang.Exception: Unexpected TestElement type for testId '3': TestSuite: Scenario: Successful Login with Valid Credentials : Completed - OK (4)
	at org.eclipse.jdt.internal.junit.model.TestRunSession$TestSessionNotifier.logUnexpectedTest(TestRunSession.java:737)
	at org.eclipse.jdt.internal.junit.model.TestRunSession$TestSessionNotifier.testEnded(TestRunSession.java:667)
	at org.eclipse.jdt.internal.junit.model.RemoteTestRunnerClient$4.run(RemoteTestRunnerClient.java:521)
	at org.eclipse.core.runtime.SafeRunner.run(SafeRunner.java:42)
	at org.eclipse.jdt.internal.junit.model.RemoteTestRunnerClient.notifyTestEnded(RemoteTestRunnerClient.java:518)
	at org.eclipse.jdt.internal.junit.model.RemoteTestRunnerClient.access$7(RemoteTestRunnerClient.java:513)
	at org.eclipse.jdt.internal.junit.model.RemoteTestRunnerClient$DefaultProcessingState.readMessage(RemoteTestRunnerClient.java:91)
	at org.eclipse.jdt.internal.junit.model.RemoteTestRunnerClient.receiveMessage(RemoteTestRunnerClient.java:375)
	at org.eclipse.jdt.internal.junit.model.RemoteTestRunnerClient.access$27(RemoteTestRunnerClient.java:374)
	at org.eclipse.jdt.internal.junit.model.RemoteTestRunnerClient$ServerConnection.run(RemoteTestRunnerClient.java:272)

!ENTRY org.eclipse.jdt.junit.core 4 4 2017-08-13 22:01:58.067
!MESSAGE Error
!STACK 0
java.lang.Exception: Unexpected TestElement type for testId '8': TestSuite: Scenario: Successful LogOut : Not Started - Undefined (2)
	at org.eclipse.jdt.internal.junit.model.TestRunSession$TestSessionNotifier.logUnexpectedTest(TestRunSession.java:737)
	at org.eclipse.jdt.internal.junit.model.TestRunSession$TestSessionNotifier.testStarted(TestRunSession.java:641)
	at org.eclipse.jdt.internal.junit.model.RemoteTestRunnerClient$5.run(RemoteTestRunnerClient.java:535)
	at org.eclipse.core.runtime.SafeRunner.run(SafeRunner.java:42)
	at org.eclipse.jdt.internal.junit.model.RemoteTestRunnerClient.notifyTestStarted(RemoteTestRunnerClient.java:532)
	at org.eclipse.jdt.internal.junit.model.RemoteTestRunnerClient.access$6(RemoteTestRunnerClient.java:527)
	at org.eclipse.jdt.internal.junit.model.RemoteTestRunnerClient$DefaultProcessingState.readMessage(RemoteTestRunnerClient.java:87)
	at org.eclipse.jdt.internal.junit.model.RemoteTestRunnerClient.receiveMessage(RemoteTestRunnerClient.java:375)
	at org.eclipse.jdt.internal.junit.model.RemoteTestRunnerClient.access$27(RemoteTestRunnerClient.java:374)
	at org.eclipse.jdt.internal.junit.model.RemoteTestRunnerClient$ServerConnection.run(RemoteTestRunnerClient.java:272)

!ENTRY org.eclipse.jdt.junit.core 4 4 2017-08-13 22:02:02.797
!MESSAGE Error
!STACK 0
java.lang.Exception: Unexpected TestElement type for testId '8': TestSuite: Scenario: Successful LogOut : Completed - OK (2)
	at org.eclipse.jdt.internal.junit.model.TestRunSession$TestSessionNotifier.logUnexpectedTest(TestRunSession.java:737)
	at org.eclipse.jdt.internal.junit.model.TestRunSession$TestSessionNotifier.testEnded(TestRunSession.java:667)
	at org.eclipse.jdt.internal.junit.model.RemoteTestRunnerClient$4.run(RemoteTestRunnerClient.java:521)
	at org.eclipse.core.runtime.SafeRunner.run(SafeRunner.java:42)
	at org.eclipse.jdt.internal.junit.model.RemoteTestRunnerClient.notifyTestEnded(RemoteTestRunnerClient.java:518)
	at org.eclipse.jdt.internal.junit.model.RemoteTestRunnerClient.access$7(RemoteTestRunnerClient.java:513)
	at org.eclipse.jdt.internal.junit.model.RemoteTestRunnerClient$DefaultProcessingState.readMessage(RemoteTestRunnerClient.java:91)
	at org.eclipse.jdt.internal.junit.model.RemoteTestRunnerClient.receiveMessage(RemoteTestRunnerClient.java:375)
	at org.eclipse.jdt.internal.junit.model.RemoteTestRunnerClient.access$27(RemoteTestRunnerClient.java:374)
	at org.eclipse.jdt.internal.junit.model.RemoteTestRunnerClient$ServerConnection.run(RemoteTestRunnerClient.java:272)

!ENTRY org.eclipse.jdt.junit.core 4 4 2017-08-13 22:03:47.431
!MESSAGE Error
!STACK 0
java.lang.Exception: Unexpected TestElement type for testId '3': TestSuite: Scenario: Successful Login with Valid Credentials : Not Started - Undefined (4)
	at org.eclipse.jdt.internal.junit.model.TestRunSession$TestSessionNotifier.logUnexpectedTest(TestRunSession.java:737)
	at org.eclipse.jdt.internal.junit.model.TestRunSession$TestSessionNotifier.testStarted(TestRunSession.java:641)
	at org.eclipse.jdt.internal.junit.model.RemoteTestRunnerClient$5.run(RemoteTestRunnerClient.java:535)
	at org.eclipse.core.runtime.SafeRunner.run(SafeRunner.java:42)
	at org.eclipse.jdt.internal.junit.model.RemoteTestRunnerClient.notifyTestStarted(RemoteTestRunnerClient.java:532)
	at org.eclipse.jdt.internal.junit.model.RemoteTestRunnerClient.access$6(RemoteTestRunnerClient.java:527)
	at org.eclipse.jdt.internal.junit.model.RemoteTestRunnerClient$DefaultProcessingState.readMessage(RemoteTestRunnerClient.java:87)
	at org.eclipse.jdt.internal.junit.model.RemoteTestRunnerClient.receiveMessage(RemoteTestRunnerClient.java:375)
	at org.eclipse.jdt.internal.junit.model.RemoteTestRunnerClient.access$27(RemoteTestRunnerClient.java:374)
	at org.eclipse.jdt.internal.junit.model.RemoteTestRunnerClient$ServerConnection.run(RemoteTestRunnerClient.java:272)

!ENTRY org.eclipse.jdt.junit.core 4 4 2017-08-13 22:04:07.408
!MESSAGE Error
!STACK 0
java.lang.Exception: Unexpected TestElement type for testId '3': TestSuite: Scenario: Successful Login with Valid Credentials : Completed - OK (4)
	at org.eclipse.jdt.internal.junit.model.TestRunSession$TestSessionNotifier.logUnexpectedTest(TestRunSession.java:737)
	at org.eclipse.jdt.internal.junit.model.TestRunSession$TestSessionNotifier.testEnded(TestRunSession.java:667)
	at org.eclipse.jdt.internal.junit.model.RemoteTestRunnerClient$4.run(RemoteTestRunnerClient.java:521)
	at org.eclipse.core.runtime.SafeRunner.run(SafeRunner.java:42)
	at org.eclipse.jdt.internal.junit.model.RemoteTestRunnerClient.notifyTestEnded(RemoteTestRunnerClient.java:518)
	at org.eclipse.jdt.internal.junit.model.RemoteTestRunnerClient.access$7(RemoteTestRunnerClient.java:513)
	at org.eclipse.jdt.internal.junit.model.RemoteTestRunnerClient$DefaultProcessingState.readMessage(RemoteTestRunnerClient.java:91)
	at org.eclipse.jdt.internal.junit.model.RemoteTestRunnerClient.receiveMessage(RemoteTestRunnerClient.java:375)
	at org.eclipse.jdt.internal.junit.model.RemoteTestRunnerClient.access$27(RemoteTestRunnerClient.java:374)
	at org.eclipse.jdt.internal.junit.model.RemoteTestRunnerClient$ServerConnection.run(RemoteTestRunnerClient.java:272)

!ENTRY org.eclipse.jdt.junit.core 4 4 2017-08-13 22:04:07.412
!MESSAGE Error
!STACK 0
java.lang.Exception: Unexpected TestElement type for testId '8': TestSuite: Scenario: Successful LogOut : Not Started - Undefined (2)
	at org.eclipse.jdt.internal.junit.model.TestRunSession$TestSessionNotifier.logUnexpectedTest(TestRunSession.java:737)
	at org.eclipse.jdt.internal.junit.model.TestRunSession$TestSessionNotifier.testStarted(TestRunSession.java:641)
	at org.eclipse.jdt.internal.junit.model.RemoteTestRunnerClient$5.run(RemoteTestRunnerClient.java:535)
	at org.eclipse.core.runtime.SafeRunner.run(SafeRunner.java:42)
	at org.eclipse.jdt.internal.junit.model.RemoteTestRunnerClient.notifyTestStarted(RemoteTestRunnerClient.java:532)
	at org.eclipse.jdt.internal.junit.model.RemoteTestRunnerClient.access$6(RemoteTestRunnerClient.java:527)
	at org.eclipse.jdt.internal.junit.model.RemoteTestRunnerClient$DefaultProcessingState.readMessage(RemoteTestRunnerClient.java:87)
	at org.eclipse.jdt.internal.junit.model.RemoteTestRunnerClient.receiveMessage(RemoteTestRunnerClient.java:375)
	at org.eclipse.jdt.internal.junit.model.RemoteTestRunnerClient.access$27(RemoteTestRunnerClient.java:374)
	at org.eclipse.jdt.internal.junit.model.RemoteTestRunnerClient$ServerConnection.run(RemoteTestRunnerClient.java:272)

!ENTRY org.eclipse.jdt.junit.core 4 4 2017-08-13 22:04:12.079
!MESSAGE Error
!STACK 0
java.lang.Exception: Unexpected TestElement type for testId '8': TestSuite: Scenario: Successful LogOut : Completed - OK (2)
	at org.eclipse.jdt.internal.junit.model.TestRunSession$TestSessionNotifier.logUnexpectedTest(TestRunSession.java:737)
	at org.eclipse.jdt.internal.junit.model.TestRunSession$TestSessionNotifier.testEnded(TestRunSession.java:667)
	at org.eclipse.jdt.internal.junit.model.RemoteTestRunnerClient$4.run(RemoteTestRunnerClient.java:521)
	at org.eclipse.core.runtime.SafeRunner.run(SafeRunner.java:42)
	at org.eclipse.jdt.internal.junit.model.RemoteTestRunnerClient.notifyTestEnded(RemoteTestRunnerClient.java:518)
	at org.eclipse.jdt.internal.junit.model.RemoteTestRunnerClient.access$7(RemoteTestRunnerClient.java:513)
	at org.eclipse.jdt.internal.junit.model.RemoteTestRunnerClient$DefaultProcessingState.readMessage(RemoteTestRunnerClient.java:91)
	at org.eclipse.jdt.internal.junit.model.RemoteTestRunnerClient.receiveMessage(RemoteTestRunnerClient.java:375)
	at org.eclipse.jdt.internal.junit.model.RemoteTestRunnerClient.access$27(RemoteTestRunnerClient.java:374)
	at org.eclipse.jdt.internal.junit.model.RemoteTestRunnerClient$ServerConnection.run(RemoteTestRunnerClient.java:272)

!ENTRY org.eclipse.jdt.junit.core 4 4 2017-08-13 22:09:55.417
!MESSAGE Error
!STACK 0
java.lang.Exception: Unexpected TestElement type for testId '3': TestSuite: Scenario: Successful Login with Valid Credentials : Not Started - Undefined (4)
	at org.eclipse.jdt.internal.junit.model.TestRunSession$TestSessionNotifier.logUnexpectedTest(TestRunSession.java:737)
	at org.eclipse.jdt.internal.junit.model.TestRunSession$TestSessionNotifier.testStarted(TestRunSession.java:641)
	at org.eclipse.jdt.internal.junit.model.RemoteTestRunnerClient$5.run(RemoteTestRunnerClient.java:535)
	at org.eclipse.core.runtime.SafeRunner.run(SafeRunner.java:42)
	at org.eclipse.jdt.internal.junit.model.RemoteTestRunnerClient.notifyTestStarted(RemoteTestRunnerClient.java:532)
	at org.eclipse.jdt.internal.junit.model.RemoteTestRunnerClient.access$6(RemoteTestRunnerClient.java:527)
	at org.eclipse.jdt.internal.junit.model.RemoteTestRunnerClient$DefaultProcessingState.readMessage(RemoteTestRunnerClient.java:87)
	at org.eclipse.jdt.internal.junit.model.RemoteTestRunnerClient.receiveMessage(RemoteTestRunnerClient.java:375)
	at org.eclipse.jdt.internal.junit.model.RemoteTestRunnerClient.access$27(RemoteTestRunnerClient.java:374)
	at org.eclipse.jdt.internal.junit.model.RemoteTestRunnerClient$ServerConnection.run(RemoteTestRunnerClient.java:272)

!ENTRY org.eclipse.jdt.junit.core 4 4 2017-08-13 22:10:12.396
!MESSAGE Error
!STACK 0
java.lang.Exception: Unexpected TestElement type for testId '3': TestSuite: Scenario: Successful Login with Valid Credentials : Completed - OK (4)
	at org.eclipse.jdt.internal.junit.model.TestRunSession$TestSessionNotifier.logUnexpectedTest(TestRunSession.java:737)
	at org.eclipse.jdt.internal.junit.model.TestRunSession$TestSessionNotifier.testEnded(TestRunSession.java:667)
	at org.eclipse.jdt.internal.junit.model.RemoteTestRunnerClient$4.run(RemoteTestRunnerClient.java:521)
	at org.eclipse.core.runtime.SafeRunner.run(SafeRunner.java:42)
	at org.eclipse.jdt.internal.junit.model.RemoteTestRunnerClient.notifyTestEnded(RemoteTestRunnerClient.java:518)
	at org.eclipse.jdt.internal.junit.model.RemoteTestRunnerClient.access$7(RemoteTestRunnerClient.java:513)
	at org.eclipse.jdt.internal.junit.model.RemoteTestRunnerClient$DefaultProcessingState.readMessage(RemoteTestRunnerClient.java:91)
	at org.eclipse.jdt.internal.junit.model.RemoteTestRunnerClient.receiveMessage(RemoteTestRunnerClient.java:375)
	at org.eclipse.jdt.internal.junit.model.RemoteTestRunnerClient.access$27(RemoteTestRunnerClient.java:374)
	at org.eclipse.jdt.internal.junit.model.RemoteTestRunnerClient$ServerConnection.run(RemoteTestRunnerClient.java:272)

!ENTRY org.eclipse.jdt.junit.core 4 4 2017-08-13 22:10:12.399
!MESSAGE Error
!STACK 0
java.lang.Exception: Unexpected TestElement type for testId '8': TestSuite: Scenario: Successful LogOut : Not Started - Undefined (2)
	at org.eclipse.jdt.internal.junit.model.TestRunSession$TestSessionNotifier.logUnexpectedTest(TestRunSession.java:737)
	at org.eclipse.jdt.internal.junit.model.TestRunSession$TestSessionNotifier.testStarted(TestRunSession.java:641)
	at org.eclipse.jdt.internal.junit.model.RemoteTestRunnerClient$5.run(RemoteTestRunnerClient.java:535)
	at org.eclipse.core.runtime.SafeRunner.run(SafeRunner.java:42)
	at org.eclipse.jdt.internal.junit.model.RemoteTestRunnerClient.notifyTestStarted(RemoteTestRunnerClient.java:532)
	at org.eclipse.jdt.internal.junit.model.RemoteTestRunnerClient.access$6(RemoteTestRunnerClient.java:527)
	at org.eclipse.jdt.internal.junit.model.RemoteTestRunnerClient$DefaultProcessingState.readMessage(RemoteTestRunnerClient.java:87)
	at org.eclipse.jdt.internal.junit.model.RemoteTestRunnerClient.receiveMessage(RemoteTestRunnerClient.java:375)
	at org.eclipse.jdt.internal.junit.model.RemoteTestRunnerClient.access$27(RemoteTestRunnerClient.java:374)
	at org.eclipse.jdt.internal.junit.model.RemoteTestRunnerClient$ServerConnection.run(RemoteTestRunnerClient.java:272)

!ENTRY org.eclipse.jdt.junit.core 4 4 2017-08-13 22:10:18.678
!MESSAGE Error
!STACK 0
java.lang.Exception: Unexpected TestElement type for testId '8': TestSuite: Scenario: Successful LogOut : Completed - OK (2)
	at org.eclipse.jdt.internal.junit.model.TestRunSession$TestSessionNotifier.logUnexpectedTest(TestRunSession.java:737)
	at org.eclipse.jdt.internal.junit.model.TestRunSession$TestSessionNotifier.testEnded(TestRunSession.java:667)
	at org.eclipse.jdt.internal.junit.model.RemoteTestRunnerClient$4.run(RemoteTestRunnerClient.java:521)
	at org.eclipse.core.runtime.SafeRunner.run(SafeRunner.java:42)
	at org.eclipse.jdt.internal.junit.model.RemoteTestRunnerClient.notifyTestEnded(RemoteTestRunnerClient.java:518)
	at org.eclipse.jdt.internal.junit.model.RemoteTestRunnerClient.access$7(RemoteTestRunnerClient.java:513)
	at org.eclipse.jdt.internal.junit.model.RemoteTestRunnerClient$DefaultProcessingState.readMessage(RemoteTestRunnerClient.java:91)
	at org.eclipse.jdt.internal.junit.model.RemoteTestRunnerClient.receiveMessage(RemoteTestRunnerClient.java:375)
	at org.eclipse.jdt.internal.junit.model.RemoteTestRunnerClient.access$27(RemoteTestRunnerClient.java:374)
	at org.eclipse.jdt.internal.junit.model.RemoteTestRunnerClient$ServerConnection.run(RemoteTestRunnerClient.java:272)

!ENTRY org.eclipse.jdt.junit.core 4 4 2017-08-13 22:13:07.769
!MESSAGE Error
!STACK 0
java.lang.Exception: Unexpected TestElement type for testId '3': TestSuite: Scenario: Successful Login with Valid Credentials : Not Started - Undefined (4)
	at org.eclipse.jdt.internal.junit.model.TestRunSession$TestSessionNotifier.logUnexpectedTest(TestRunSession.java:737)
	at org.eclipse.jdt.internal.junit.model.TestRunSession$TestSessionNotifier.testStarted(TestRunSession.java:641)
	at org.eclipse.jdt.internal.junit.model.RemoteTestRunnerClient$5.run(RemoteTestRunnerClient.java:535)
	at org.eclipse.core.runtime.SafeRunner.run(SafeRunner.java:42)
	at org.eclipse.jdt.internal.junit.model.RemoteTestRunnerClient.notifyTestStarted(RemoteTestRunnerClient.java:532)
	at org.eclipse.jdt.internal.junit.model.RemoteTestRunnerClient.access$6(RemoteTestRunnerClient.java:527)
	at org.eclipse.jdt.internal.junit.model.RemoteTestRunnerClient$DefaultProcessingState.readMessage(RemoteTestRunnerClient.java:87)
	at org.eclipse.jdt.internal.junit.model.RemoteTestRunnerClient.receiveMessage(RemoteTestRunnerClient.java:375)
	at org.eclipse.jdt.internal.junit.model.RemoteTestRunnerClient.access$27(RemoteTestRunnerClient.java:374)
	at org.eclipse.jdt.internal.junit.model.RemoteTestRunnerClient$ServerConnection.run(RemoteTestRunnerClient.java:272)

!ENTRY org.eclipse.jdt.junit.core 4 4 2017-08-13 22:13:24.679
!MESSAGE Error
!STACK 0
java.lang.Exception: Unexpected TestElement type for testId '3': TestSuite: Scenario: Successful Login with Valid Credentials : Completed - OK (4)
	at org.eclipse.jdt.internal.junit.model.TestRunSession$TestSessionNotifier.logUnexpectedTest(TestRunSession.java:737)
	at org.eclipse.jdt.internal.junit.model.TestRunSession$TestSessionNotifier.testEnded(TestRunSession.java:667)
	at org.eclipse.jdt.internal.junit.model.RemoteTestRunnerClient$4.run(RemoteTestRunnerClient.java:521)
	at org.eclipse.core.runtime.SafeRunner.run(SafeRunner.java:42)
	at org.eclipse.jdt.internal.junit.model.RemoteTestRunnerClient.notifyTestEnded(RemoteTestRunnerClient.java:518)
	at org.eclipse.jdt.internal.junit.model.RemoteTestRunnerClient.access$7(RemoteTestRunnerClient.java:513)
	at org.eclipse.jdt.internal.junit.model.RemoteTestRunnerClient$DefaultProcessingState.readMessage(RemoteTestRunnerClient.java:91)
	at org.eclipse.jdt.internal.junit.model.RemoteTestRunnerClient.receiveMessage(RemoteTestRunnerClient.java:375)
	at org.eclipse.jdt.internal.junit.model.RemoteTestRunnerClient.access$27(RemoteTestRunnerClient.java:374)
	at org.eclipse.jdt.internal.junit.model.RemoteTestRunnerClient$ServerConnection.run(RemoteTestRunnerClient.java:272)

!ENTRY org.eclipse.jdt.junit.core 4 4 2017-08-13 22:13:24.681
!MESSAGE Error
!STACK 0
java.lang.Exception: Unexpected TestElement type for testId '8': TestSuite: Scenario: Successful LogOut : Not Started - Undefined (2)
	at org.eclipse.jdt.internal.junit.model.TestRunSession$TestSessionNotifier.logUnexpectedTest(TestRunSession.java:737)
	at org.eclipse.jdt.internal.junit.model.TestRunSession$TestSessionNotifier.testStarted(TestRunSession.java:641)
	at org.eclipse.jdt.internal.junit.model.RemoteTestRunnerClient$5.run(RemoteTestRunnerClient.java:535)
	at org.eclipse.core.runtime.SafeRunner.run(SafeRunner.java:42)
	at org.eclipse.jdt.internal.junit.model.RemoteTestRunnerClient.notifyTestStarted(RemoteTestRunnerClient.java:532)
	at org.eclipse.jdt.internal.junit.model.RemoteTestRunnerClient.access$6(RemoteTestRunnerClient.java:527)
	at org.eclipse.jdt.internal.junit.model.RemoteTestRunnerClient$DefaultProcessingState.readMessage(RemoteTestRunnerClient.java:87)
	at org.eclipse.jdt.internal.junit.model.RemoteTestRunnerClient.receiveMessage(RemoteTestRunnerClient.java:375)
	at org.eclipse.jdt.internal.junit.model.RemoteTestRunnerClient.access$27(RemoteTestRunnerClient.java:374)
	at org.eclipse.jdt.internal.junit.model.RemoteTestRunnerClient$ServerConnection.run(RemoteTestRunnerClient.java:272)

!ENTRY org.eclipse.jdt.junit.core 4 4 2017-08-13 22:13:30.735
!MESSAGE Error
!STACK 0
java.lang.Exception: Unexpected TestElement type for testId '8': TestSuite: Scenario: Successful LogOut : Completed - OK (2)
	at org.eclipse.jdt.internal.junit.model.TestRunSession$TestSessionNotifier.logUnexpectedTest(TestRunSession.java:737)
	at org.eclipse.jdt.internal.junit.model.TestRunSession$TestSessionNotifier.testEnded(TestRunSession.java:667)
	at org.eclipse.jdt.internal.junit.model.RemoteTestRunnerClient$4.run(RemoteTestRunnerClient.java:521)
	at org.eclipse.core.runtime.SafeRunner.run(SafeRunner.java:42)
	at org.eclipse.jdt.internal.junit.model.RemoteTestRunnerClient.notifyTestEnded(RemoteTestRunnerClient.java:518)
	at org.eclipse.jdt.internal.junit.model.RemoteTestRunnerClient.access$7(RemoteTestRunnerClient.java:513)
	at org.eclipse.jdt.internal.junit.model.RemoteTestRunnerClient$DefaultProcessingState.readMessage(RemoteTestRunnerClient.java:91)
	at org.eclipse.jdt.internal.junit.model.RemoteTestRunnerClient.receiveMessage(RemoteTestRunnerClient.java:375)
	at org.eclipse.jdt.internal.junit.model.RemoteTestRunnerClient.access$27(RemoteTestRunnerClient.java:374)
	at org.eclipse.jdt.internal.junit.model.RemoteTestRunnerClient$ServerConnection.run(RemoteTestRunnerClient.java:272)

!ENTRY org.eclipse.jdt.junit.core 4 4 2017-08-13 22:19:19.656
!MESSAGE Error
!STACK 0
java.lang.Exception: Unexpected TestElement type for testId '3': TestSuite: Scenario: Successful Login with Valid Credentials : Not Started - Undefined (4)
	at org.eclipse.jdt.internal.junit.model.TestRunSession$TestSessionNotifier.logUnexpectedTest(TestRunSession.java:737)
	at org.eclipse.jdt.internal.junit.model.TestRunSession$TestSessionNotifier.testStarted(TestRunSession.java:641)
	at org.eclipse.jdt.internal.junit.model.RemoteTestRunnerClient$5.run(RemoteTestRunnerClient.java:535)
	at org.eclipse.core.runtime.SafeRunner.run(SafeRunner.java:42)
	at org.eclipse.jdt.internal.junit.model.RemoteTestRunnerClient.notifyTestStarted(RemoteTestRunnerClient.java:532)
	at org.eclipse.jdt.internal.junit.model.RemoteTestRunnerClient.access$6(RemoteTestRunnerClient.java:527)
	at org.eclipse.jdt.internal.junit.model.RemoteTestRunnerClient$DefaultProcessingState.readMessage(RemoteTestRunnerClient.java:87)
	at org.eclipse.jdt.internal.junit.model.RemoteTestRunnerClient.receiveMessage(RemoteTestRunnerClient.java:375)
	at org.eclipse.jdt.internal.junit.model.RemoteTestRunnerClient.access$27(RemoteTestRunnerClient.java:374)
	at org.eclipse.jdt.internal.junit.model.RemoteTestRunnerClient$ServerConnection.run(RemoteTestRunnerClient.java:272)

!ENTRY org.eclipse.jdt.junit.core 4 4 2017-08-13 22:19:42.155
!MESSAGE Error
!STACK 0
java.lang.Exception: Unexpected TestElement type for testId '3': TestSuite: Scenario: Successful Login with Valid Credentials : Completed - OK (4)
	at org.eclipse.jdt.internal.junit.model.TestRunSession$TestSessionNotifier.logUnexpectedTest(TestRunSession.java:737)
	at org.eclipse.jdt.internal.junit.model.TestRunSession$TestSessionNotifier.testEnded(TestRunSession.java:667)
	at org.eclipse.jdt.internal.junit.model.RemoteTestRunnerClient$4.run(RemoteTestRunnerClient.java:521)
	at org.eclipse.core.runtime.SafeRunner.run(SafeRunner.java:42)
	at org.eclipse.jdt.internal.junit.model.RemoteTestRunnerClient.notifyTestEnded(RemoteTestRunnerClient.java:518)
	at org.eclipse.jdt.internal.junit.model.RemoteTestRunnerClient.access$7(RemoteTestRunnerClient.java:513)
	at org.eclipse.jdt.internal.junit.model.RemoteTestRunnerClient$DefaultProcessingState.readMessage(RemoteTestRunnerClient.java:91)
	at org.eclipse.jdt.internal.junit.model.RemoteTestRunnerClient.receiveMessage(RemoteTestRunnerClient.java:375)
	at org.eclipse.jdt.internal.junit.model.RemoteTestRunnerClient.access$27(RemoteTestRunnerClient.java:374)
	at org.eclipse.jdt.internal.junit.model.RemoteTestRunnerClient$ServerConnection.run(RemoteTestRunnerClient.java:272)

!ENTRY org.eclipse.jdt.junit.core 4 4 2017-08-13 22:19:42.158
!MESSAGE Error
!STACK 0
java.lang.Exception: Unexpected TestElement type for testId '8': TestSuite: Scenario: Successful LogOut : Not Started - Undefined (3)
	at org.eclipse.jdt.internal.junit.model.TestRunSession$TestSessionNotifier.logUnexpectedTest(TestRunSession.java:737)
	at org.eclipse.jdt.internal.junit.model.TestRunSession$TestSessionNotifier.testStarted(TestRunSession.java:641)
	at org.eclipse.jdt.internal.junit.model.RemoteTestRunnerClient$5.run(RemoteTestRunnerClient.java:535)
	at org.eclipse.core.runtime.SafeRunner.run(SafeRunner.java:42)
	at org.eclipse.jdt.internal.junit.model.RemoteTestRunnerClient.notifyTestStarted(RemoteTestRunnerClient.java:532)
	at org.eclipse.jdt.internal.junit.model.RemoteTestRunnerClient.access$6(RemoteTestRunnerClient.java:527)
	at org.eclipse.jdt.internal.junit.model.RemoteTestRunnerClient$DefaultProcessingState.readMessage(RemoteTestRunnerClient.java:87)
	at org.eclipse.jdt.internal.junit.model.RemoteTestRunnerClient.receiveMessage(RemoteTestRunnerClient.java:375)
	at org.eclipse.jdt.internal.junit.model.RemoteTestRunnerClient.access$27(RemoteTestRunnerClient.java:374)
	at org.eclipse.jdt.internal.junit.model.RemoteTestRunnerClient$ServerConnection.run(RemoteTestRunnerClient.java:272)

!ENTRY org.eclipse.jdt.junit.core 4 4 2017-08-13 22:19:48.606
!MESSAGE Error
!STACK 0
java.lang.Exception: Unexpected TestElement type for testId '8': TestSuite: Scenario: Successful LogOut : Completed - OK (3)
	at org.eclipse.jdt.internal.junit.model.TestRunSession$TestSessionNotifier.logUnexpectedTest(TestRunSession.java:737)
	at org.eclipse.jdt.internal.junit.model.TestRunSession$TestSessionNotifier.testEnded(TestRunSession.java:667)
	at org.eclipse.jdt.internal.junit.model.RemoteTestRunnerClient$4.run(RemoteTestRunnerClient.java:521)
	at org.eclipse.core.runtime.SafeRunner.run(SafeRunner.java:42)
	at org.eclipse.jdt.internal.junit.model.RemoteTestRunnerClient.notifyTestEnded(RemoteTestRunnerClient.java:518)
	at org.eclipse.jdt.internal.junit.model.RemoteTestRunnerClient.access$7(RemoteTestRunnerClient.java:513)
	at org.eclipse.jdt.internal.junit.model.RemoteTestRunnerClient$DefaultProcessingState.readMessage(RemoteTestRunnerClient.java:91)
	at org.eclipse.jdt.internal.junit.model.RemoteTestRunnerClient.receiveMessage(RemoteTestRunnerClient.java:375)
	at org.eclipse.jdt.internal.junit.model.RemoteTestRunnerClient.access$27(RemoteTestRunnerClient.java:374)
	at org.eclipse.jdt.internal.junit.model.RemoteTestRunnerClient$ServerConnection.run(RemoteTestRunnerClient.java:272)
!SESSION 2017-08-17 20:41:44.844 -----------------------------------------------
eclipse.buildId=4.5.2.M20160212-1500
java.version=1.7.0_40
java.vendor=Oracle Corporation
BootLoader constants: OS=win32, ARCH=x86_64, WS=win32, NL=en_US
Framework arguments:  -product org.eclipse.epp.package.java.product
Command-line arguments:  -os win32 -ws win32 -arch x86_64 -product org.eclipse.epp.package.java.product

!ENTRY org.eclipse.egit.ui 2 0 2017-08-17 20:43:12.010
!MESSAGE Warning: The environment variable HOME is not set. The following directory will be used to store the Git
user global configuration and to define the default location to store repositories: 'C:\Users\Karuna'. If this is
not correct please set the HOME environment variable and restart Eclipse. Otherwise Git for Windows and
EGit might behave differently since they see different configuration options.
This warning can be switched off on the Team > Git > Confirmations and Warnings preference page.

!ENTRY org.eclipse.jdt.junit.core 4 4 2017-08-17 20:49:37.869
!MESSAGE Error
!STACK 0
java.lang.Exception: Unexpected TestElement type for testId '3': TestSuite: Scenario: Successful Login with Valid Credentials : Not Started - Undefined (4)
	at org.eclipse.jdt.internal.junit.model.TestRunSession$TestSessionNotifier.logUnexpectedTest(TestRunSession.java:737)
	at org.eclipse.jdt.internal.junit.model.TestRunSession$TestSessionNotifier.testStarted(TestRunSession.java:641)
	at org.eclipse.jdt.internal.junit.model.RemoteTestRunnerClient$5.run(RemoteTestRunnerClient.java:535)
	at org.eclipse.core.runtime.SafeRunner.run(SafeRunner.java:42)
	at org.eclipse.jdt.internal.junit.model.RemoteTestRunnerClient.notifyTestStarted(RemoteTestRunnerClient.java:532)
	at org.eclipse.jdt.internal.junit.model.RemoteTestRunnerClient.access$6(RemoteTestRunnerClient.java:527)
	at org.eclipse.jdt.internal.junit.model.RemoteTestRunnerClient$DefaultProcessingState.readMessage(RemoteTestRunnerClient.java:87)
	at org.eclipse.jdt.internal.junit.model.RemoteTestRunnerClient.receiveMessage(RemoteTestRunnerClient.java:375)
	at org.eclipse.jdt.internal.junit.model.RemoteTestRunnerClient.access$27(RemoteTestRunnerClient.java:374)
	at org.eclipse.jdt.internal.junit.model.RemoteTestRunnerClient$ServerConnection.run(RemoteTestRunnerClient.java:272)

!ENTRY org.eclipse.jdt.junit.core 4 4 2017-08-17 20:49:39.321
!MESSAGE Error
!STACK 0
java.lang.Exception: Unexpected TestElement type for testId '3': TestSuite: Scenario: Successful Login with Valid Credentials : Completed - Error (4)
	at org.eclipse.jdt.internal.junit.model.TestRunSession$TestSessionNotifier.logUnexpectedTest(TestRunSession.java:737)
	at org.eclipse.jdt.internal.junit.model.TestRunSession$TestSessionNotifier.testEnded(TestRunSession.java:667)
	at org.eclipse.jdt.internal.junit.model.RemoteTestRunnerClient$4.run(RemoteTestRunnerClient.java:521)
	at org.eclipse.core.runtime.SafeRunner.run(SafeRunner.java:42)
	at org.eclipse.jdt.internal.junit.model.RemoteTestRunnerClient.notifyTestEnded(RemoteTestRunnerClient.java:518)
	at org.eclipse.jdt.internal.junit.model.RemoteTestRunnerClient.access$7(RemoteTestRunnerClient.java:513)
	at org.eclipse.jdt.internal.junit.model.RemoteTestRunnerClient$DefaultProcessingState.readMessage(RemoteTestRunnerClient.java:91)
	at org.eclipse.jdt.internal.junit.model.RemoteTestRunnerClient.receiveMessage(RemoteTestRunnerClient.java:375)
	at org.eclipse.jdt.internal.junit.model.RemoteTestRunnerClient.access$27(RemoteTestRunnerClient.java:374)
	at org.eclipse.jdt.internal.junit.model.RemoteTestRunnerClient$ServerConnection.run(RemoteTestRunnerClient.java:272)

!ENTRY org.eclipse.jdt.junit.core 4 4 2017-08-17 20:49:39.338
!MESSAGE Error
!STACK 0
java.lang.Exception: Unexpected TestElement type for testId '8': TestSuite: Scenario: Successful LogOut : Not Started - Undefined (3)
	at org.eclipse.jdt.internal.junit.model.TestRunSession$TestSessionNotifier.logUnexpectedTest(TestRunSession.java:737)
	at org.eclipse.jdt.internal.junit.model.TestRunSession$TestSessionNotifier.testStarted(TestRunSession.java:641)
	at org.eclipse.jdt.internal.junit.model.RemoteTestRunnerClient$5.run(RemoteTestRunnerClient.java:535)
	at org.eclipse.core.runtime.SafeRunner.run(SafeRunner.java:42)
	at org.eclipse.jdt.internal.junit.model.RemoteTestRunnerClient.notifyTestStarted(RemoteTestRunnerClient.java:532)
	at org.eclipse.jdt.internal.junit.model.RemoteTestRunnerClient.access$6(RemoteTestRunnerClient.java:527)
	at org.eclipse.jdt.internal.junit.model.RemoteTestRunnerClient$DefaultProcessingState.readMessage(RemoteTestRunnerClient.java:87)
	at org.eclipse.jdt.internal.junit.model.RemoteTestRunnerClient.receiveMessage(RemoteTestRunnerClient.java:375)
	at org.eclipse.jdt.internal.junit.model.RemoteTestRunnerClient.access$27(RemoteTestRunnerClient.java:374)
	at org.eclipse.jdt.internal.junit.model.RemoteTestRunnerClient$ServerConnection.run(RemoteTestRunnerClient.java:272)

!ENTRY org.eclipse.jdt.junit.core 4 4 2017-08-17 20:49:41.141
!MESSAGE Error
!STACK 0
java.lang.Exception: Unexpected TestElement type for testId '8': TestSuite: Scenario: Successful LogOut : Completed - Error (3)
	at org.eclipse.jdt.internal.junit.model.TestRunSession$TestSessionNotifier.logUnexpectedTest(TestRunSession.java:737)
	at org.eclipse.jdt.internal.junit.model.TestRunSession$TestSessionNotifier.testEnded(TestRunSession.java:667)
	at org.eclipse.jdt.internal.junit.model.RemoteTestRunnerClient$4.run(RemoteTestRunnerClient.java:521)
	at org.eclipse.core.runtime.SafeRunner.run(SafeRunner.java:42)
	at org.eclipse.jdt.internal.junit.model.RemoteTestRunnerClient.notifyTestEnded(RemoteTestRunnerClient.java:518)
	at org.eclipse.jdt.internal.junit.model.RemoteTestRunnerClient.access$7(RemoteTestRunnerClient.java:513)
	at org.eclipse.jdt.internal.junit.model.RemoteTestRunnerClient$DefaultProcessingState.readMessage(RemoteTestRunnerClient.java:91)
	at org.eclipse.jdt.internal.junit.model.RemoteTestRunnerClient.receiveMessage(RemoteTestRunnerClient.java:375)
	at org.eclipse.jdt.internal.junit.model.RemoteTestRunnerClient.access$27(RemoteTestRunnerClient.java:374)
	at org.eclipse.jdt.internal.junit.model.RemoteTestRunnerClient$ServerConnection.run(RemoteTestRunnerClient.java:272)

!ENTRY org.eclipse.jdt.junit.core 4 4 2017-08-17 20:50:26.793
!MESSAGE Error
!STACK 0
java.lang.Exception: Unexpected TestElement type for testId '3': TestSuite: Scenario: Successful Login with Valid Credentials : Not Started - Undefined (4)
	at org.eclipse.jdt.internal.junit.model.TestRunSession$TestSessionNotifier.logUnexpectedTest(TestRunSession.java:737)
	at org.eclipse.jdt.internal.junit.model.TestRunSession$TestSessionNotifier.testStarted(TestRunSession.java:641)
	at org.eclipse.jdt.internal.junit.model.RemoteTestRunnerClient$5.run(RemoteTestRunnerClient.java:535)
	at org.eclipse.core.runtime.SafeRunner.run(SafeRunner.java:42)
	at org.eclipse.jdt.internal.junit.model.RemoteTestRunnerClient.notifyTestStarted(RemoteTestRunnerClient.java:532)
	at org.eclipse.jdt.internal.junit.model.RemoteTestRunnerClient.access$6(RemoteTestRunnerClient.java:527)
	at org.eclipse.jdt.internal.junit.model.RemoteTestRunnerClient$DefaultProcessingState.readMessage(RemoteTestRunnerClient.java:87)
	at org.eclipse.jdt.internal.junit.model.RemoteTestRunnerClient.receiveMessage(RemoteTestRunnerClient.java:375)
	at org.eclipse.jdt.internal.junit.model.RemoteTestRunnerClient.access$27(RemoteTestRunnerClient.java:374)
	at org.eclipse.jdt.internal.junit.model.RemoteTestRunnerClient$ServerConnection.run(RemoteTestRunnerClient.java:272)

!ENTRY org.eclipse.jdt.junit.core 4 4 2017-08-17 20:50:50.875
!MESSAGE Error
!STACK 0
java.lang.Exception: Unexpected TestElement type for testId '3': TestSuite: Scenario: Successful Login with Valid Credentials : Completed - Error (4)
	at org.eclipse.jdt.internal.junit.model.TestRunSession$TestSessionNotifier.logUnexpectedTest(TestRunSession.java:737)
	at org.eclipse.jdt.internal.junit.model.TestRunSession$TestSessionNotifier.testEnded(TestRunSession.java:667)
	at org.eclipse.jdt.internal.junit.model.RemoteTestRunnerClient$4.run(RemoteTestRunnerClient.java:521)
	at org.eclipse.core.runtime.SafeRunner.run(SafeRunner.java:42)
	at org.eclipse.jdt.internal.junit.model.RemoteTestRunnerClient.notifyTestEnded(RemoteTestRunnerClient.java:518)
	at org.eclipse.jdt.internal.junit.model.RemoteTestRunnerClient.access$7(RemoteTestRunnerClient.java:513)
	at org.eclipse.jdt.internal.junit.model.RemoteTestRunnerClient$DefaultProcessingState.readMessage(RemoteTestRunnerClient.java:91)
	at org.eclipse.jdt.internal.junit.model.RemoteTestRunnerClient.receiveMessage(RemoteTestRunnerClient.java:375)
	at org.eclipse.jdt.internal.junit.model.RemoteTestRunnerClient.access$27(RemoteTestRunnerClient.java:374)
	at org.eclipse.jdt.internal.junit.model.RemoteTestRunnerClient$ServerConnection.run(RemoteTestRunnerClient.java:272)

!ENTRY org.eclipse.jdt.junit.core 4 4 2017-08-17 20:50:50.879
!MESSAGE Error
!STACK 0
java.lang.Exception: Unexpected TestElement type for testId '8': TestSuite: Scenario: Successful LogOut : Not Started - Undefined (3)
	at org.eclipse.jdt.internal.junit.model.TestRunSession$TestSessionNotifier.logUnexpectedTest(TestRunSession.java:737)
	at org.eclipse.jdt.internal.junit.model.TestRunSession$TestSessionNotifier.testStarted(TestRunSession.java:641)
	at org.eclipse.jdt.internal.junit.model.RemoteTestRunnerClient$5.run(RemoteTestRunnerClient.java:535)
	at org.eclipse.core.runtime.SafeRunner.run(SafeRunner.java:42)
	at org.eclipse.jdt.internal.junit.model.RemoteTestRunnerClient.notifyTestStarted(RemoteTestRunnerClient.java:532)
	at org.eclipse.jdt.internal.junit.model.RemoteTestRunnerClient.access$6(RemoteTestRunnerClient.java:527)
	at org.eclipse.jdt.internal.junit.model.RemoteTestRunnerClient$DefaultProcessingState.readMessage(RemoteTestRunnerClient.java:87)
	at org.eclipse.jdt.internal.junit.model.RemoteTestRunnerClient.receiveMessage(RemoteTestRunnerClient.java:375)
	at org.eclipse.jdt.internal.junit.model.RemoteTestRunnerClient.access$27(RemoteTestRunnerClient.java:374)
	at org.eclipse.jdt.internal.junit.model.RemoteTestRunnerClient$ServerConnection.run(RemoteTestRunnerClient.java:272)

!ENTRY org.eclipse.jdt.junit.core 4 4 2017-08-17 20:50:53.929
!MESSAGE Error
!STACK 0
java.lang.Exception: Unexpected TestElement type for testId '8': TestSuite: Scenario: Successful LogOut : Completed - Error (3)
	at org.eclipse.jdt.internal.junit.model.TestRunSession$TestSessionNotifier.logUnexpectedTest(TestRunSession.java:737)
	at org.eclipse.jdt.internal.junit.model.TestRunSession$TestSessionNotifier.testEnded(TestRunSession.java:667)
	at org.eclipse.jdt.internal.junit.model.RemoteTestRunnerClient$4.run(RemoteTestRunnerClient.java:521)
	at org.eclipse.core.runtime.SafeRunner.run(SafeRunner.java:42)
	at org.eclipse.jdt.internal.junit.model.RemoteTestRunnerClient.notifyTestEnded(RemoteTestRunnerClient.java:518)
	at org.eclipse.jdt.internal.junit.model.RemoteTestRunnerClient.access$7(RemoteTestRunnerClient.java:513)
	at org.eclipse.jdt.internal.junit.model.RemoteTestRunnerClient$DefaultProcessingState.readMessage(RemoteTestRunnerClient.java:91)
	at org.eclipse.jdt.internal.junit.model.RemoteTestRunnerClient.receiveMessage(RemoteTestRunnerClient.java:375)
	at org.eclipse.jdt.internal.junit.model.RemoteTestRunnerClient.access$27(RemoteTestRunnerClient.java:374)
	at org.eclipse.jdt.internal.junit.model.RemoteTestRunnerClient$ServerConnection.run(RemoteTestRunnerClient.java:272)

!ENTRY org.eclipse.jdt.junit.core 4 4 2017-08-17 20:52:20.992
!MESSAGE Error
!STACK 0
java.lang.Exception: Unexpected TestElement type for testId '3': TestSuite: Scenario: Successful Login with Valid Credentials : Not Started - Undefined (4)
	at org.eclipse.jdt.internal.junit.model.TestRunSession$TestSessionNotifier.logUnexpectedTest(TestRunSession.java:737)
	at org.eclipse.jdt.internal.junit.model.TestRunSession$TestSessionNotifier.testStarted(TestRunSession.java:641)
	at org.eclipse.jdt.internal.junit.model.RemoteTestRunnerClient$5.run(RemoteTestRunnerClient.java:535)
	at org.eclipse.core.runtime.SafeRunner.run(SafeRunner.java:42)
	at org.eclipse.jdt.internal.junit.model.RemoteTestRunnerClient.notifyTestStarted(RemoteTestRunnerClient.java:532)
	at org.eclipse.jdt.internal.junit.model.RemoteTestRunnerClient.access$6(RemoteTestRunnerClient.java:527)
	at org.eclipse.jdt.internal.junit.model.RemoteTestRunnerClient$DefaultProcessingState.readMessage(RemoteTestRunnerClient.java:87)
	at org.eclipse.jdt.internal.junit.model.RemoteTestRunnerClient.receiveMessage(RemoteTestRunnerClient.java:375)
	at org.eclipse.jdt.internal.junit.model.RemoteTestRunnerClient.access$27(RemoteTestRunnerClient.java:374)
	at org.eclipse.jdt.internal.junit.model.RemoteTestRunnerClient$ServerConnection.run(RemoteTestRunnerClient.java:272)

!ENTRY org.eclipse.jdt.junit.core 4 4 2017-08-17 20:52:53.166
!MESSAGE Error
!STACK 0
java.lang.Exception: Unexpected TestElement type for testId '3': TestSuite: Scenario: Successful Login with Valid Credentials : Completed - OK (4)
	at org.eclipse.jdt.internal.junit.model.TestRunSession$TestSessionNotifier.logUnexpectedTest(TestRunSession.java:737)
	at org.eclipse.jdt.internal.junit.model.TestRunSession$TestSessionNotifier.testEnded(TestRunSession.java:667)
	at org.eclipse.jdt.internal.junit.model.RemoteTestRunnerClient$4.run(RemoteTestRunnerClient.java:521)
	at org.eclipse.core.runtime.SafeRunner.run(SafeRunner.java:42)
	at org.eclipse.jdt.internal.junit.model.RemoteTestRunnerClient.notifyTestEnded(RemoteTestRunnerClient.java:518)
	at org.eclipse.jdt.internal.junit.model.RemoteTestRunnerClient.access$7(RemoteTestRunnerClient.java:513)
	at org.eclipse.jdt.internal.junit.model.RemoteTestRunnerClient$DefaultProcessingState.readMessage(RemoteTestRunnerClient.java:91)
	at org.eclipse.jdt.internal.junit.model.RemoteTestRunnerClient.receiveMessage(RemoteTestRunnerClient.java:375)
	at org.eclipse.jdt.internal.junit.model.RemoteTestRunnerClient.access$27(RemoteTestRunnerClient.java:374)
	at org.eclipse.jdt.internal.junit.model.RemoteTestRunnerClient$ServerConnection.run(RemoteTestRunnerClient.java:272)

!ENTRY org.eclipse.jdt.junit.core 4 4 2017-08-17 20:52:53.169
!MESSAGE Error
!STACK 0
java.lang.Exception: Unexpected TestElement type for testId '8': TestSuite: Scenario: Successful LogOut : Not Started - Undefined (3)
	at org.eclipse.jdt.internal.junit.model.TestRunSession$TestSessionNotifier.logUnexpectedTest(TestRunSession.java:737)
	at org.eclipse.jdt.internal.junit.model.TestRunSession$TestSessionNotifier.testStarted(TestRunSession.java:641)
	at org.eclipse.jdt.internal.junit.model.RemoteTestRunnerClient$5.run(RemoteTestRunnerClient.java:535)
	at org.eclipse.core.runtime.SafeRunner.run(SafeRunner.java:42)
	at org.eclipse.jdt.internal.junit.model.RemoteTestRunnerClient.notifyTestStarted(RemoteTestRunnerClient.java:532)
	at org.eclipse.jdt.internal.junit.model.RemoteTestRunnerClient.access$6(RemoteTestRunnerClient.java:527)
	at org.eclipse.jdt.internal.junit.model.RemoteTestRunnerClient$DefaultProcessingState.readMessage(RemoteTestRunnerClient.java:87)
	at org.eclipse.jdt.internal.junit.model.RemoteTestRunnerClient.receiveMessage(RemoteTestRunnerClient.java:375)
	at org.eclipse.jdt.internal.junit.model.RemoteTestRunnerClient.access$27(RemoteTestRunnerClient.java:374)
	at org.eclipse.jdt.internal.junit.model.RemoteTestRunnerClient$ServerConnection.run(RemoteTestRunnerClient.java:272)

!ENTRY org.eclipse.jdt.junit.core 4 4 2017-08-17 20:53:03.650
!MESSAGE Error
!STACK 0
java.lang.Exception: Unexpected TestElement type for testId '8': TestSuite: Scenario: Successful LogOut : Completed - OK (3)
	at org.eclipse.jdt.internal.junit.model.TestRunSession$TestSessionNotifier.logUnexpectedTest(TestRunSession.java:737)
	at org.eclipse.jdt.internal.junit.model.TestRunSession$TestSessionNotifier.testEnded(TestRunSession.java:667)
	at org.eclipse.jdt.internal.junit.model.RemoteTestRunnerClient$4.run(RemoteTestRunnerClient.java:521)
	at org.eclipse.core.runtime.SafeRunner.run(SafeRunner.java:42)
	at org.eclipse.jdt.internal.junit.model.RemoteTestRunnerClient.notifyTestEnded(RemoteTestRunnerClient.java:518)
	at org.eclipse.jdt.internal.junit.model.RemoteTestRunnerClient.access$7(RemoteTestRunnerClient.java:513)
	at org.eclipse.jdt.internal.junit.model.RemoteTestRunnerClient$DefaultProcessingState.readMessage(RemoteTestRunnerClient.java:91)
	at org.eclipse.jdt.internal.junit.model.RemoteTestRunnerClient.receiveMessage(RemoteTestRunnerClient.java:375)
	at org.eclipse.jdt.internal.junit.model.RemoteTestRunnerClient.access$27(RemoteTestRunnerClient.java:374)
	at org.eclipse.jdt.internal.junit.model.RemoteTestRunnerClient$ServerConnection.run(RemoteTestRunnerClient.java:272)

!ENTRY org.eclipse.jdt.junit.core 4 4 2017-08-17 21:04:26.887
!MESSAGE Error
!STACK 0
java.lang.Exception: Unexpected TestElement type for testId '3': TestSuite: Scenario: Successful Login with Valid Credentials : Not Started - Undefined (4)
	at org.eclipse.jdt.internal.junit.model.TestRunSession$TestSessionNotifier.logUnexpectedTest(TestRunSession.java:737)
	at org.eclipse.jdt.internal.junit.model.TestRunSession$TestSessionNotifier.testStarted(TestRunSession.java:641)
	at org.eclipse.jdt.internal.junit.model.RemoteTestRunnerClient$5.run(RemoteTestRunnerClient.java:535)
	at org.eclipse.core.runtime.SafeRunner.run(SafeRunner.java:42)
	at org.eclipse.jdt.internal.junit.model.RemoteTestRunnerClient.notifyTestStarted(RemoteTestRunnerClient.java:532)
	at org.eclipse.jdt.internal.junit.model.RemoteTestRunnerClient.access$6(RemoteTestRunnerClient.java:527)
	at org.eclipse.jdt.internal.junit.model.RemoteTestRunnerClient$DefaultProcessingState.readMessage(RemoteTestRunnerClient.java:87)
	at org.eclipse.jdt.internal.junit.model.RemoteTestRunnerClient.receiveMessage(RemoteTestRunnerClient.java:375)
	at org.eclipse.jdt.internal.junit.model.RemoteTestRunnerClient.access$27(RemoteTestRunnerClient.java:374)
	at org.eclipse.jdt.internal.junit.model.RemoteTestRunnerClient$ServerConnection.run(RemoteTestRunnerClient.java:272)

!ENTRY org.eclipse.jdt.junit.core 4 4 2017-08-17 21:04:47.967
!MESSAGE Error
!STACK 0
java.lang.Exception: Unexpected TestElement type for testId '3': TestSuite: Scenario: Successful Login with Valid Credentials : Completed - OK (4)
	at org.eclipse.jdt.internal.junit.model.TestRunSession$TestSessionNotifier.logUnexpectedTest(TestRunSession.java:737)
	at org.eclipse.jdt.internal.junit.model.TestRunSession$TestSessionNotifier.testEnded(TestRunSession.java:667)
	at org.eclipse.jdt.internal.junit.model.RemoteTestRunnerClient$4.run(RemoteTestRunnerClient.java:521)
	at org.eclipse.core.runtime.SafeRunner.run(SafeRunner.java:42)
	at org.eclipse.jdt.internal.junit.model.RemoteTestRunnerClient.notifyTestEnded(RemoteTestRunnerClient.java:518)
	at org.eclipse.jdt.internal.junit.model.RemoteTestRunnerClient.access$7(RemoteTestRunnerClient.java:513)
	at org.eclipse.jdt.internal.junit.model.RemoteTestRunnerClient$DefaultProcessingState.readMessage(RemoteTestRunnerClient.java:91)
	at org.eclipse.jdt.internal.junit.model.RemoteTestRunnerClient.receiveMessage(RemoteTestRunnerClient.java:375)
	at org.eclipse.jdt.internal.junit.model.RemoteTestRunnerClient.access$27(RemoteTestRunnerClient.java:374)
	at org.eclipse.jdt.internal.junit.model.RemoteTestRunnerClient$ServerConnection.run(RemoteTestRunnerClient.java:272)

!ENTRY org.eclipse.jdt.junit.core 4 4 2017-08-17 21:04:47.972
!MESSAGE Error
!STACK 0
java.lang.Exception: Unexpected TestElement type for testId '8': TestSuite: Scenario: Successful LogOut : Not Started - Undefined (3)
	at org.eclipse.jdt.internal.junit.model.TestRunSession$TestSessionNotifier.logUnexpectedTest(TestRunSession.java:737)
	at org.eclipse.jdt.internal.junit.model.TestRunSession$TestSessionNotifier.testStarted(TestRunSession.java:641)
	at org.eclipse.jdt.internal.junit.model.RemoteTestRunnerClient$5.run(RemoteTestRunnerClient.java:535)
	at org.eclipse.core.runtime.SafeRunner.run(SafeRunner.java:42)
	at org.eclipse.jdt.internal.junit.model.RemoteTestRunnerClient.notifyTestStarted(RemoteTestRunnerClient.java:532)
	at org.eclipse.jdt.internal.junit.model.RemoteTestRunnerClient.access$6(RemoteTestRunnerClient.java:527)
	at org.eclipse.jdt.internal.junit.model.RemoteTestRunnerClient$DefaultProcessingState.readMessage(RemoteTestRunnerClient.java:87)
	at org.eclipse.jdt.internal.junit.model.RemoteTestRunnerClient.receiveMessage(RemoteTestRunnerClient.java:375)
	at org.eclipse.jdt.internal.junit.model.RemoteTestRunnerClient.access$27(RemoteTestRunnerClient.java:374)
	at org.eclipse.jdt.internal.junit.model.RemoteTestRunnerClient$ServerConnection.run(RemoteTestRunnerClient.java:272)

!ENTRY org.eclipse.jdt.junit.core 4 4 2017-08-17 21:05:50.355
!MESSAGE Error
!STACK 0
java.lang.Exception: Unexpected TestElement type for testId '3': TestSuite: Scenario: Successful Login with Valid Credentials : Not Started - Undefined (4)
	at org.eclipse.jdt.internal.junit.model.TestRunSession$TestSessionNotifier.logUnexpectedTest(TestRunSession.java:737)
	at org.eclipse.jdt.internal.junit.model.TestRunSession$TestSessionNotifier.testStarted(TestRunSession.java:641)
	at org.eclipse.jdt.internal.junit.model.RemoteTestRunnerClient$5.run(RemoteTestRunnerClient.java:535)
	at org.eclipse.core.runtime.SafeRunner.run(SafeRunner.java:42)
	at org.eclipse.jdt.internal.junit.model.RemoteTestRunnerClient.notifyTestStarted(RemoteTestRunnerClient.java:532)
	at org.eclipse.jdt.internal.junit.model.RemoteTestRunnerClient.access$6(RemoteTestRunnerClient.java:527)
	at org.eclipse.jdt.internal.junit.model.RemoteTestRunnerClient$DefaultProcessingState.readMessage(RemoteTestRunnerClient.java:87)
	at org.eclipse.jdt.internal.junit.model.RemoteTestRunnerClient.receiveMessage(RemoteTestRunnerClient.java:375)
	at org.eclipse.jdt.internal.junit.model.RemoteTestRunnerClient.access$27(RemoteTestRunnerClient.java:374)
	at org.eclipse.jdt.internal.junit.model.RemoteTestRunnerClient$ServerConnection.run(RemoteTestRunnerClient.java:272)

!ENTRY org.eclipse.jdt.junit.core 4 4 2017-08-17 21:06:13.157
!MESSAGE Error
!STACK 0
java.lang.Exception: Unexpected TestElement type for testId '3': TestSuite: Scenario: Successful Login with Valid Credentials : Completed - OK (4)
	at org.eclipse.jdt.internal.junit.model.TestRunSession$TestSessionNotifier.logUnexpectedTest(TestRunSession.java:737)
	at org.eclipse.jdt.internal.junit.model.TestRunSession$TestSessionNotifier.testEnded(TestRunSession.java:667)
	at org.eclipse.jdt.internal.junit.model.RemoteTestRunnerClient$4.run(RemoteTestRunnerClient.java:521)
	at org.eclipse.core.runtime.SafeRunner.run(SafeRunner.java:42)
	at org.eclipse.jdt.internal.junit.model.RemoteTestRunnerClient.notifyTestEnded(RemoteTestRunnerClient.java:518)
	at org.eclipse.jdt.internal.junit.model.RemoteTestRunnerClient.access$7(RemoteTestRunnerClient.java:513)
	at org.eclipse.jdt.internal.junit.model.RemoteTestRunnerClient$DefaultProcessingState.readMessage(RemoteTestRunnerClient.java:91)
	at org.eclipse.jdt.internal.junit.model.RemoteTestRunnerClient.receiveMessage(RemoteTestRunnerClient.java:375)
	at org.eclipse.jdt.internal.junit.model.RemoteTestRunnerClient.access$27(RemoteTestRunnerClient.java:374)
	at org.eclipse.jdt.internal.junit.model.RemoteTestRunnerClient$ServerConnection.run(RemoteTestRunnerClient.java:272)

!ENTRY org.eclipse.jdt.junit.core 4 4 2017-08-17 21:06:13.161
!MESSAGE Error
!STACK 0
java.lang.Exception: Unexpected TestElement type for testId '8': TestSuite: Scenario: Successful LogOut : Not Started - Undefined (3)
	at org.eclipse.jdt.internal.junit.model.TestRunSession$TestSessionNotifier.logUnexpectedTest(TestRunSession.java:737)
	at org.eclipse.jdt.internal.junit.model.TestRunSession$TestSessionNotifier.testStarted(TestRunSession.java:641)
	at org.eclipse.jdt.internal.junit.model.RemoteTestRunnerClient$5.run(RemoteTestRunnerClient.java:535)
	at org.eclipse.core.runtime.SafeRunner.run(SafeRunner.java:42)
	at org.eclipse.jdt.internal.junit.model.RemoteTestRunnerClient.notifyTestStarted(RemoteTestRunnerClient.java:532)
	at org.eclipse.jdt.internal.junit.model.RemoteTestRunnerClient.access$6(RemoteTestRunnerClient.java:527)
	at org.eclipse.jdt.internal.junit.model.RemoteTestRunnerClient$DefaultProcessingState.readMessage(RemoteTestRunnerClient.java:87)
	at org.eclipse.jdt.internal.junit.model.RemoteTestRunnerClient.receiveMessage(RemoteTestRunnerClient.java:375)
	at org.eclipse.jdt.internal.junit.model.RemoteTestRunnerClient.access$27(RemoteTestRunnerClient.java:374)
	at org.eclipse.jdt.internal.junit.model.RemoteTestRunnerClient$ServerConnection.run(RemoteTestRunnerClient.java:272)

!ENTRY org.eclipse.jdt.junit.core 4 4 2017-08-17 21:06:21.708
!MESSAGE Error
!STACK 0
java.lang.Exception: Unexpected TestElement type for testId '8': TestSuite: Scenario: Successful LogOut : Completed - OK (3)
	at org.eclipse.jdt.internal.junit.model.TestRunSession$TestSessionNotifier.logUnexpectedTest(TestRunSession.java:737)
	at org.eclipse.jdt.internal.junit.model.TestRunSession$TestSessionNotifier.testEnded(TestRunSession.java:667)
	at org.eclipse.jdt.internal.junit.model.RemoteTestRunnerClient$4.run(RemoteTestRunnerClient.java:521)
	at org.eclipse.core.runtime.SafeRunner.run(SafeRunner.java:42)
	at org.eclipse.jdt.internal.junit.model.RemoteTestRunnerClient.notifyTestEnded(RemoteTestRunnerClient.java:518)
	at org.eclipse.jdt.internal.junit.model.RemoteTestRunnerClient.access$7(RemoteTestRunnerClient.java:513)
	at org.eclipse.jdt.internal.junit.model.RemoteTestRunnerClient$DefaultProcessingState.readMessage(RemoteTestRunnerClient.java:91)
	at org.eclipse.jdt.internal.junit.model.RemoteTestRunnerClient.receiveMessage(RemoteTestRunnerClient.java:375)
	at org.eclipse.jdt.internal.junit.model.RemoteTestRunnerClient.access$27(RemoteTestRunnerClient.java:374)
	at org.eclipse.jdt.internal.junit.model.RemoteTestRunnerClient$ServerConnection.run(RemoteTestRunnerClient.java:272)

!ENTRY org.eclipse.jdt.junit.core 4 4 2017-08-17 21:44:27.645
!MESSAGE Error
!STACK 0
java.lang.Exception: Unexpected TestElement type for testId '3': TestSuite: Scenario: Successful Login with Valid Credentials : Not Started - Undefined (4)
	at org.eclipse.jdt.internal.junit.model.TestRunSession$TestSessionNotifier.logUnexpectedTest(TestRunSession.java:737)
	at org.eclipse.jdt.internal.junit.model.TestRunSession$TestSessionNotifier.testStarted(TestRunSession.java:641)
	at org.eclipse.jdt.internal.junit.model.RemoteTestRunnerClient$5.run(RemoteTestRunnerClient.java:535)
	at org.eclipse.core.runtime.SafeRunner.run(SafeRunner.java:42)
	at org.eclipse.jdt.internal.junit.model.RemoteTestRunnerClient.notifyTestStarted(RemoteTestRunnerClient.java:532)
	at org.eclipse.jdt.internal.junit.model.RemoteTestRunnerClient.access$6(RemoteTestRunnerClient.java:527)
	at org.eclipse.jdt.internal.junit.model.RemoteTestRunnerClient$DefaultProcessingState.readMessage(RemoteTestRunnerClient.java:87)
	at org.eclipse.jdt.internal.junit.model.RemoteTestRunnerClient.receiveMessage(RemoteTestRunnerClient.java:375)
	at org.eclipse.jdt.internal.junit.model.RemoteTestRunnerClient.access$27(RemoteTestRunnerClient.java:374)
	at org.eclipse.jdt.internal.junit.model.RemoteTestRunnerClient$ServerConnection.run(RemoteTestRunnerClient.java:272)

!ENTRY org.eclipse.jdt.junit.core 4 4 2017-08-17 21:44:28.538
!MESSAGE Error
!STACK 0
java.lang.Exception: Unexpected TestElement type for testId '3': TestSuite: Scenario: Successful Login with Valid Credentials : Completed - Error (4)
	at org.eclipse.jdt.internal.junit.model.TestRunSession$TestSessionNotifier.logUnexpectedTest(TestRunSession.java:737)
	at org.eclipse.jdt.internal.junit.model.TestRunSession$TestSessionNotifier.testEnded(TestRunSession.java:667)
	at org.eclipse.jdt.internal.junit.model.RemoteTestRunnerClient$4.run(RemoteTestRunnerClient.java:521)
	at org.eclipse.core.runtime.SafeRunner.run(SafeRunner.java:42)
	at org.eclipse.jdt.internal.junit.model.RemoteTestRunnerClient.notifyTestEnded(RemoteTestRunnerClient.java:518)
	at org.eclipse.jdt.internal.junit.model.RemoteTestRunnerClient.access$7(RemoteTestRunnerClient.java:513)
	at org.eclipse.jdt.internal.junit.model.RemoteTestRunnerClient$DefaultProcessingState.readMessage(RemoteTestRunnerClient.java:91)
	at org.eclipse.jdt.internal.junit.model.RemoteTestRunnerClient.receiveMessage(RemoteTestRunnerClient.java:375)
	at org.eclipse.jdt.internal.junit.model.RemoteTestRunnerClient.access$27(RemoteTestRunnerClient.java:374)
	at org.eclipse.jdt.internal.junit.model.RemoteTestRunnerClient$ServerConnection.run(RemoteTestRunnerClient.java:272)

!ENTRY org.eclipse.jdt.junit.core 4 4 2017-08-17 21:44:28.541
!MESSAGE Error
!STACK 0
java.lang.Exception: Unexpected TestElement type for testId '8': TestSuite: Scenario: Successful LogOut : Not Started - Undefined (3)
	at org.eclipse.jdt.internal.junit.model.TestRunSession$TestSessionNotifier.logUnexpectedTest(TestRunSession.java:737)
	at org.eclipse.jdt.internal.junit.model.TestRunSession$TestSessionNotifier.testStarted(TestRunSession.java:641)
	at org.eclipse.jdt.internal.junit.model.RemoteTestRunnerClient$5.run(RemoteTestRunnerClient.java:535)
	at org.eclipse.core.runtime.SafeRunner.run(SafeRunner.java:42)
	at org.eclipse.jdt.internal.junit.model.RemoteTestRunnerClient.notifyTestStarted(RemoteTestRunnerClient.java:532)
	at org.eclipse.jdt.internal.junit.model.RemoteTestRunnerClient.access$6(RemoteTestRunnerClient.java:527)
	at org.eclipse.jdt.internal.junit.model.RemoteTestRunnerClient$DefaultProcessingState.readMessage(RemoteTestRunnerClient.java:87)
	at org.eclipse.jdt.internal.junit.model.RemoteTestRunnerClient.receiveMessage(RemoteTestRunnerClient.java:375)
	at org.eclipse.jdt.internal.junit.model.RemoteTestRunnerClient.access$27(RemoteTestRunnerClient.java:374)
	at org.eclipse.jdt.internal.junit.model.RemoteTestRunnerClient$ServerConnection.run(RemoteTestRunnerClient.java:272)

!ENTRY org.eclipse.jdt.junit.core 4 4 2017-08-17 21:44:30.683
!MESSAGE Error
!STACK 0
java.lang.Exception: Unexpected TestElement type for testId '8': TestSuite: Scenario: Successful LogOut : Completed - Error (3)
	at org.eclipse.jdt.internal.junit.model.TestRunSession$TestSessionNotifier.logUnexpectedTest(TestRunSession.java:737)
	at org.eclipse.jdt.internal.junit.model.TestRunSession$TestSessionNotifier.testEnded(TestRunSession.java:667)
	at org.eclipse.jdt.internal.junit.model.RemoteTestRunnerClient$4.run(RemoteTestRunnerClient.java:521)
	at org.eclipse.core.runtime.SafeRunner.run(SafeRunner.java:42)
	at org.eclipse.jdt.internal.junit.model.RemoteTestRunnerClient.notifyTestEnded(RemoteTestRunnerClient.java:518)
	at org.eclipse.jdt.internal.junit.model.RemoteTestRunnerClient.access$7(RemoteTestRunnerClient.java:513)
	at org.eclipse.jdt.internal.junit.model.RemoteTestRunnerClient$DefaultProcessingState.readMessage(RemoteTestRunnerClient.java:91)
	at org.eclipse.jdt.internal.junit.model.RemoteTestRunnerClient.receiveMessage(RemoteTestRunnerClient.java:375)
	at org.eclipse.jdt.internal.junit.model.RemoteTestRunnerClient.access$27(RemoteTestRunnerClient.java:374)
	at org.eclipse.jdt.internal.junit.model.RemoteTestRunnerClient$ServerConnection.run(RemoteTestRunnerClient.java:272)

!ENTRY org.eclipse.jdt.junit.core 4 4 2017-08-17 21:47:11.175
!MESSAGE Error
!STACK 0
java.lang.Exception: Unexpected TestElement type for testId '3': TestSuite: Scenario: Successful Login with Valid Credentials : Not Started - Undefined (4)
	at org.eclipse.jdt.internal.junit.model.TestRunSession$TestSessionNotifier.logUnexpectedTest(TestRunSession.java:737)
	at org.eclipse.jdt.internal.junit.model.TestRunSession$TestSessionNotifier.testStarted(TestRunSession.java:641)
	at org.eclipse.jdt.internal.junit.model.RemoteTestRunnerClient$5.run(RemoteTestRunnerClient.java:535)
	at org.eclipse.core.runtime.SafeRunner.run(SafeRunner.java:42)
	at org.eclipse.jdt.internal.junit.model.RemoteTestRunnerClient.notifyTestStarted(RemoteTestRunnerClient.java:532)
	at org.eclipse.jdt.internal.junit.model.RemoteTestRunnerClient.access$6(RemoteTestRunnerClient.java:527)
	at org.eclipse.jdt.internal.junit.model.RemoteTestRunnerClient$DefaultProcessingState.readMessage(RemoteTestRunnerClient.java:87)
	at org.eclipse.jdt.internal.junit.model.RemoteTestRunnerClient.receiveMessage(RemoteTestRunnerClient.java:375)
	at org.eclipse.jdt.internal.junit.model.RemoteTestRunnerClient.access$27(RemoteTestRunnerClient.java:374)
	at org.eclipse.jdt.internal.junit.model.RemoteTestRunnerClient$ServerConnection.run(RemoteTestRunnerClient.java:272)

!ENTRY org.eclipse.jdt.junit.core 4 4 2017-08-17 21:47:29.974
!MESSAGE Error
!STACK 0
java.lang.Exception: Unexpected TestElement type for testId '3': TestSuite: Scenario: Successful Login with Valid Credentials : Completed - Error (4)
	at org.eclipse.jdt.internal.junit.model.TestRunSession$TestSessionNotifier.logUnexpectedTest(TestRunSession.java:737)
	at org.eclipse.jdt.internal.junit.model.TestRunSession$TestSessionNotifier.testEnded(TestRunSession.java:667)
	at org.eclipse.jdt.internal.junit.model.RemoteTestRunnerClient$4.run(RemoteTestRunnerClient.java:521)
	at org.eclipse.core.runtime.SafeRunner.run(SafeRunner.java:42)
	at org.eclipse.jdt.internal.junit.model.RemoteTestRunnerClient.notifyTestEnded(RemoteTestRunnerClient.java:518)
	at org.eclipse.jdt.internal.junit.model.RemoteTestRunnerClient.access$7(RemoteTestRunnerClient.java:513)
	at org.eclipse.jdt.internal.junit.model.RemoteTestRunnerClient$DefaultProcessingState.readMessage(RemoteTestRunnerClient.java:91)
	at org.eclipse.jdt.internal.junit.model.RemoteTestRunnerClient.receiveMessage(RemoteTestRunnerClient.java:375)
	at org.eclipse.jdt.internal.junit.model.RemoteTestRunnerClient.access$27(RemoteTestRunnerClient.java:374)
	at org.eclipse.jdt.internal.junit.model.RemoteTestRunnerClient$ServerConnection.run(RemoteTestRunnerClient.java:272)

!ENTRY org.eclipse.jdt.junit.core 4 4 2017-08-17 21:47:29.977
!MESSAGE Error
!STACK 0
java.lang.Exception: Unexpected TestElement type for testId '8': TestSuite: Scenario: Successful LogOut : Not Started - Undefined (3)
	at org.eclipse.jdt.internal.junit.model.TestRunSession$TestSessionNotifier.logUnexpectedTest(TestRunSession.java:737)
	at org.eclipse.jdt.internal.junit.model.TestRunSession$TestSessionNotifier.testStarted(TestRunSession.java:641)
	at org.eclipse.jdt.internal.junit.model.RemoteTestRunnerClient$5.run(RemoteTestRunnerClient.java:535)
	at org.eclipse.core.runtime.SafeRunner.run(SafeRunner.java:42)
	at org.eclipse.jdt.internal.junit.model.RemoteTestRunnerClient.notifyTestStarted(RemoteTestRunnerClient.java:532)
	at org.eclipse.jdt.internal.junit.model.RemoteTestRunnerClient.access$6(RemoteTestRunnerClient.java:527)
	at org.eclipse.jdt.internal.junit.model.RemoteTestRunnerClient$DefaultProcessingState.readMessage(RemoteTestRunnerClient.java:87)
	at org.eclipse.jdt.internal.junit.model.RemoteTestRunnerClient.receiveMessage(RemoteTestRunnerClient.java:375)
	at org.eclipse.jdt.internal.junit.model.RemoteTestRunnerClient.access$27(RemoteTestRunnerClient.java:374)
	at org.eclipse.jdt.internal.junit.model.RemoteTestRunnerClient$ServerConnection.run(RemoteTestRunnerClient.java:272)

!ENTRY org.eclipse.jdt.junit.core 4 4 2017-08-17 21:47:31.395
!MESSAGE Error
!STACK 0
java.lang.Exception: Unexpected TestElement type for testId '8': TestSuite: Scenario: Successful LogOut : Completed - Error (3)
	at org.eclipse.jdt.internal.junit.model.TestRunSession$TestSessionNotifier.logUnexpectedTest(TestRunSession.java:737)
	at org.eclipse.jdt.internal.junit.model.TestRunSession$TestSessionNotifier.testEnded(TestRunSession.java:667)
	at org.eclipse.jdt.internal.junit.model.RemoteTestRunnerClient$4.run(RemoteTestRunnerClient.java:521)
	at org.eclipse.core.runtime.SafeRunner.run(SafeRunner.java:42)
	at org.eclipse.jdt.internal.junit.model.RemoteTestRunnerClient.notifyTestEnded(RemoteTestRunnerClient.java:518)
	at org.eclipse.jdt.internal.junit.model.RemoteTestRunnerClient.access$7(RemoteTestRunnerClient.java:513)
	at org.eclipse.jdt.internal.junit.model.RemoteTestRunnerClient$DefaultProcessingState.readMessage(RemoteTestRunnerClient.java:91)
	at org.eclipse.jdt.internal.junit.model.RemoteTestRunnerClient.receiveMessage(RemoteTestRunnerClient.java:375)
	at org.eclipse.jdt.internal.junit.model.RemoteTestRunnerClient.access$27(RemoteTestRunnerClient.java:374)
	at org.eclipse.jdt.internal.junit.model.RemoteTestRunnerClient$ServerConnection.run(RemoteTestRunnerClient.java:272)

!ENTRY org.eclipse.jdt.junit.core 4 4 2017-08-17 21:52:58.196
!MESSAGE Error
!STACK 0
java.lang.Exception: Unexpected TestElement type for testId '3': TestSuite: Scenario: Successful Login with Valid Credentials : Not Started - Undefined (4)
	at org.eclipse.jdt.internal.junit.model.TestRunSession$TestSessionNotifier.logUnexpectedTest(TestRunSession.java:737)
	at org.eclipse.jdt.internal.junit.model.TestRunSession$TestSessionNotifier.testStarted(TestRunSession.java:641)
	at org.eclipse.jdt.internal.junit.model.RemoteTestRunnerClient$5.run(RemoteTestRunnerClient.java:535)
	at org.eclipse.core.runtime.SafeRunner.run(SafeRunner.java:42)
	at org.eclipse.jdt.internal.junit.model.RemoteTestRunnerClient.notifyTestStarted(RemoteTestRunnerClient.java:532)
	at org.eclipse.jdt.internal.junit.model.RemoteTestRunnerClient.access$6(RemoteTestRunnerClient.java:527)
	at org.eclipse.jdt.internal.junit.model.RemoteTestRunnerClient$DefaultProcessingState.readMessage(RemoteTestRunnerClient.java:87)
	at org.eclipse.jdt.internal.junit.model.RemoteTestRunnerClient.receiveMessage(RemoteTestRunnerClient.java:375)
	at org.eclipse.jdt.internal.junit.model.RemoteTestRunnerClient.access$27(RemoteTestRunnerClient.java:374)
	at org.eclipse.jdt.internal.junit.model.RemoteTestRunnerClient$ServerConnection.run(RemoteTestRunnerClient.java:272)

!ENTRY org.eclipse.jdt.junit.core 4 4 2017-08-17 21:53:18.197
!MESSAGE Error
!STACK 0
java.lang.Exception: Unexpected TestElement type for testId '3': TestSuite: Scenario: Successful Login with Valid Credentials : Completed - Error (4)
	at org.eclipse.jdt.internal.junit.model.TestRunSession$TestSessionNotifier.logUnexpectedTest(TestRunSession.java:737)
	at org.eclipse.jdt.internal.junit.model.TestRunSession$TestSessionNotifier.testEnded(TestRunSession.java:667)
	at org.eclipse.jdt.internal.junit.model.RemoteTestRunnerClient$4.run(RemoteTestRunnerClient.java:521)
	at org.eclipse.core.runtime.SafeRunner.run(SafeRunner.java:42)
	at org.eclipse.jdt.internal.junit.model.RemoteTestRunnerClient.notifyTestEnded(RemoteTestRunnerClient.java:518)
	at org.eclipse.jdt.internal.junit.model.RemoteTestRunnerClient.access$7(RemoteTestRunnerClient.java:513)
	at org.eclipse.jdt.internal.junit.model.RemoteTestRunnerClient$DefaultProcessingState.readMessage(RemoteTestRunnerClient.java:91)
	at org.eclipse.jdt.internal.junit.model.RemoteTestRunnerClient.receiveMessage(RemoteTestRunnerClient.java:375)
	at org.eclipse.jdt.internal.junit.model.RemoteTestRunnerClient.access$27(RemoteTestRunnerClient.java:374)
	at org.eclipse.jdt.internal.junit.model.RemoteTestRunnerClient$ServerConnection.run(RemoteTestRunnerClient.java:272)

!ENTRY org.eclipse.jdt.junit.core 4 4 2017-08-17 21:53:18.200
!MESSAGE Error
!STACK 0
java.lang.Exception: Unexpected TestElement type for testId '8': TestSuite: Scenario: Successful LogOut : Not Started - Undefined (3)
	at org.eclipse.jdt.internal.junit.model.TestRunSession$TestSessionNotifier.logUnexpectedTest(TestRunSession.java:737)
	at org.eclipse.jdt.internal.junit.model.TestRunSession$TestSessionNotifier.testStarted(TestRunSession.java:641)
	at org.eclipse.jdt.internal.junit.model.RemoteTestRunnerClient$5.run(RemoteTestRunnerClient.java:535)
	at org.eclipse.core.runtime.SafeRunner.run(SafeRunner.java:42)
	at org.eclipse.jdt.internal.junit.model.RemoteTestRunnerClient.notifyTestStarted(RemoteTestRunnerClient.java:532)
	at org.eclipse.jdt.internal.junit.model.RemoteTestRunnerClient.access$6(RemoteTestRunnerClient.java:527)
	at org.eclipse.jdt.internal.junit.model.RemoteTestRunnerClient$DefaultProcessingState.readMessage(RemoteTestRunnerClient.java:87)
	at org.eclipse.jdt.internal.junit.model.RemoteTestRunnerClient.receiveMessage(RemoteTestRunnerClient.java:375)
	at org.eclipse.jdt.internal.junit.model.RemoteTestRunnerClient.access$27(RemoteTestRunnerClient.java:374)
	at org.eclipse.jdt.internal.junit.model.RemoteTestRunnerClient$ServerConnection.run(RemoteTestRunnerClient.java:272)

!ENTRY org.eclipse.jdt.junit.core 4 4 2017-08-17 21:53:19.770
!MESSAGE Error
!STACK 0
java.lang.Exception: Unexpected TestElement type for testId '8': TestSuite: Scenario: Successful LogOut : Completed - Error (3)
	at org.eclipse.jdt.internal.junit.model.TestRunSession$TestSessionNotifier.logUnexpectedTest(TestRunSession.java:737)
	at org.eclipse.jdt.internal.junit.model.TestRunSession$TestSessionNotifier.testEnded(TestRunSession.java:667)
	at org.eclipse.jdt.internal.junit.model.RemoteTestRunnerClient$4.run(RemoteTestRunnerClient.java:521)
	at org.eclipse.core.runtime.SafeRunner.run(SafeRunner.java:42)
	at org.eclipse.jdt.internal.junit.model.RemoteTestRunnerClient.notifyTestEnded(RemoteTestRunnerClient.java:518)
	at org.eclipse.jdt.internal.junit.model.RemoteTestRunnerClient.access$7(RemoteTestRunnerClient.java:513)
	at org.eclipse.jdt.internal.junit.model.RemoteTestRunnerClient$DefaultProcessingState.readMessage(RemoteTestRunnerClient.java:91)
	at org.eclipse.jdt.internal.junit.model.RemoteTestRunnerClient.receiveMessage(RemoteTestRunnerClient.java:375)
	at org.eclipse.jdt.internal.junit.model.RemoteTestRunnerClient.access$27(RemoteTestRunnerClient.java:374)
	at org.eclipse.jdt.internal.junit.model.RemoteTestRunnerClient$ServerConnection.run(RemoteTestRunnerClient.java:272)

!ENTRY org.eclipse.jdt.junit.core 4 4 2017-08-17 21:56:31.830
!MESSAGE Error
!STACK 0
java.lang.Exception: Unexpected TestElement type for testId '3': TestSuite: Scenario: Successful Login with Valid Credentials : Not Started - Undefined (4)
	at org.eclipse.jdt.internal.junit.model.TestRunSession$TestSessionNotifier.logUnexpectedTest(TestRunSession.java:737)
	at org.eclipse.jdt.internal.junit.model.TestRunSession$TestSessionNotifier.testStarted(TestRunSession.java:641)
	at org.eclipse.jdt.internal.junit.model.RemoteTestRunnerClient$5.run(RemoteTestRunnerClient.java:535)
	at org.eclipse.core.runtime.SafeRunner.run(SafeRunner.java:42)
	at org.eclipse.jdt.internal.junit.model.RemoteTestRunnerClient.notifyTestStarted(RemoteTestRunnerClient.java:532)
	at org.eclipse.jdt.internal.junit.model.RemoteTestRunnerClient.access$6(RemoteTestRunnerClient.java:527)
	at org.eclipse.jdt.internal.junit.model.RemoteTestRunnerClient$DefaultProcessingState.readMessage(RemoteTestRunnerClient.java:87)
	at org.eclipse.jdt.internal.junit.model.RemoteTestRunnerClient.receiveMessage(RemoteTestRunnerClient.java:375)
	at org.eclipse.jdt.internal.junit.model.RemoteTestRunnerClient.access$27(RemoteTestRunnerClient.java:374)
	at org.eclipse.jdt.internal.junit.model.RemoteTestRunnerClient$ServerConnection.run(RemoteTestRunnerClient.java:272)

!ENTRY org.eclipse.jdt.junit.core 4 4 2017-08-17 21:56:55.607
!MESSAGE Error
!STACK 0
java.lang.Exception: Unexpected TestElement type for testId '3': TestSuite: Scenario: Successful Login with Valid Credentials : Completed - OK (4)
	at org.eclipse.jdt.internal.junit.model.TestRunSession$TestSessionNotifier.logUnexpectedTest(TestRunSession.java:737)
	at org.eclipse.jdt.internal.junit.model.TestRunSession$TestSessionNotifier.testEnded(TestRunSession.java:667)
	at org.eclipse.jdt.internal.junit.model.RemoteTestRunnerClient$4.run(RemoteTestRunnerClient.java:521)
	at org.eclipse.core.runtime.SafeRunner.run(SafeRunner.java:42)
	at org.eclipse.jdt.internal.junit.model.RemoteTestRunnerClient.notifyTestEnded(RemoteTestRunnerClient.java:518)
	at org.eclipse.jdt.internal.junit.model.RemoteTestRunnerClient.access$7(RemoteTestRunnerClient.java:513)
	at org.eclipse.jdt.internal.junit.model.RemoteTestRunnerClient$DefaultProcessingState.readMessage(RemoteTestRunnerClient.java:91)
	at org.eclipse.jdt.internal.junit.model.RemoteTestRunnerClient.receiveMessage(RemoteTestRunnerClient.java:375)
	at org.eclipse.jdt.internal.junit.model.RemoteTestRunnerClient.access$27(RemoteTestRunnerClient.java:374)
	at org.eclipse.jdt.internal.junit.model.RemoteTestRunnerClient$ServerConnection.run(RemoteTestRunnerClient.java:272)

!ENTRY org.eclipse.jdt.junit.core 4 4 2017-08-17 21:56:55.611
!MESSAGE Error
!STACK 0
java.lang.Exception: Unexpected TestElement type for testId '8': TestSuite: Scenario: Successful LogOut : Not Started - Undefined (3)
	at org.eclipse.jdt.internal.junit.model.TestRunSession$TestSessionNotifier.logUnexpectedTest(TestRunSession.java:737)
	at org.eclipse.jdt.internal.junit.model.TestRunSession$TestSessionNotifier.testStarted(TestRunSession.java:641)
	at org.eclipse.jdt.internal.junit.model.RemoteTestRunnerClient$5.run(RemoteTestRunnerClient.java:535)
	at org.eclipse.core.runtime.SafeRunner.run(SafeRunner.java:42)
	at org.eclipse.jdt.internal.junit.model.RemoteTestRunnerClient.notifyTestStarted(RemoteTestRunnerClient.java:532)
	at org.eclipse.jdt.internal.junit.model.RemoteTestRunnerClient.access$6(RemoteTestRunnerClient.java:527)
	at org.eclipse.jdt.internal.junit.model.RemoteTestRunnerClient$DefaultProcessingState.readMessage(RemoteTestRunnerClient.java:87)
	at org.eclipse.jdt.internal.junit.model.RemoteTestRunnerClient.receiveMessage(RemoteTestRunnerClient.java:375)
	at org.eclipse.jdt.internal.junit.model.RemoteTestRunnerClient.access$27(RemoteTestRunnerClient.java:374)
	at org.eclipse.jdt.internal.junit.model.RemoteTestRunnerClient$ServerConnection.run(RemoteTestRunnerClient.java:272)

!ENTRY org.eclipse.jdt.junit.core 4 4 2017-08-17 21:57:02.392
!MESSAGE Error
!STACK 0
java.lang.Exception: Unexpected TestElement type for testId '8': TestSuite: Scenario: Successful LogOut : Completed - OK (3)
	at org.eclipse.jdt.internal.junit.model.TestRunSession$TestSessionNotifier.logUnexpectedTest(TestRunSession.java:737)
	at org.eclipse.jdt.internal.junit.model.TestRunSession$TestSessionNotifier.testEnded(TestRunSession.java:667)
	at org.eclipse.jdt.internal.junit.model.RemoteTestRunnerClient$4.run(RemoteTestRunnerClient.java:521)
	at org.eclipse.core.runtime.SafeRunner.run(SafeRunner.java:42)
	at org.eclipse.jdt.internal.junit.model.RemoteTestRunnerClient.notifyTestEnded(RemoteTestRunnerClient.java:518)
	at org.eclipse.jdt.internal.junit.model.RemoteTestRunnerClient.access$7(RemoteTestRunnerClient.java:513)
	at org.eclipse.jdt.internal.junit.model.RemoteTestRunnerClient$DefaultProcessingState.readMessage(RemoteTestRunnerClient.java:91)
	at org.eclipse.jdt.internal.junit.model.RemoteTestRunnerClient.receiveMessage(RemoteTestRunnerClient.java:375)
	at org.eclipse.jdt.internal.junit.model.RemoteTestRunnerClient.access$27(RemoteTestRunnerClient.java:374)
	at org.eclipse.jdt.internal.junit.model.RemoteTestRunnerClient$ServerConnection.run(RemoteTestRunnerClient.java:272)

!ENTRY org.eclipse.jdt.junit.core 4 4 2017-08-17 21:57:30.950
!MESSAGE Error
!STACK 0
java.lang.Exception: Unexpected TestElement type for testId '3': TestSuite: Scenario: Successful Login with Valid Credentials : Not Started - Undefined (4)
	at org.eclipse.jdt.internal.junit.model.TestRunSession$TestSessionNotifier.logUnexpectedTest(TestRunSession.java:737)
	at org.eclipse.jdt.internal.junit.model.TestRunSession$TestSessionNotifier.testStarted(TestRunSession.java:641)
	at org.eclipse.jdt.internal.junit.model.RemoteTestRunnerClient$5.run(RemoteTestRunnerClient.java:535)
	at org.eclipse.core.runtime.SafeRunner.run(SafeRunner.java:42)
	at org.eclipse.jdt.internal.junit.model.RemoteTestRunnerClient.notifyTestStarted(RemoteTestRunnerClient.java:532)
	at org.eclipse.jdt.internal.junit.model.RemoteTestRunnerClient.access$6(RemoteTestRunnerClient.java:527)
	at org.eclipse.jdt.internal.junit.model.RemoteTestRunnerClient$DefaultProcessingState.readMessage(RemoteTestRunnerClient.java:87)
	at org.eclipse.jdt.internal.junit.model.RemoteTestRunnerClient.receiveMessage(RemoteTestRunnerClient.java:375)
	at org.eclipse.jdt.internal.junit.model.RemoteTestRunnerClient.access$27(RemoteTestRunnerClient.java:374)
	at org.eclipse.jdt.internal.junit.model.RemoteTestRunnerClient$ServerConnection.run(RemoteTestRunnerClient.java:272)

!ENTRY org.eclipse.jdt.junit.core 4 4 2017-08-17 21:57:50.443
!MESSAGE Error
!STACK 0
java.lang.Exception: Unexpected TestElement type for testId '3': TestSuite: Scenario: Successful Login with Valid Credentials : Completed - OK (4)
	at org.eclipse.jdt.internal.junit.model.TestRunSession$TestSessionNotifier.logUnexpectedTest(TestRunSession.java:737)
	at org.eclipse.jdt.internal.junit.model.TestRunSession$TestSessionNotifier.testEnded(TestRunSession.java:667)
	at org.eclipse.jdt.internal.junit.model.RemoteTestRunnerClient$4.run(RemoteTestRunnerClient.java:521)
	at org.eclipse.core.runtime.SafeRunner.run(SafeRunner.java:42)
	at org.eclipse.jdt.internal.junit.model.RemoteTestRunnerClient.notifyTestEnded(RemoteTestRunnerClient.java:518)
	at org.eclipse.jdt.internal.junit.model.RemoteTestRunnerClient.access$7(RemoteTestRunnerClient.java:513)
	at org.eclipse.jdt.internal.junit.model.RemoteTestRunnerClient$DefaultProcessingState.readMessage(RemoteTestRunnerClient.java:91)
	at org.eclipse.jdt.internal.junit.model.RemoteTestRunnerClient.receiveMessage(RemoteTestRunnerClient.java:375)
	at org.eclipse.jdt.internal.junit.model.RemoteTestRunnerClient.access$27(RemoteTestRunnerClient.java:374)
	at org.eclipse.jdt.internal.junit.model.RemoteTestRunnerClient$ServerConnection.run(RemoteTestRunnerClient.java:272)

!ENTRY org.eclipse.jdt.junit.core 4 4 2017-08-17 21:57:50.447
!MESSAGE Error
!STACK 0
java.lang.Exception: Unexpected TestElement type for testId '8': TestSuite: Scenario: Successful LogOut : Not Started - Undefined (3)
	at org.eclipse.jdt.internal.junit.model.TestRunSession$TestSessionNotifier.logUnexpectedTest(TestRunSession.java:737)
	at org.eclipse.jdt.internal.junit.model.TestRunSession$TestSessionNotifier.testStarted(TestRunSession.java:641)
	at org.eclipse.jdt.internal.junit.model.RemoteTestRunnerClient$5.run(RemoteTestRunnerClient.java:535)
	at org.eclipse.core.runtime.SafeRunner.run(SafeRunner.java:42)
	at org.eclipse.jdt.internal.junit.model.RemoteTestRunnerClient.notifyTestStarted(RemoteTestRunnerClient.java:532)
	at org.eclipse.jdt.internal.junit.model.RemoteTestRunnerClient.access$6(RemoteTestRunnerClient.java:527)
	at org.eclipse.jdt.internal.junit.model.RemoteTestRunnerClient$DefaultProcessingState.readMessage(RemoteTestRunnerClient.java:87)
	at org.eclipse.jdt.internal.junit.model.RemoteTestRunnerClient.receiveMessage(RemoteTestRunnerClient.java:375)
	at org.eclipse.jdt.internal.junit.model.RemoteTestRunnerClient.access$27(RemoteTestRunnerClient.java:374)
	at org.eclipse.jdt.internal.junit.model.RemoteTestRunnerClient$ServerConnection.run(RemoteTestRunnerClient.java:272)

!ENTRY org.eclipse.jdt.junit.core 4 4 2017-08-17 21:57:56.382
!MESSAGE Error
!STACK 0
java.lang.Exception: Unexpected TestElement type for testId '8': TestSuite: Scenario: Successful LogOut : Completed - OK (3)
	at org.eclipse.jdt.internal.junit.model.TestRunSession$TestSessionNotifier.logUnexpectedTest(TestRunSession.java:737)
	at org.eclipse.jdt.internal.junit.model.TestRunSession$TestSessionNotifier.testEnded(TestRunSession.java:667)
	at org.eclipse.jdt.internal.junit.model.RemoteTestRunnerClient$4.run(RemoteTestRunnerClient.java:521)
	at org.eclipse.core.runtime.SafeRunner.run(SafeRunner.java:42)
	at org.eclipse.jdt.internal.junit.model.RemoteTestRunnerClient.notifyTestEnded(RemoteTestRunnerClient.java:518)
	at org.eclipse.jdt.internal.junit.model.RemoteTestRunnerClient.access$7(RemoteTestRunnerClient.java:513)
	at org.eclipse.jdt.internal.junit.model.RemoteTestRunnerClient$DefaultProcessingState.readMessage(RemoteTestRunnerClient.java:91)
	at org.eclipse.jdt.internal.junit.model.RemoteTestRunnerClient.receiveMessage(RemoteTestRunnerClient.java:375)
	at org.eclipse.jdt.internal.junit.model.RemoteTestRunnerClient.access$27(RemoteTestRunnerClient.java:374)
	at org.eclipse.jdt.internal.junit.model.RemoteTestRunnerClient$ServerConnection.run(RemoteTestRunnerClient.java:272)

!ENTRY org.eclipse.jdt.junit.core 4 4 2017-08-17 22:10:00.744
!MESSAGE Error
!STACK 0
java.lang.Exception: Unexpected TestElement type for testId '3': TestSuite: Scenario: Successful Login with Valid Credentials : Not Started - Undefined (4)
	at org.eclipse.jdt.internal.junit.model.TestRunSession$TestSessionNotifier.logUnexpectedTest(TestRunSession.java:737)
	at org.eclipse.jdt.internal.junit.model.TestRunSession$TestSessionNotifier.testStarted(TestRunSession.java:641)
	at org.eclipse.jdt.internal.junit.model.RemoteTestRunnerClient$5.run(RemoteTestRunnerClient.java:535)
	at org.eclipse.core.runtime.SafeRunner.run(SafeRunner.java:42)
	at org.eclipse.jdt.internal.junit.model.RemoteTestRunnerClient.notifyTestStarted(RemoteTestRunnerClient.java:532)
	at org.eclipse.jdt.internal.junit.model.RemoteTestRunnerClient.access$6(RemoteTestRunnerClient.java:527)
	at org.eclipse.jdt.internal.junit.model.RemoteTestRunnerClient$DefaultProcessingState.readMessage(RemoteTestRunnerClient.java:87)
	at org.eclipse.jdt.internal.junit.model.RemoteTestRunnerClient.receiveMessage(RemoteTestRunnerClient.java:375)
	at org.eclipse.jdt.internal.junit.model.RemoteTestRunnerClient.access$27(RemoteTestRunnerClient.java:374)
	at org.eclipse.jdt.internal.junit.model.RemoteTestRunnerClient$ServerConnection.run(RemoteTestRunnerClient.java:272)

!ENTRY org.eclipse.jdt.junit.core 4 4 2017-08-17 22:10:01.270
!MESSAGE Error
!STACK 0
java.lang.Exception: Unexpected TestElement type for testId '3': TestSuite: Scenario: Successful Login with Valid Credentials : Completed - Error (4)
	at org.eclipse.jdt.internal.junit.model.TestRunSession$TestSessionNotifier.logUnexpectedTest(TestRunSession.java:737)
	at org.eclipse.jdt.internal.junit.model.TestRunSession$TestSessionNotifier.testEnded(TestRunSession.java:667)
	at org.eclipse.jdt.internal.junit.model.RemoteTestRunnerClient$4.run(RemoteTestRunnerClient.java:521)
	at org.eclipse.core.runtime.SafeRunner.run(SafeRunner.java:42)
	at org.eclipse.jdt.internal.junit.model.RemoteTestRunnerClient.notifyTestEnded(RemoteTestRunnerClient.java:518)
	at org.eclipse.jdt.internal.junit.model.RemoteTestRunnerClient.access$7(RemoteTestRunnerClient.java:513)
	at org.eclipse.jdt.internal.junit.model.RemoteTestRunnerClient$DefaultProcessingState.readMessage(RemoteTestRunnerClient.java:91)
	at org.eclipse.jdt.internal.junit.model.RemoteTestRunnerClient.receiveMessage(RemoteTestRunnerClient.java:375)
	at org.eclipse.jdt.internal.junit.model.RemoteTestRunnerClient.access$27(RemoteTestRunnerClient.java:374)
	at org.eclipse.jdt.internal.junit.model.RemoteTestRunnerClient$ServerConnection.run(RemoteTestRunnerClient.java:272)

!ENTRY org.eclipse.jdt.junit.core 4 4 2017-08-17 22:10:01.272
!MESSAGE Error
!STACK 0
java.lang.Exception: Unexpected TestElement type for testId '8': TestSuite: Scenario: Successful LogOut : Not Started - Undefined (3)
	at org.eclipse.jdt.internal.junit.model.TestRunSession$TestSessionNotifier.logUnexpectedTest(TestRunSession.java:737)
	at org.eclipse.jdt.internal.junit.model.TestRunSession$TestSessionNotifier.testStarted(TestRunSession.java:641)
	at org.eclipse.jdt.internal.junit.model.RemoteTestRunnerClient$5.run(RemoteTestRunnerClient.java:535)
	at org.eclipse.core.runtime.SafeRunner.run(SafeRunner.java:42)
	at org.eclipse.jdt.internal.junit.model.RemoteTestRunnerClient.notifyTestStarted(RemoteTestRunnerClient.java:532)
	at org.eclipse.jdt.internal.junit.model.RemoteTestRunnerClient.access$6(RemoteTestRunnerClient.java:527)
	at org.eclipse.jdt.internal.junit.model.RemoteTestRunnerClient$DefaultProcessingState.readMessage(RemoteTestRunnerClient.java:87)
	at org.eclipse.jdt.internal.junit.model.RemoteTestRunnerClient.receiveMessage(RemoteTestRunnerClient.java:375)
	at org.eclipse.jdt.internal.junit.model.RemoteTestRunnerClient.access$27(RemoteTestRunnerClient.java:374)
	at org.eclipse.jdt.internal.junit.model.RemoteTestRunnerClient$ServerConnection.run(RemoteTestRunnerClient.java:272)

!ENTRY org.eclipse.jdt.junit.core 4 4 2017-08-17 22:10:03.407
!MESSAGE Error
!STACK 0
java.lang.Exception: Unexpected TestElement type for testId '8': TestSuite: Scenario: Successful LogOut : Completed - Error (3)
	at org.eclipse.jdt.internal.junit.model.TestRunSession$TestSessionNotifier.logUnexpectedTest(TestRunSession.java:737)
	at org.eclipse.jdt.internal.junit.model.TestRunSession$TestSessionNotifier.testEnded(TestRunSession.java:667)
	at org.eclipse.jdt.internal.junit.model.RemoteTestRunnerClient$4.run(RemoteTestRunnerClient.java:521)
	at org.eclipse.core.runtime.SafeRunner.run(SafeRunner.java:42)
	at org.eclipse.jdt.internal.junit.model.RemoteTestRunnerClient.notifyTestEnded(RemoteTestRunnerClient.java:518)
	at org.eclipse.jdt.internal.junit.model.RemoteTestRunnerClient.access$7(RemoteTestRunnerClient.java:513)
	at org.eclipse.jdt.internal.junit.model.RemoteTestRunnerClient$DefaultProcessingState.readMessage(RemoteTestRunnerClient.java:91)
	at org.eclipse.jdt.internal.junit.model.RemoteTestRunnerClient.receiveMessage(RemoteTestRunnerClient.java:375)
	at org.eclipse.jdt.internal.junit.model.RemoteTestRunnerClient.access$27(RemoteTestRunnerClient.java:374)
	at org.eclipse.jdt.internal.junit.model.RemoteTestRunnerClient$ServerConnection.run(RemoteTestRunnerClient.java:272)

!ENTRY org.eclipse.jdt.junit.core 4 4 2017-08-17 22:11:13.909
!MESSAGE Error
!STACK 0
java.lang.Exception: Unexpected TestElement type for testId '3': TestSuite: Scenario: Successful Login with Valid Credentials : Not Started - Undefined (4)
	at org.eclipse.jdt.internal.junit.model.TestRunSession$TestSessionNotifier.logUnexpectedTest(TestRunSession.java:737)
	at org.eclipse.jdt.internal.junit.model.TestRunSession$TestSessionNotifier.testStarted(TestRunSession.java:641)
	at org.eclipse.jdt.internal.junit.model.RemoteTestRunnerClient$5.run(RemoteTestRunnerClient.java:535)
	at org.eclipse.core.runtime.SafeRunner.run(SafeRunner.java:42)
	at org.eclipse.jdt.internal.junit.model.RemoteTestRunnerClient.notifyTestStarted(RemoteTestRunnerClient.java:532)
	at org.eclipse.jdt.internal.junit.model.RemoteTestRunnerClient.access$6(RemoteTestRunnerClient.java:527)
	at org.eclipse.jdt.internal.junit.model.RemoteTestRunnerClient$DefaultProcessingState.readMessage(RemoteTestRunnerClient.java:87)
	at org.eclipse.jdt.internal.junit.model.RemoteTestRunnerClient.receiveMessage(RemoteTestRunnerClient.java:375)
	at org.eclipse.jdt.internal.junit.model.RemoteTestRunnerClient.access$27(RemoteTestRunnerClient.java:374)
	at org.eclipse.jdt.internal.junit.model.RemoteTestRunnerClient$ServerConnection.run(RemoteTestRunnerClient.java:272)

!ENTRY org.eclipse.jdt.junit.core 4 4 2017-08-17 22:11:42.034
!MESSAGE Error
!STACK 0
java.lang.Exception: Unexpected TestElement type for testId '3': TestSuite: Scenario: Successful Login with Valid Credentials : Completed - OK (4)
	at org.eclipse.jdt.internal.junit.model.TestRunSession$TestSessionNotifier.logUnexpectedTest(TestRunSession.java:737)
	at org.eclipse.jdt.internal.junit.model.TestRunSession$TestSessionNotifier.testEnded(TestRunSession.java:667)
	at org.eclipse.jdt.internal.junit.model.RemoteTestRunnerClient$4.run(RemoteTestRunnerClient.java:521)
	at org.eclipse.core.runtime.SafeRunner.run(SafeRunner.java:42)
	at org.eclipse.jdt.internal.junit.model.RemoteTestRunnerClient.notifyTestEnded(RemoteTestRunnerClient.java:518)
	at org.eclipse.jdt.internal.junit.model.RemoteTestRunnerClient.access$7(RemoteTestRunnerClient.java:513)
	at org.eclipse.jdt.internal.junit.model.RemoteTestRunnerClient$DefaultProcessingState.readMessage(RemoteTestRunnerClient.java:91)
	at org.eclipse.jdt.internal.junit.model.RemoteTestRunnerClient.receiveMessage(RemoteTestRunnerClient.java:375)
	at org.eclipse.jdt.internal.junit.model.RemoteTestRunnerClient.access$27(RemoteTestRunnerClient.java:374)
	at org.eclipse.jdt.internal.junit.model.RemoteTestRunnerClient$ServerConnection.run(RemoteTestRunnerClient.java:272)

!ENTRY org.eclipse.jdt.junit.core 4 4 2017-08-17 22:11:42.038
!MESSAGE Error
!STACK 0
java.lang.Exception: Unexpected TestElement type for testId '8': TestSuite: Scenario: Successful LogOut : Not Started - Undefined (3)
	at org.eclipse.jdt.internal.junit.model.TestRunSession$TestSessionNotifier.logUnexpectedTest(TestRunSession.java:737)
	at org.eclipse.jdt.internal.junit.model.TestRunSession$TestSessionNotifier.testStarted(TestRunSession.java:641)
	at org.eclipse.jdt.internal.junit.model.RemoteTestRunnerClient$5.run(RemoteTestRunnerClient.java:535)
	at org.eclipse.core.runtime.SafeRunner.run(SafeRunner.java:42)
	at org.eclipse.jdt.internal.junit.model.RemoteTestRunnerClient.notifyTestStarted(RemoteTestRunnerClient.java:532)
	at org.eclipse.jdt.internal.junit.model.RemoteTestRunnerClient.access$6(RemoteTestRunnerClient.java:527)
	at org.eclipse.jdt.internal.junit.model.RemoteTestRunnerClient$DefaultProcessingState.readMessage(RemoteTestRunnerClient.java:87)
	at org.eclipse.jdt.internal.junit.model.RemoteTestRunnerClient.receiveMessage(RemoteTestRunnerClient.java:375)
	at org.eclipse.jdt.internal.junit.model.RemoteTestRunnerClient.access$27(RemoteTestRunnerClient.java:374)
	at org.eclipse.jdt.internal.junit.model.RemoteTestRunnerClient$ServerConnection.run(RemoteTestRunnerClient.java:272)

!ENTRY org.eclipse.jdt.junit.core 4 4 2017-08-17 22:11:49.081
!MESSAGE Error
!STACK 0
java.lang.Exception: Unexpected TestElement type for testId '8': TestSuite: Scenario: Successful LogOut : Completed - OK (3)
	at org.eclipse.jdt.internal.junit.model.TestRunSession$TestSessionNotifier.logUnexpectedTest(TestRunSession.java:737)
	at org.eclipse.jdt.internal.junit.model.TestRunSession$TestSessionNotifier.testEnded(TestRunSession.java:667)
	at org.eclipse.jdt.internal.junit.model.RemoteTestRunnerClient$4.run(RemoteTestRunnerClient.java:521)
	at org.eclipse.core.runtime.SafeRunner.run(SafeRunner.java:42)
	at org.eclipse.jdt.internal.junit.model.RemoteTestRunnerClient.notifyTestEnded(RemoteTestRunnerClient.java:518)
	at org.eclipse.jdt.internal.junit.model.RemoteTestRunnerClient.access$7(RemoteTestRunnerClient.java:513)
	at org.eclipse.jdt.internal.junit.model.RemoteTestRunnerClient$DefaultProcessingState.readMessage(RemoteTestRunnerClient.java:91)
	at org.eclipse.jdt.internal.junit.model.RemoteTestRunnerClient.receiveMessage(RemoteTestRunnerClient.java:375)
	at org.eclipse.jdt.internal.junit.model.RemoteTestRunnerClient.access$27(RemoteTestRunnerClient.java:374)
	at org.eclipse.jdt.internal.junit.model.RemoteTestRunnerClient$ServerConnection.run(RemoteTestRunnerClient.java:272)

!ENTRY org.eclipse.m2e.logback.appender 4 0 2017-08-17 22:12:48.142
!MESSAGE Resource '/AutomationDemo/pom.xml' does not exist.
!STACK 1
org.eclipse.core.internal.resources.ResourceException: Resource '/AutomationDemo/pom.xml' does not exist.
	at org.eclipse.core.internal.resources.Resource.checkExists(Resource.java:334)
	at org.eclipse.core.internal.resources.Resource.checkAccessible(Resource.java:208)
	at org.eclipse.core.internal.resources.Resource.deleteMarkers(Resource.java:822)
	at org.eclipse.m2e.core.internal.markers.MavenMarkerManager.deleteMarkers(MavenMarkerManager.java:229)
	at org.eclipse.m2e.core.internal.markers.MavenMarkerManager.deleteMarkers(MavenMarkerManager.java:223)
	at org.eclipse.m2e.core.internal.project.registry.ProjectRegistryManager.readMavenProjectFacade(ProjectRegistryManager.java:694)
	at org.eclipse.m2e.core.internal.project.registry.ProjectRegistryManager.refresh(ProjectRegistryManager.java:397)
	at org.eclipse.m2e.core.internal.project.registry.ProjectRegistryManager.refresh(ProjectRegistryManager.java:350)
	at org.eclipse.m2e.core.internal.project.registry.ProjectRegistryRefreshJob$1$1.call(ProjectRegistryRefreshJob.java:89)
	at org.eclipse.m2e.core.internal.project.registry.ProjectRegistryRefreshJob$1$1.call(ProjectRegistryRefreshJob.java:1)
	at org.eclipse.m2e.core.internal.embedder.MavenExecutionContext.executeBare(MavenExecutionContext.java:176)
	at org.eclipse.m2e.core.internal.embedder.MavenExecutionContext.execute(MavenExecutionContext.java:151)
	at org.eclipse.m2e.core.internal.embedder.MavenExecutionContext.execute(MavenExecutionContext.java:99)
	at org.eclipse.m2e.core.internal.embedder.MavenImpl.execute(MavenImpl.java:1351)
	at org.eclipse.m2e.core.internal.project.registry.ProjectRegistryRefreshJob$1.call(ProjectRegistryRefreshJob.java:87)
	at org.eclipse.m2e.core.internal.project.registry.ProjectRegistryRefreshJob$1.call(ProjectRegistryRefreshJob.java:1)
	at org.eclipse.m2e.core.internal.embedder.MavenExecutionContext.executeBare(MavenExecutionContext.java:176)
	at org.eclipse.m2e.core.internal.embedder.MavenExecutionContext.execute(MavenExecutionContext.java:151)
	at org.eclipse.m2e.core.internal.embedder.MavenExecutionContext.execute(MavenExecutionContext.java:99)
	at org.eclipse.m2e.core.internal.embedder.MavenImpl.execute(MavenImpl.java:1355)
	at org.eclipse.m2e.core.internal.project.registry.ProjectRegistryRefreshJob.run(ProjectRegistryRefreshJob.java:81)
	at org.eclipse.core.internal.jobs.Worker.run(Worker.java:55)
!SUBENTRY 1 org.eclipse.core.resources 4 368 2017-08-17 22:12:48.144
!MESSAGE Resource '/AutomationDemo/pom.xml' does not exist.

!ENTRY org.eclipse.ltk.ui.refactoring 4 10000 2017-08-17 22:12:49.288
!MESSAGE Internal Error
!STACK 1
org.eclipse.core.internal.resources.ResourceException: Problems encountered while moving resources.
	at org.eclipse.core.internal.resources.Resource.move(Resource.java:1542)
	at org.eclipse.ltk.core.refactoring.resource.RenameResourceChange.perform(RenameResourceChange.java:123)
	at org.eclipse.ltk.core.refactoring.CompositeChange.perform(CompositeChange.java:278)
	at org.eclipse.ltk.core.refactoring.PerformChangeOperation$1.run(PerformChangeOperation.java:258)
	at org.eclipse.core.internal.resources.Workspace.run(Workspace.java:2241)
	at org.eclipse.ltk.core.refactoring.PerformChangeOperation.executeChange(PerformChangeOperation.java:306)
	at org.eclipse.ltk.internal.ui.refactoring.UIPerformChangeOperation.executeChange(UIPerformChangeOperation.java:92)
	at org.eclipse.ltk.core.refactoring.PerformChangeOperation.run(PerformChangeOperation.java:218)
	at org.eclipse.core.internal.resources.Workspace.run(Workspace.java:2241)
	at org.eclipse.ltk.internal.ui.refactoring.WorkbenchRunnableAdapter.run(WorkbenchRunnableAdapter.java:87)
	at org.eclipse.jface.operation.ModalContext$ModalContextThread.run(ModalContext.java:119)
Contains: Could not move '/AutomationDemo'.
org.eclipse.core.runtime.CoreException: Could not move: C:\testautomation\AutomationDemo.
	at org.eclipse.core.internal.filesystem.Policy.error(Policy.java:49)
	at org.eclipse.core.filesystem.provider.FileStore.move(FileStore.java:417)
	at org.eclipse.core.internal.filesystem.local.LocalFile.move(LocalFile.java:371)
	at org.eclipse.core.internal.localstore.FileSystemResourceManager.move(FileSystemResourceManager.java:802)
	at org.eclipse.core.internal.resources.ResourceTree.moveProjectContent(ResourceTree.java:763)
	at org.eclipse.core.internal.resources.ResourceTree.standardMoveProject(ResourceTree.java:1086)
	at org.eclipse.core.internal.resources.Resource.unprotectedMove(Resource.java:1872)
	at org.eclipse.core.internal.resources.Resource.move(Resource.java:1530)
	at org.eclipse.ltk.core.refactoring.resource.RenameResourceChange.perform(RenameResourceChange.java:123)
	at org.eclipse.ltk.core.refactoring.CompositeChange.perform(CompositeChange.java:278)
	at org.eclipse.ltk.core.refactoring.PerformChangeOperation$1.run(PerformChangeOperation.java:258)
	at org.eclipse.core.internal.resources.Workspace.run(Workspace.java:2241)
	at org.eclipse.ltk.core.refactoring.PerformChangeOperation.executeChange(PerformChangeOperation.java:306)
	at org.eclipse.ltk.internal.ui.refactoring.UIPerformChangeOperation.executeChange(UIPerformChangeOperation.java:92)
	at org.eclipse.ltk.core.refactoring.PerformChangeOperation.run(PerformChangeOperation.java:218)
	at org.eclipse.core.internal.resources.Workspace.run(Workspace.java:2241)
	at org.eclipse.ltk.internal.ui.refactoring.WorkbenchRunnableAdapter.run(WorkbenchRunnableAdapter.java:87)
	at org.eclipse.jface.operation.ModalContext$ModalContextThread.run(ModalContext.java:119)
Caused by: org.eclipse.core.runtime.CoreException: Problems encountered while deleting files.
	at org.eclipse.core.internal.filesystem.local.LocalFile.delete(LocalFile.java:135)
	at org.eclipse.core.filesystem.provider.FileStore.move(FileStore.java:413)
	... 16 more
!SUBENTRY 1 org.eclipse.core.resources 1 4 2017-08-17 22:12:49.290
!MESSAGE Problems encountered while moving resources.
!SUBENTRY 2 org.eclipse.core.resources 1 4 2017-08-17 22:12:49.290
!MESSAGE Could not move '/AutomationDemo'.
!STACK 1
org.eclipse.core.runtime.CoreException: Could not move: C:\testautomation\AutomationDemo.
	at org.eclipse.core.internal.filesystem.Policy.error(Policy.java:49)
	at org.eclipse.core.filesystem.provider.FileStore.move(FileStore.java:417)
	at org.eclipse.core.internal.filesystem.local.LocalFile.move(LocalFile.java:371)
	at org.eclipse.core.internal.localstore.FileSystemResourceManager.move(FileSystemResourceManager.java:802)
	at org.eclipse.core.internal.resources.ResourceTree.moveProjectContent(ResourceTree.java:763)
	at org.eclipse.core.internal.resources.ResourceTree.standardMoveProject(ResourceTree.java:1086)
	at org.eclipse.core.internal.resources.Resource.unprotectedMove(Resource.java:1872)
	at org.eclipse.core.internal.resources.Resource.move(Resource.java:1530)
	at org.eclipse.ltk.core.refactoring.resource.RenameResourceChange.perform(RenameResourceChange.java:123)
	at org.eclipse.ltk.core.refactoring.CompositeChange.perform(CompositeChange.java:278)
	at org.eclipse.ltk.core.refactoring.PerformChangeOperation$1.run(PerformChangeOperation.java:258)
	at org.eclipse.core.internal.resources.Workspace.run(Workspace.java:2241)
	at org.eclipse.ltk.core.refactoring.PerformChangeOperation.executeChange(PerformChangeOperation.java:306)
	at org.eclipse.ltk.internal.ui.refactoring.UIPerformChangeOperation.executeChange(UIPerformChangeOperation.java:92)
	at org.eclipse.ltk.core.refactoring.PerformChangeOperation.run(PerformChangeOperation.java:218)
	at org.eclipse.core.internal.resources.Workspace.run(Workspace.java:2241)
	at org.eclipse.ltk.internal.ui.refactoring.WorkbenchRunnableAdapter.run(WorkbenchRunnableAdapter.java:87)
	at org.eclipse.jface.operation.ModalContext$ModalContextThread.run(ModalContext.java:119)
Caused by: org.eclipse.core.runtime.CoreException: Problems encountered while deleting files.
	at org.eclipse.core.internal.filesystem.local.LocalFile.delete(LocalFile.java:135)
	at org.eclipse.core.filesystem.provider.FileStore.move(FileStore.java:413)
	... 16 more
!SUBENTRY 3 org.eclipse.core.filesystem 4 272 2017-08-17 22:12:49.290
!MESSAGE Could not move: C:\testautomation\AutomationDemo.
!STACK 1
org.eclipse.core.runtime.CoreException: Problems encountered while deleting files.
	at org.eclipse.core.internal.filesystem.local.LocalFile.delete(LocalFile.java:135)
	at org.eclipse.core.filesystem.provider.FileStore.move(FileStore.java:413)
	at org.eclipse.core.internal.filesystem.local.LocalFile.move(LocalFile.java:371)
	at org.eclipse.core.internal.localstore.FileSystemResourceManager.move(FileSystemResourceManager.java:802)
	at org.eclipse.core.internal.resources.ResourceTree.moveProjectContent(ResourceTree.java:763)
	at org.eclipse.core.internal.resources.ResourceTree.standardMoveProject(ResourceTree.java:1086)
	at org.eclipse.core.internal.resources.Resource.unprotectedMove(Resource.java:1872)
	at org.eclipse.core.internal.resources.Resource.move(Resource.java:1530)
	at org.eclipse.ltk.core.refactoring.resource.RenameResourceChange.perform(RenameResourceChange.java:123)
	at org.eclipse.ltk.core.refactoring.CompositeChange.perform(CompositeChange.java:278)
	at org.eclipse.ltk.core.refactoring.PerformChangeOperation$1.run(PerformChangeOperation.java:258)
	at org.eclipse.core.internal.resources.Workspace.run(Workspace.java:2241)
	at org.eclipse.ltk.core.refactoring.PerformChangeOperation.executeChange(PerformChangeOperation.java:306)
	at org.eclipse.ltk.internal.ui.refactoring.UIPerformChangeOperation.executeChange(UIPerformChangeOperation.java:92)
	at org.eclipse.ltk.core.refactoring.PerformChangeOperation.run(PerformChangeOperation.java:218)
	at org.eclipse.core.internal.resources.Workspace.run(Workspace.java:2241)
	at org.eclipse.ltk.internal.ui.refactoring.WorkbenchRunnableAdapter.run(WorkbenchRunnableAdapter.java:87)
	at org.eclipse.jface.operation.ModalContext$ModalContextThread.run(ModalContext.java:119)
Contains: Could not delete: C:\testautomation\AutomationDemo\src\main\java\com\demo\bdd\driver\chromedriver.exe.
Contains: Could not delete: C:\testautomation\AutomationDemo\src\main\java\com\demo\bdd\driver.
Contains: Could not delete: C:\testautomation\AutomationDemo\src\main\java\com\demo\bdd.
Contains: Could not delete: C:\testautomation\AutomationDemo\src\main\java\com\demo.
Contains: Could not delete: C:\testautomation\AutomationDemo\src\main\java\com.
Contains: Could not delete: C:\testautomation\AutomationDemo\src\main\java.
Contains: Could not delete: C:\testautomation\AutomationDemo\src\main.
Contains: Could not delete: C:\testautomation\AutomationDemo\src.
Contains: Could not delete: C:\testautomation\AutomationDemo.
!SUBENTRY 4 org.eclipse.core.filesystem 4 273 2017-08-17 22:12:49.291
!MESSAGE Problems encountered while deleting files.
!SUBENTRY 5 org.eclipse.core.filesystem 4 273 2017-08-17 22:12:49.291
!MESSAGE Could not delete: C:\testautomation\AutomationDemo\src\main\java\com\demo\bdd\driver\chromedriver.exe.
!SUBENTRY 5 org.eclipse.core.filesystem 4 273 2017-08-17 22:12:49.291
!MESSAGE Could not delete: C:\testautomation\AutomationDemo\src\main\java\com\demo\bdd\driver.
!SUBENTRY 5 org.eclipse.core.filesystem 4 273 2017-08-17 22:12:49.291
!MESSAGE Could not delete: C:\testautomation\AutomationDemo\src\main\java\com\demo\bdd.
!SUBENTRY 5 org.eclipse.core.filesystem 4 273 2017-08-17 22:12:49.291
!MESSAGE Could not delete: C:\testautomation\AutomationDemo\src\main\java\com\demo.
!SUBENTRY 5 org.eclipse.core.filesystem 4 273 2017-08-17 22:12:49.291
!MESSAGE Could not delete: C:\testautomation\AutomationDemo\src\main\java\com.
!SUBENTRY 5 org.eclipse.core.filesystem 4 273 2017-08-17 22:12:49.291
!MESSAGE Could not delete: C:\testautomation\AutomationDemo\src\main\java.
!SUBENTRY 5 org.eclipse.core.filesystem 4 273 2017-08-17 22:12:49.291
!MESSAGE Could not delete: C:\testautomation\AutomationDemo\src\main.
!SUBENTRY 5 org.eclipse.core.filesystem 4 273 2017-08-17 22:12:49.291
!MESSAGE Could not delete: C:\testautomation\AutomationDemo\src.
!SUBENTRY 5 org.eclipse.core.filesystem 4 273 2017-08-17 22:12:49.291
!MESSAGE Could not delete: C:\testautomation\AutomationDemo.

!ENTRY org.eclipse.jdt.junit.core 4 4 2017-08-17 22:13:53.639
!MESSAGE Error
!STACK 0
java.lang.Exception: Unexpected TestElement type for testId '3': TestSuite: Scenario: Successful Login with Valid Credentials : Not Started - Undefined (4)
	at org.eclipse.jdt.internal.junit.model.TestRunSession$TestSessionNotifier.logUnexpectedTest(TestRunSession.java:737)
	at org.eclipse.jdt.internal.junit.model.TestRunSession$TestSessionNotifier.testStarted(TestRunSession.java:641)
	at org.eclipse.jdt.internal.junit.model.RemoteTestRunnerClient$5.run(RemoteTestRunnerClient.java:535)
	at org.eclipse.core.runtime.SafeRunner.run(SafeRunner.java:42)
	at org.eclipse.jdt.internal.junit.model.RemoteTestRunnerClient.notifyTestStarted(RemoteTestRunnerClient.java:532)
	at org.eclipse.jdt.internal.junit.model.RemoteTestRunnerClient.access$6(RemoteTestRunnerClient.java:527)
	at org.eclipse.jdt.internal.junit.model.RemoteTestRunnerClient$DefaultProcessingState.readMessage(RemoteTestRunnerClient.java:87)
	at org.eclipse.jdt.internal.junit.model.RemoteTestRunnerClient.receiveMessage(RemoteTestRunnerClient.java:375)
	at org.eclipse.jdt.internal.junit.model.RemoteTestRunnerClient.access$27(RemoteTestRunnerClient.java:374)
	at org.eclipse.jdt.internal.junit.model.RemoteTestRunnerClient$ServerConnection.run(RemoteTestRunnerClient.java:272)

!ENTRY org.eclipse.jdt.junit.core 4 4 2017-08-17 22:14:20.521
!MESSAGE Error
!STACK 0
java.lang.Exception: Unexpected TestElement type for testId '3': TestSuite: Scenario: Successful Login with Valid Credentials : Completed - OK (4)
	at org.eclipse.jdt.internal.junit.model.TestRunSession$TestSessionNotifier.logUnexpectedTest(TestRunSession.java:737)
	at org.eclipse.jdt.internal.junit.model.TestRunSession$TestSessionNotifier.testEnded(TestRunSession.java:667)
	at org.eclipse.jdt.internal.junit.model.RemoteTestRunnerClient$4.run(RemoteTestRunnerClient.java:521)
	at org.eclipse.core.runtime.SafeRunner.run(SafeRunner.java:42)
	at org.eclipse.jdt.internal.junit.model.RemoteTestRunnerClient.notifyTestEnded(RemoteTestRunnerClient.java:518)
	at org.eclipse.jdt.internal.junit.model.RemoteTestRunnerClient.access$7(RemoteTestRunnerClient.java:513)
	at org.eclipse.jdt.internal.junit.model.RemoteTestRunnerClient$DefaultProcessingState.readMessage(RemoteTestRunnerClient.java:91)
	at org.eclipse.jdt.internal.junit.model.RemoteTestRunnerClient.receiveMessage(RemoteTestRunnerClient.java:375)
	at org.eclipse.jdt.internal.junit.model.RemoteTestRunnerClient.access$27(RemoteTestRunnerClient.java:374)
	at org.eclipse.jdt.internal.junit.model.RemoteTestRunnerClient$ServerConnection.run(RemoteTestRunnerClient.java:272)

!ENTRY org.eclipse.jdt.junit.core 4 4 2017-08-17 22:14:20.524
!MESSAGE Error
!STACK 0
java.lang.Exception: Unexpected TestElement type for testId '8': TestSuite: Scenario: Successful LogOut : Not Started - Undefined (3)
	at org.eclipse.jdt.internal.junit.model.TestRunSession$TestSessionNotifier.logUnexpectedTest(TestRunSession.java:737)
	at org.eclipse.jdt.internal.junit.model.TestRunSession$TestSessionNotifier.testStarted(TestRunSession.java:641)
	at org.eclipse.jdt.internal.junit.model.RemoteTestRunnerClient$5.run(RemoteTestRunnerClient.java:535)
	at org.eclipse.core.runtime.SafeRunner.run(SafeRunner.java:42)
	at org.eclipse.jdt.internal.junit.model.RemoteTestRunnerClient.notifyTestStarted(RemoteTestRunnerClient.java:532)
	at org.eclipse.jdt.internal.junit.model.RemoteTestRunnerClient.access$6(RemoteTestRunnerClient.java:527)
	at org.eclipse.jdt.internal.junit.model.RemoteTestRunnerClient$DefaultProcessingState.readMessage(RemoteTestRunnerClient.java:87)
	at org.eclipse.jdt.internal.junit.model.RemoteTestRunnerClient.receiveMessage(RemoteTestRunnerClient.java:375)
	at org.eclipse.jdt.internal.junit.model.RemoteTestRunnerClient.access$27(RemoteTestRunnerClient.java:374)
	at org.eclipse.jdt.internal.junit.model.RemoteTestRunnerClient$ServerConnection.run(RemoteTestRunnerClient.java:272)

!ENTRY org.eclipse.jdt.junit.core 4 4 2017-08-17 22:14:33.210
!MESSAGE Error
!STACK 0
java.lang.Exception: Unexpected TestElement type for testId '8': TestSuite: Scenario: Successful LogOut : Completed - OK (3)
	at org.eclipse.jdt.internal.junit.model.TestRunSession$TestSessionNotifier.logUnexpectedTest(TestRunSession.java:737)
	at org.eclipse.jdt.internal.junit.model.TestRunSession$TestSessionNotifier.testEnded(TestRunSession.java:667)
	at org.eclipse.jdt.internal.junit.model.RemoteTestRunnerClient$4.run(RemoteTestRunnerClient.java:521)
	at org.eclipse.core.runtime.SafeRunner.run(SafeRunner.java:42)
	at org.eclipse.jdt.internal.junit.model.RemoteTestRunnerClient.notifyTestEnded(RemoteTestRunnerClient.java:518)
	at org.eclipse.jdt.internal.junit.model.RemoteTestRunnerClient.access$7(RemoteTestRunnerClient.java:513)
	at org.eclipse.jdt.internal.junit.model.RemoteTestRunnerClient$DefaultProcessingState.readMessage(RemoteTestRunnerClient.java:91)
	at org.eclipse.jdt.internal.junit.model.RemoteTestRunnerClient.receiveMessage(RemoteTestRunnerClient.java:375)
	at org.eclipse.jdt.internal.junit.model.RemoteTestRunnerClient.access$27(RemoteTestRunnerClient.java:374)
	at org.eclipse.jdt.internal.junit.model.RemoteTestRunnerClient$ServerConnection.run(RemoteTestRunnerClient.java:272)
!SESSION 2017-08-27 19:13:59.806 -----------------------------------------------
eclipse.buildId=4.5.2.M20160212-1500
java.version=1.7.0_40
java.vendor=Oracle Corporation
BootLoader constants: OS=win32, ARCH=x86_64, WS=win32, NL=en_US
Framework arguments:  -product org.eclipse.epp.package.java.product
Command-line arguments:  -os win32 -ws win32 -arch x86_64 -product org.eclipse.epp.package.java.product

!ENTRY org.eclipse.egit.ui 2 0 2017-08-27 19:22:23.913
!MESSAGE Warning: The environment variable HOME is not set. The following directory will be used to store the Git
user global configuration and to define the default location to store repositories: 'C:\Users\Karuna'. If this is
not correct please set the HOME environment variable and restart Eclipse. Otherwise Git for Windows and
EGit might behave differently since they see different configuration options.
This warning can be switched off on the Team > Git > Confirmations and Warnings preference page.

!ENTRY org.eclipse.jdt.junit.core 4 4 2017-08-27 19:27:15.022
!MESSAGE Error
!STACK 0
java.lang.Exception: Unexpected TestElement type for testId '3': TestSuite: Scenario: Successful Login with Valid Credentials : Not Started - Undefined (4)
	at org.eclipse.jdt.internal.junit.model.TestRunSession$TestSessionNotifier.logUnexpectedTest(TestRunSession.java:737)
	at org.eclipse.jdt.internal.junit.model.TestRunSession$TestSessionNotifier.testStarted(TestRunSession.java:641)
	at org.eclipse.jdt.internal.junit.model.RemoteTestRunnerClient$5.run(RemoteTestRunnerClient.java:535)
	at org.eclipse.core.runtime.SafeRunner.run(SafeRunner.java:42)
	at org.eclipse.jdt.internal.junit.model.RemoteTestRunnerClient.notifyTestStarted(RemoteTestRunnerClient.java:532)
	at org.eclipse.jdt.internal.junit.model.RemoteTestRunnerClient.access$6(RemoteTestRunnerClient.java:527)
	at org.eclipse.jdt.internal.junit.model.RemoteTestRunnerClient$DefaultProcessingState.readMessage(RemoteTestRunnerClient.java:87)
	at org.eclipse.jdt.internal.junit.model.RemoteTestRunnerClient.receiveMessage(RemoteTestRunnerClient.java:375)
	at org.eclipse.jdt.internal.junit.model.RemoteTestRunnerClient.access$27(RemoteTestRunnerClient.java:374)
	at org.eclipse.jdt.internal.junit.model.RemoteTestRunnerClient$ServerConnection.run(RemoteTestRunnerClient.java:272)

!ENTRY org.eclipse.jdt.junit.core 4 4 2017-08-27 19:27:16.462
!MESSAGE Error
!STACK 0
java.lang.Exception: Unexpected TestElement type for testId '3': TestSuite: Scenario: Successful Login with Valid Credentials : Completed - Error (4)
	at org.eclipse.jdt.internal.junit.model.TestRunSession$TestSessionNotifier.logUnexpectedTest(TestRunSession.java:737)
	at org.eclipse.jdt.internal.junit.model.TestRunSession$TestSessionNotifier.testEnded(TestRunSession.java:667)
	at org.eclipse.jdt.internal.junit.model.RemoteTestRunnerClient$4.run(RemoteTestRunnerClient.java:521)
	at org.eclipse.core.runtime.SafeRunner.run(SafeRunner.java:42)
	at org.eclipse.jdt.internal.junit.model.RemoteTestRunnerClient.notifyTestEnded(RemoteTestRunnerClient.java:518)
	at org.eclipse.jdt.internal.junit.model.RemoteTestRunnerClient.access$7(RemoteTestRunnerClient.java:513)
	at org.eclipse.jdt.internal.junit.model.RemoteTestRunnerClient$DefaultProcessingState.readMessage(RemoteTestRunnerClient.java:91)
	at org.eclipse.jdt.internal.junit.model.RemoteTestRunnerClient.receiveMessage(RemoteTestRunnerClient.java:375)
	at org.eclipse.jdt.internal.junit.model.RemoteTestRunnerClient.access$27(RemoteTestRunnerClient.java:374)
	at org.eclipse.jdt.internal.junit.model.RemoteTestRunnerClient$ServerConnection.run(RemoteTestRunnerClient.java:272)

!ENTRY org.eclipse.jdt.junit.core 4 4 2017-08-27 19:27:16.464
!MESSAGE Error
!STACK 0
java.lang.Exception: Unexpected TestElement type for testId '8': TestSuite: Scenario: Successful LogOut : Not Started - Undefined (3)
	at org.eclipse.jdt.internal.junit.model.TestRunSession$TestSessionNotifier.logUnexpectedTest(TestRunSession.java:737)
	at org.eclipse.jdt.internal.junit.model.TestRunSession$TestSessionNotifier.testStarted(TestRunSession.java:641)
	at org.eclipse.jdt.internal.junit.model.RemoteTestRunnerClient$5.run(RemoteTestRunnerClient.java:535)
	at org.eclipse.core.runtime.SafeRunner.run(SafeRunner.java:42)
	at org.eclipse.jdt.internal.junit.model.RemoteTestRunnerClient.notifyTestStarted(RemoteTestRunnerClient.java:532)
	at org.eclipse.jdt.internal.junit.model.RemoteTestRunnerClient.access$6(RemoteTestRunnerClient.java:527)
	at org.eclipse.jdt.internal.junit.model.RemoteTestRunnerClient$DefaultProcessingState.readMessage(RemoteTestRunnerClient.java:87)
	at org.eclipse.jdt.internal.junit.model.RemoteTestRunnerClient.receiveMessage(RemoteTestRunnerClient.java:375)
	at org.eclipse.jdt.internal.junit.model.RemoteTestRunnerClient.access$27(RemoteTestRunnerClient.java:374)
	at org.eclipse.jdt.internal.junit.model.RemoteTestRunnerClient$ServerConnection.run(RemoteTestRunnerClient.java:272)

!ENTRY org.eclipse.jdt.junit.core 4 4 2017-08-27 19:27:17.877
!MESSAGE Error
!STACK 0
java.lang.Exception: Unexpected TestElement type for testId '8': TestSuite: Scenario: Successful LogOut : Completed - Error (3)
	at org.eclipse.jdt.internal.junit.model.TestRunSession$TestSessionNotifier.logUnexpectedTest(TestRunSession.java:737)
	at org.eclipse.jdt.internal.junit.model.TestRunSession$TestSessionNotifier.testEnded(TestRunSession.java:667)
	at org.eclipse.jdt.internal.junit.model.RemoteTestRunnerClient$4.run(RemoteTestRunnerClient.java:521)
	at org.eclipse.core.runtime.SafeRunner.run(SafeRunner.java:42)
	at org.eclipse.jdt.internal.junit.model.RemoteTestRunnerClient.notifyTestEnded(RemoteTestRunnerClient.java:518)
	at org.eclipse.jdt.internal.junit.model.RemoteTestRunnerClient.access$7(RemoteTestRunnerClient.java:513)
	at org.eclipse.jdt.internal.junit.model.RemoteTestRunnerClient$DefaultProcessingState.readMessage(RemoteTestRunnerClient.java:91)
	at org.eclipse.jdt.internal.junit.model.RemoteTestRunnerClient.receiveMessage(RemoteTestRunnerClient.java:375)
	at org.eclipse.jdt.internal.junit.model.RemoteTestRunnerClient.access$27(RemoteTestRunnerClient.java:374)
	at org.eclipse.jdt.internal.junit.model.RemoteTestRunnerClient$ServerConnection.run(RemoteTestRunnerClient.java:272)

!ENTRY org.eclipse.jdt.junit.core 4 4 2017-08-27 19:29:04.805
!MESSAGE Error
!STACK 0
java.lang.Exception: Unexpected TestElement type for testId '3': TestSuite: Scenario: Successful Login with Valid Credentials : Not Started - Undefined (4)
	at org.eclipse.jdt.internal.junit.model.TestRunSession$TestSessionNotifier.logUnexpectedTest(TestRunSession.java:737)
	at org.eclipse.jdt.internal.junit.model.TestRunSession$TestSessionNotifier.testStarted(TestRunSession.java:641)
	at org.eclipse.jdt.internal.junit.model.RemoteTestRunnerClient$5.run(RemoteTestRunnerClient.java:535)
	at org.eclipse.core.runtime.SafeRunner.run(SafeRunner.java:42)
	at org.eclipse.jdt.internal.junit.model.RemoteTestRunnerClient.notifyTestStarted(RemoteTestRunnerClient.java:532)
	at org.eclipse.jdt.internal.junit.model.RemoteTestRunnerClient.access$6(RemoteTestRunnerClient.java:527)
	at org.eclipse.jdt.internal.junit.model.RemoteTestRunnerClient$DefaultProcessingState.readMessage(RemoteTestRunnerClient.java:87)
	at org.eclipse.jdt.internal.junit.model.RemoteTestRunnerClient.receiveMessage(RemoteTestRunnerClient.java:375)
	at org.eclipse.jdt.internal.junit.model.RemoteTestRunnerClient.access$27(RemoteTestRunnerClient.java:374)
	at org.eclipse.jdt.internal.junit.model.RemoteTestRunnerClient$ServerConnection.run(RemoteTestRunnerClient.java:272)

!ENTRY org.eclipse.jdt.junit.core 4 4 2017-08-27 19:29:05.552
!MESSAGE Error
!STACK 0
java.lang.Exception: Unexpected TestElement type for testId '3': TestSuite: Scenario: Successful Login with Valid Credentials : Completed - Error (4)
	at org.eclipse.jdt.internal.junit.model.TestRunSession$TestSessionNotifier.logUnexpectedTest(TestRunSession.java:737)
	at org.eclipse.jdt.internal.junit.model.TestRunSession$TestSessionNotifier.testEnded(TestRunSession.java:667)
	at org.eclipse.jdt.internal.junit.model.RemoteTestRunnerClient$4.run(RemoteTestRunnerClient.java:521)
	at org.eclipse.core.runtime.SafeRunner.run(SafeRunner.java:42)
	at org.eclipse.jdt.internal.junit.model.RemoteTestRunnerClient.notifyTestEnded(RemoteTestRunnerClient.java:518)
	at org.eclipse.jdt.internal.junit.model.RemoteTestRunnerClient.access$7(RemoteTestRunnerClient.java:513)
	at org.eclipse.jdt.internal.junit.model.RemoteTestRunnerClient$DefaultProcessingState.readMessage(RemoteTestRunnerClient.java:91)
	at org.eclipse.jdt.internal.junit.model.RemoteTestRunnerClient.receiveMessage(RemoteTestRunnerClient.java:375)
	at org.eclipse.jdt.internal.junit.model.RemoteTestRunnerClient.access$27(RemoteTestRunnerClient.java:374)
	at org.eclipse.jdt.internal.junit.model.RemoteTestRunnerClient$ServerConnection.run(RemoteTestRunnerClient.java:272)

!ENTRY org.eclipse.jdt.junit.core 4 4 2017-08-27 19:29:05.556
!MESSAGE Error
!STACK 0
java.lang.Exception: Unexpected TestElement type for testId '8': TestSuite: Scenario: Successful LogOut : Not Started - Undefined (3)
	at org.eclipse.jdt.internal.junit.model.TestRunSession$TestSessionNotifier.logUnexpectedTest(TestRunSession.java:737)
	at org.eclipse.jdt.internal.junit.model.TestRunSession$TestSessionNotifier.testStarted(TestRunSession.java:641)
	at org.eclipse.jdt.internal.junit.model.RemoteTestRunnerClient$5.run(RemoteTestRunnerClient.java:535)
	at org.eclipse.core.runtime.SafeRunner.run(SafeRunner.java:42)
	at org.eclipse.jdt.internal.junit.model.RemoteTestRunnerClient.notifyTestStarted(RemoteTestRunnerClient.java:532)
	at org.eclipse.jdt.internal.junit.model.RemoteTestRunnerClient.access$6(RemoteTestRunnerClient.java:527)
	at org.eclipse.jdt.internal.junit.model.RemoteTestRunnerClient$DefaultProcessingState.readMessage(RemoteTestRunnerClient.java:87)
	at org.eclipse.jdt.internal.junit.model.RemoteTestRunnerClient.receiveMessage(RemoteTestRunnerClient.java:375)
	at org.eclipse.jdt.internal.junit.model.RemoteTestRunnerClient.access$27(RemoteTestRunnerClient.java:374)
	at org.eclipse.jdt.internal.junit.model.RemoteTestRunnerClient$ServerConnection.run(RemoteTestRunnerClient.java:272)

!ENTRY org.eclipse.jdt.junit.core 4 4 2017-08-27 19:29:07.034
!MESSAGE Error
!STACK 0
java.lang.Exception: Unexpected TestElement type for testId '8': TestSuite: Scenario: Successful LogOut : Completed - Error (3)
	at org.eclipse.jdt.internal.junit.model.TestRunSession$TestSessionNotifier.logUnexpectedTest(TestRunSession.java:737)
	at org.eclipse.jdt.internal.junit.model.TestRunSession$TestSessionNotifier.testEnded(TestRunSession.java:667)
	at org.eclipse.jdt.internal.junit.model.RemoteTestRunnerClient$4.run(RemoteTestRunnerClient.java:521)
	at org.eclipse.core.runtime.SafeRunner.run(SafeRunner.java:42)
	at org.eclipse.jdt.internal.junit.model.RemoteTestRunnerClient.notifyTestEnded(RemoteTestRunnerClient.java:518)
	at org.eclipse.jdt.internal.junit.model.RemoteTestRunnerClient.access$7(RemoteTestRunnerClient.java:513)
	at org.eclipse.jdt.internal.junit.model.RemoteTestRunnerClient$DefaultProcessingState.readMessage(RemoteTestRunnerClient.java:91)
	at org.eclipse.jdt.internal.junit.model.RemoteTestRunnerClient.receiveMessage(RemoteTestRunnerClient.java:375)
	at org.eclipse.jdt.internal.junit.model.RemoteTestRunnerClient.access$27(RemoteTestRunnerClient.java:374)
	at org.eclipse.jdt.internal.junit.model.RemoteTestRunnerClient$ServerConnection.run(RemoteTestRunnerClient.java:272)

!ENTRY org.eclipse.jdt.junit.core 4 4 2017-08-27 19:30:16.984
!MESSAGE Error
!STACK 0
java.lang.Exception: Unexpected TestElement type for testId '3': TestSuite: Scenario: Successful Login with Valid Credentials : Not Started - Undefined (4)
	at org.eclipse.jdt.internal.junit.model.TestRunSession$TestSessionNotifier.logUnexpectedTest(TestRunSession.java:737)
	at org.eclipse.jdt.internal.junit.model.TestRunSession$TestSessionNotifier.testStarted(TestRunSession.java:641)
	at org.eclipse.jdt.internal.junit.model.RemoteTestRunnerClient$5.run(RemoteTestRunnerClient.java:535)
	at org.eclipse.core.runtime.SafeRunner.run(SafeRunner.java:42)
	at org.eclipse.jdt.internal.junit.model.RemoteTestRunnerClient.notifyTestStarted(RemoteTestRunnerClient.java:532)
	at org.eclipse.jdt.internal.junit.model.RemoteTestRunnerClient.access$6(RemoteTestRunnerClient.java:527)
	at org.eclipse.jdt.internal.junit.model.RemoteTestRunnerClient$DefaultProcessingState.readMessage(RemoteTestRunnerClient.java:87)
	at org.eclipse.jdt.internal.junit.model.RemoteTestRunnerClient.receiveMessage(RemoteTestRunnerClient.java:375)
	at org.eclipse.jdt.internal.junit.model.RemoteTestRunnerClient.access$27(RemoteTestRunnerClient.java:374)
	at org.eclipse.jdt.internal.junit.model.RemoteTestRunnerClient$ServerConnection.run(RemoteTestRunnerClient.java:272)

!ENTRY org.eclipse.jdt.junit.core 4 4 2017-08-27 19:31:01.382
!MESSAGE Error
!STACK 0
java.lang.Exception: Unexpected TestElement type for testId '3': TestSuite: Scenario: Successful Login with Valid Credentials : Completed - OK (4)
	at org.eclipse.jdt.internal.junit.model.TestRunSession$TestSessionNotifier.logUnexpectedTest(TestRunSession.java:737)
	at org.eclipse.jdt.internal.junit.model.TestRunSession$TestSessionNotifier.testEnded(TestRunSession.java:667)
	at org.eclipse.jdt.internal.junit.model.RemoteTestRunnerClient$4.run(RemoteTestRunnerClient.java:521)
	at org.eclipse.core.runtime.SafeRunner.run(SafeRunner.java:42)
	at org.eclipse.jdt.internal.junit.model.RemoteTestRunnerClient.notifyTestEnded(RemoteTestRunnerClient.java:518)
	at org.eclipse.jdt.internal.junit.model.RemoteTestRunnerClient.access$7(RemoteTestRunnerClient.java:513)
	at org.eclipse.jdt.internal.junit.model.RemoteTestRunnerClient$DefaultProcessingState.readMessage(RemoteTestRunnerClient.java:91)
	at org.eclipse.jdt.internal.junit.model.RemoteTestRunnerClient.receiveMessage(RemoteTestRunnerClient.java:375)
	at org.eclipse.jdt.internal.junit.model.RemoteTestRunnerClient.access$27(RemoteTestRunnerClient.java:374)
	at org.eclipse.jdt.internal.junit.model.RemoteTestRunnerClient$ServerConnection.run(RemoteTestRunnerClient.java:272)

!ENTRY org.eclipse.jdt.junit.core 4 4 2017-08-27 19:31:01.387
!MESSAGE Error
!STACK 0
java.lang.Exception: Unexpected TestElement type for testId '8': TestSuite: Scenario: Successful LogOut : Not Started - Undefined (3)
	at org.eclipse.jdt.internal.junit.model.TestRunSession$TestSessionNotifier.logUnexpectedTest(TestRunSession.java:737)
	at org.eclipse.jdt.internal.junit.model.TestRunSession$TestSessionNotifier.testStarted(TestRunSession.java:641)
	at org.eclipse.jdt.internal.junit.model.RemoteTestRunnerClient$5.run(RemoteTestRunnerClient.java:535)
	at org.eclipse.core.runtime.SafeRunner.run(SafeRunner.java:42)
	at org.eclipse.jdt.internal.junit.model.RemoteTestRunnerClient.notifyTestStarted(RemoteTestRunnerClient.java:532)
	at org.eclipse.jdt.internal.junit.model.RemoteTestRunnerClient.access$6(RemoteTestRunnerClient.java:527)
	at org.eclipse.jdt.internal.junit.model.RemoteTestRunnerClient$DefaultProcessingState.readMessage(RemoteTestRunnerClient.java:87)
	at org.eclipse.jdt.internal.junit.model.RemoteTestRunnerClient.receiveMessage(RemoteTestRunnerClient.java:375)
	at org.eclipse.jdt.internal.junit.model.RemoteTestRunnerClient.access$27(RemoteTestRunnerClient.java:374)
	at org.eclipse.jdt.internal.junit.model.RemoteTestRunnerClient$ServerConnection.run(RemoteTestRunnerClient.java:272)

!ENTRY org.eclipse.jdt.junit.core 4 4 2017-08-27 19:31:10.165
!MESSAGE Error
!STACK 0
java.lang.Exception: Unexpected TestElement type for testId '8': TestSuite: Scenario: Successful LogOut : Completed - OK (3)
	at org.eclipse.jdt.internal.junit.model.TestRunSession$TestSessionNotifier.logUnexpectedTest(TestRunSession.java:737)
	at org.eclipse.jdt.internal.junit.model.TestRunSession$TestSessionNotifier.testEnded(TestRunSession.java:667)
	at org.eclipse.jdt.internal.junit.model.RemoteTestRunnerClient$4.run(RemoteTestRunnerClient.java:521)
	at org.eclipse.core.runtime.SafeRunner.run(SafeRunner.java:42)
	at org.eclipse.jdt.internal.junit.model.RemoteTestRunnerClient.notifyTestEnded(RemoteTestRunnerClient.java:518)
	at org.eclipse.jdt.internal.junit.model.RemoteTestRunnerClient.access$7(RemoteTestRunnerClient.java:513)
	at org.eclipse.jdt.internal.junit.model.RemoteTestRunnerClient$DefaultProcessingState.readMessage(RemoteTestRunnerClient.java:91)
	at org.eclipse.jdt.internal.junit.model.RemoteTestRunnerClient.receiveMessage(RemoteTestRunnerClient.java:375)
	at org.eclipse.jdt.internal.junit.model.RemoteTestRunnerClient.access$27(RemoteTestRunnerClient.java:374)
	at org.eclipse.jdt.internal.junit.model.RemoteTestRunnerClient$ServerConnection.run(RemoteTestRunnerClient.java:272)
